[0.010s] Invoking command in '/home/voltamon48/ros_test/build/rcl_utils': CMAKE_PREFIX_PATH=${CMAKE_PREFIX_PATH}:/opt/ros/jazzy DEBUGINFOD_URLS=https://debuginfod.ubuntu.com /usr/bin/cmake /home/voltamon48/ros_test/src/rcl_utils -DCMAKE_INSTALL_PREFIX=/home/voltamon48/ros_test/install/rcl_utils
[0.062s] -- The C compiler identification is GNU 13.3.0
[0.074s] -- Detecting C compiler ABI info
[0.143s] -- Detecting C compiler ABI info - done
[0.152s] -- Check for working C compiler: /usr/bin/cc - skipped
[0.152s] -- Detecting C compile features
[0.153s] -- Detecting C compile features - done
[0.154s] -- Found ament_cmake: 2.5.5 (/opt/ros/jazzy/share/ament_cmake/cmake)
[0.272s] -- Found Python3: /usr/bin/python3 (found version "3.12.3") found components: Interpreter 
[0.354s] -- Found rcl: 9.2.9 (/opt/ros/jazzy/share/rcl/cmake)
[0.383s] -- Found rosidl_generator_c: 4.6.7 (/opt/ros/jazzy/share/rosidl_generator_c/cmake)
[0.394s] -- Found rosidl_generator_cpp: 4.6.7 (/opt/ros/jazzy/share/rosidl_generator_cpp/cmake)
[0.408s] -- Using all available rosidl_typesupport_c: rosidl_typesupport_fastrtps_c;rosidl_typesupport_introspection_c
[0.422s] -- Using all available rosidl_typesupport_cpp: rosidl_typesupport_fastrtps_cpp;rosidl_typesupport_introspection_cpp
[0.481s] -- Found rmw_implementation_cmake: 7.3.3 (/opt/ros/jazzy/share/rmw_implementation_cmake/cmake)
[0.482s] -- Found rmw_fastrtps_cpp: 8.4.3 (/opt/ros/jazzy/share/rmw_fastrtps_cpp/cmake)
[0.537s] -- Found OpenSSL: /usr/lib/x86_64-linux-gnu/libcrypto.so (found version "3.0.13")  
[0.555s] -- Found FastRTPS: /opt/ros/jazzy/include (Required is at least version "2.13") 
[0.581s] -- Using RMW implementation 'rmw_fastrtps_cpp' as default
[0.608s] -- Found std_msgs: 5.3.6 (/opt/ros/jazzy/share/std_msgs/cmake)
[0.711s] -- Configuring done (0.7s)
[0.718s] -- Generating done (0.0s)
[0.721s] -- Build files have been written to: /home/voltamon48/ros_test/build/rcl_utils
[0.728s] Invoked command in '/home/voltamon48/ros_test/build/rcl_utils' returned '0': CMAKE_PREFIX_PATH=${CMAKE_PREFIX_PATH}:/opt/ros/jazzy DEBUGINFOD_URLS=https://debuginfod.ubuntu.com /usr/bin/cmake /home/voltamon48/ros_test/src/rcl_utils -DCMAKE_INSTALL_PREFIX=/home/voltamon48/ros_test/install/rcl_utils
[0.729s] Invoking command in '/home/voltamon48/ros_test/build/rcl_utils': CMAKE_PREFIX_PATH=${CMAKE_PREFIX_PATH}:/opt/ros/jazzy DEBUGINFOD_URLS=https://debuginfod.ubuntu.com /usr/bin/cmake --build /home/voltamon48/ros_test/build/rcl_utils -- -j8 -l8
[0.767s] [ 80%] [32mBuilding C object CMakeFiles/node_impl.dir/src/ros.c.o[0m
[0.768s] [ 80%] [32mBuilding C object CMakeFiles/node_impl.dir/src/main.c.o[0m
[0.768s] [ 80%] [32mBuilding C object CMakeFiles/node_impl.dir/src/node.c.o[0m
[0.768s] [ 80%] [32mBuilding C object CMakeFiles/node_impl.dir/src/error.c.o[0m
[0.856s] [100%] [32m[1mLinking C executable node_impl[0m
[0.926s] [100%] Built target node_impl
[0.934s] Invoked command in '/home/voltamon48/ros_test/build/rcl_utils' returned '0': CMAKE_PREFIX_PATH=${CMAKE_PREFIX_PATH}:/opt/ros/jazzy DEBUGINFOD_URLS=https://debuginfod.ubuntu.com /usr/bin/cmake --build /home/voltamon48/ros_test/build/rcl_utils -- -j8 -l8
[0.942s] Invoking command in '/home/voltamon48/ros_test/build/rcl_utils': CMAKE_PREFIX_PATH=${CMAKE_PREFIX_PATH}:/opt/ros/jazzy DEBUGINFOD_URLS=https://debuginfod.ubuntu.com /usr/bin/cmake --install /home/voltamon48/ros_test/build/rcl_utils
[0.948s] -- Install configuration: ""
[0.948s] -- Installing: /home/voltamon48/ros_test/install/rcl_utils/lib/rcl_utils/node_impl
[0.949s] -- Set non-toolchain portion of runtime path of "/home/voltamon48/ros_test/install/rcl_utils/lib/rcl_utils/node_impl" to ""
[0.949s] -- Installing: /home/voltamon48/ros_test/install/rcl_utils/share/ament_index/resource_index/package_run_dependencies/rcl_utils
[0.949s] -- Installing: /home/voltamon48/ros_test/install/rcl_utils/share/ament_index/resource_index/parent_prefix_path/rcl_utils
[0.949s] -- Installing: /home/voltamon48/ros_test/install/rcl_utils/share/rcl_utils/environment/ament_prefix_path.sh
[0.949s] -- Installing: /home/voltamon48/ros_test/install/rcl_utils/share/rcl_utils/environment/ament_prefix_path.dsv
[0.949s] -- Installing: /home/voltamon48/ros_test/install/rcl_utils/share/rcl_utils/environment/path.sh
[0.950s] -- Installing: /home/voltamon48/ros_test/install/rcl_utils/share/rcl_utils/environment/path.dsv
[0.950s] -- Installing: /home/voltamon48/ros_test/install/rcl_utils/share/rcl_utils/local_setup.bash
[0.950s] -- Installing: /home/voltamon48/ros_test/install/rcl_utils/share/rcl_utils/local_setup.sh
[0.950s] -- Installing: /home/voltamon48/ros_test/install/rcl_utils/share/rcl_utils/local_setup.zsh
[0.950s] -- Installing: /home/voltamon48/ros_test/install/rcl_utils/share/rcl_utils/local_setup.dsv
[0.950s] -- Installing: /home/voltamon48/ros_test/install/rcl_utils/share/rcl_utils/package.dsv
[0.950s] -- Installing: /home/voltamon48/ros_test/install/rcl_utils/share/ament_index/resource_index/packages/rcl_utils
[0.950s] -- Installing: /home/voltamon48/ros_test/install/rcl_utils/share/rcl_utils/cmake/rcl_utilsConfig.cmake
[0.950s] -- Installing: /home/voltamon48/ros_test/install/rcl_utils/share/rcl_utils/cmake/rcl_utilsConfig-version.cmake
[0.950s] -- Installing: /home/voltamon48/ros_test/install/rcl_utils/share/rcl_utils/package.xml
[0.952s] Invoked command in '/home/voltamon48/ros_test/build/rcl_utils' returned '0': CMAKE_PREFIX_PATH=${CMAKE_PREFIX_PATH}:/opt/ros/jazzy DEBUGINFOD_URLS=https://debuginfod.ubuntu.com /usr/bin/cmake --install /home/voltamon48/ros_test/build/rcl_utils
