[1.478s] Invoking command in '/home/voltamon48/ros_test/src/topic_activity': DEBUGINFOD_URLS=https://debuginfod.ubuntu.com PYTHONPATH=/home/voltamon48/ros_test/build/topic_activity/prefix_override:/usr/lib/python3/dist-packages/colcon_core/task/python/colcon_distutils_commands:/home/voltamon48/ros_test/install/topic_activity/lib/python3.12/site-packages:${PYTHONPATH} /usr/bin/python3 -W ignore:setup.py install is deprecated -W ignore:easy_install command is deprecated setup.py egg_info --egg-base ../../build/topic_activity build --build-base /home/voltamon48/ros_test/build/topic_activity/build install --record /home/voltamon48/ros_test/build/topic_activity/install.log --single-version-externally-managed install_data
[1.847s] running egg_info
[1.873s] writing ../../build/topic_activity/topic_activity.egg-info/PKG-INFO
[1.874s] writing dependency_links to ../../build/topic_activity/topic_activity.egg-info/dependency_links.txt
[1.874s] writing entry points to ../../build/topic_activity/topic_activity.egg-info/entry_points.txt
[1.874s] writing requirements to ../../build/topic_activity/topic_activity.egg-info/requires.txt
[1.874s] writing top-level names to ../../build/topic_activity/topic_activity.egg-info/top_level.txt
[1.933s] reading manifest file '../../build/topic_activity/topic_activity.egg-info/SOURCES.txt'
[1.934s] writing manifest file '../../build/topic_activity/topic_activity.egg-info/SOURCES.txt'
[1.934s] running build
[1.934s] running build_py
[1.935s] running install
[1.945s] running install_lib
[1.975s] running install_data
[1.975s] running install_egg_info
[2.005s] removing '/home/voltamon48/ros_test/install/topic_activity/lib/python3.12/site-packages/topic_activity-0.0.0-py3.12.egg-info' (and everything under it)
[2.006s] Copying ../../build/topic_activity/topic_activity.egg-info to /home/voltamon48/ros_test/install/topic_activity/lib/python3.12/site-packages/topic_activity-0.0.0-py3.12.egg-info
[2.007s] running install_scripts
[2.196s] Installing num_count script to /home/voltamon48/ros_test/install/topic_activity/lib/topic_activity
[2.197s] Installing num_pub script to /home/voltamon48/ros_test/install/topic_activity/lib/topic_activity
[2.197s] writing list of installed files to '/home/voltamon48/ros_test/build/topic_activity/install.log'
[2.258s] Invoked command in '/home/voltamon48/ros_test/src/topic_activity' returned '0': DEBUGINFOD_URLS=https://debuginfod.ubuntu.com PYTHONPATH=/home/voltamon48/ros_test/build/topic_activity/prefix_override:/usr/lib/python3/dist-packages/colcon_core/task/python/colcon_distutils_commands:/home/voltamon48/ros_test/install/topic_activity/lib/python3.12/site-packages:${PYTHONPATH} /usr/bin/python3 -W ignore:setup.py install is deprecated -W ignore:easy_install command is deprecated setup.py egg_info --egg-base ../../build/topic_activity build --build-base /home/voltamon48/ros_test/build/topic_activity/build install --record /home/voltamon48/ros_test/build/topic_activity/install.log --single-version-externally-managed install_data
