[0.108s] DEBUG:colcon:Command line arguments: ['/usr/bin/colcon', 'build']
[0.108s] DEBUG:colcon:Parsed command line arguments: Namespace(log_base=None, log_level=None, verb_name='build', build_base='build', install_base='install', merge_install=False, symlink_install=False, test_result_base=None, continue_on_error=False, executor='parallel', parallel_workers=8, event_handlers=None, ignore_user_meta=False, metas=['./colcon.meta'], base_paths=['.'], packages_ignore=None, packages_ignore_regex=None, paths=None, packages_up_to=None, packages_up_to_regex=None, packages_above=None, packages_above_and_dependencies=None, packages_above_depth=None, packages_select_by_dep=None, packages_skip_by_dep=None, packages_skip_up_to=None, packages_select_build_failed=False, packages_skip_build_finished=False, packages_select_test_failures=False, packages_skip_test_passed=False, packages_select=None, packages_skip=None, packages_select_regex=None, packages_skip_regex=None, packages_start=None, packages_end=None, allow_overriding=[], cmake_args=None, cmake_target=None, cmake_target_skip_unavailable=False, cmake_clean_cache=False, cmake_clean_first=False, cmake_force_configure=False, ament_cmake_args=None, catkin_cmake_args=None, catkin_skip_building_tests=False, mixin_files=None, mixin=None, verb_parser=<colcon_mixin.mixin.mixin_argument.MixinArgumentDecorator object at 0x79fb63e6aea0>, verb_extension=<colcon_core.verb.build.BuildVerb object at 0x79fb63fb02f0>, main=<bound method BuildVerb.main of <colcon_core.verb.build.BuildVerb object at 0x79fb63fb02f0>>, mixin_verb=('build',))
[0.143s] Level 1:colcon.colcon_core.package_discovery:discover_packages(colcon_meta) check parameters
[0.143s] Level 1:colcon.colcon_core.package_discovery:discover_packages(recursive) check parameters
[0.143s] Level 1:colcon.colcon_core.package_discovery:discover_packages(ignore) check parameters
[0.143s] Level 1:colcon.colcon_core.package_discovery:discover_packages(path) check parameters
[0.144s] Level 1:colcon.colcon_core.package_discovery:discover_packages(colcon_meta) discover
[0.144s] Level 1:colcon.colcon_core.package_discovery:discover_packages(recursive) discover
[0.144s] INFO:colcon.colcon_core.package_discovery:Crawling recursively for packages in '/home/voltamon48/ros_test'
[0.144s] Level 1:colcon.colcon_core.package_identification:_identify(.) by extensions ['ignore', 'ignore_ament_install']
[0.144s] Level 1:colcon.colcon_core.package_identification:_identify(.) by extension 'ignore'
[0.144s] Level 1:colcon.colcon_core.package_identification:_identify(.) by extension 'ignore_ament_install'
[0.144s] Level 1:colcon.colcon_core.package_identification:_identify(.) by extensions ['colcon_pkg']
[0.144s] Level 1:colcon.colcon_core.package_identification:_identify(.) by extension 'colcon_pkg'
[0.144s] Level 1:colcon.colcon_core.package_identification:_identify(.) by extensions ['colcon_meta']
[0.144s] Level 1:colcon.colcon_core.package_identification:_identify(.) by extension 'colcon_meta'
[0.144s] Level 1:colcon.colcon_core.package_identification:_identify(.) by extensions ['ros']
[0.144s] Level 1:colcon.colcon_core.package_identification:_identify(.) by extension 'ros'
[0.169s] Level 1:colcon.colcon_core.package_identification:_identify(.) by extensions ['cmake', 'python']
[0.169s] Level 1:colcon.colcon_core.package_identification:_identify(.) by extension 'cmake'
[0.169s] Level 1:colcon.colcon_core.package_identification:_identify(.) by extension 'python'
[0.169s] Level 1:colcon.colcon_core.package_identification:_identify(.) by extensions ['python_setup_py']
[0.169s] Level 1:colcon.colcon_core.package_identification:_identify(.) by extension 'python_setup_py'
[0.169s] Level 1:colcon.colcon_core.package_identification:_identify(bags) by extensions ['ignore', 'ignore_ament_install']
[0.169s] Level 1:colcon.colcon_core.package_identification:_identify(bags) by extension 'ignore'
[0.169s] Level 1:colcon.colcon_core.package_identification:_identify(bags) by extension 'ignore_ament_install'
[0.170s] Level 1:colcon.colcon_core.package_identification:_identify(bags) by extensions ['colcon_pkg']
[0.170s] Level 1:colcon.colcon_core.package_identification:_identify(bags) by extension 'colcon_pkg'
[0.170s] Level 1:colcon.colcon_core.package_identification:_identify(bags) by extensions ['colcon_meta']
[0.170s] Level 1:colcon.colcon_core.package_identification:_identify(bags) by extension 'colcon_meta'
[0.170s] Level 1:colcon.colcon_core.package_identification:_identify(bags) by extensions ['ros']
[0.170s] Level 1:colcon.colcon_core.package_identification:_identify(bags) by extension 'ros'
[0.170s] Level 1:colcon.colcon_core.package_identification:_identify(bags) by extensions ['cmake', 'python']
[0.170s] Level 1:colcon.colcon_core.package_identification:_identify(bags) by extension 'cmake'
[0.170s] Level 1:colcon.colcon_core.package_identification:_identify(bags) by extension 'python'
[0.170s] Level 1:colcon.colcon_core.package_identification:_identify(bags) by extensions ['python_setup_py']
[0.170s] Level 1:colcon.colcon_core.package_identification:_identify(bags) by extension 'python_setup_py'
[0.170s] Level 1:colcon.colcon_core.package_identification:_identify(bags/count) by extensions ['ignore', 'ignore_ament_install']
[0.170s] Level 1:colcon.colcon_core.package_identification:_identify(bags/count) by extension 'ignore'
[0.170s] Level 1:colcon.colcon_core.package_identification:_identify(bags/count) by extension 'ignore_ament_install'
[0.170s] Level 1:colcon.colcon_core.package_identification:_identify(bags/count) by extensions ['colcon_pkg']
[0.170s] Level 1:colcon.colcon_core.package_identification:_identify(bags/count) by extension 'colcon_pkg'
[0.170s] Level 1:colcon.colcon_core.package_identification:_identify(bags/count) by extensions ['colcon_meta']
[0.170s] Level 1:colcon.colcon_core.package_identification:_identify(bags/count) by extension 'colcon_meta'
[0.171s] Level 1:colcon.colcon_core.package_identification:_identify(bags/count) by extensions ['ros']
[0.171s] Level 1:colcon.colcon_core.package_identification:_identify(bags/count) by extension 'ros'
[0.171s] Level 1:colcon.colcon_core.package_identification:_identify(bags/count) by extensions ['cmake', 'python']
[0.171s] Level 1:colcon.colcon_core.package_identification:_identify(bags/count) by extension 'cmake'
[0.171s] Level 1:colcon.colcon_core.package_identification:_identify(bags/count) by extension 'python'
[0.171s] Level 1:colcon.colcon_core.package_identification:_identify(bags/count) by extensions ['python_setup_py']
[0.171s] Level 1:colcon.colcon_core.package_identification:_identify(bags/count) by extension 'python_setup_py'
[0.171s] Level 1:colcon.colcon_core.package_identification:_identify(bags/data) by extensions ['ignore', 'ignore_ament_install']
[0.171s] Level 1:colcon.colcon_core.package_identification:_identify(bags/data) by extension 'ignore'
[0.171s] Level 1:colcon.colcon_core.package_identification:_identify(bags/data) by extension 'ignore_ament_install'
[0.171s] Level 1:colcon.colcon_core.package_identification:_identify(bags/data) by extensions ['colcon_pkg']
[0.171s] Level 1:colcon.colcon_core.package_identification:_identify(bags/data) by extension 'colcon_pkg'
[0.171s] Level 1:colcon.colcon_core.package_identification:_identify(bags/data) by extensions ['colcon_meta']
[0.171s] Level 1:colcon.colcon_core.package_identification:_identify(bags/data) by extension 'colcon_meta'
[0.171s] Level 1:colcon.colcon_core.package_identification:_identify(bags/data) by extensions ['ros']
[0.171s] Level 1:colcon.colcon_core.package_identification:_identify(bags/data) by extension 'ros'
[0.171s] Level 1:colcon.colcon_core.package_identification:_identify(bags/data) by extensions ['cmake', 'python']
[0.171s] Level 1:colcon.colcon_core.package_identification:_identify(bags/data) by extension 'cmake'
[0.171s] Level 1:colcon.colcon_core.package_identification:_identify(bags/data) by extension 'python'
[0.172s] Level 1:colcon.colcon_core.package_identification:_identify(bags/data) by extensions ['python_setup_py']
[0.172s] Level 1:colcon.colcon_core.package_identification:_identify(bags/data) by extension 'python_setup_py'
[0.172s] Level 1:colcon.colcon_core.package_identification:_identify(build) by extensions ['ignore', 'ignore_ament_install']
[0.172s] Level 1:colcon.colcon_core.package_identification:_identify(build) by extension 'ignore'
[0.172s] Level 1:colcon.colcon_core.package_identification:_identify(build) ignored
[0.172s] Level 1:colcon.colcon_core.package_identification:_identify(install) by extensions ['ignore', 'ignore_ament_install']
[0.172s] Level 1:colcon.colcon_core.package_identification:_identify(install) by extension 'ignore'
[0.172s] Level 1:colcon.colcon_core.package_identification:_identify(install) ignored
[0.172s] Level 1:colcon.colcon_core.package_identification:_identify(log) by extensions ['ignore', 'ignore_ament_install']
[0.172s] Level 1:colcon.colcon_core.package_identification:_identify(log) by extension 'ignore'
[0.172s] Level 1:colcon.colcon_core.package_identification:_identify(log) ignored
[0.172s] Level 1:colcon.colcon_core.package_identification:_identify(src) by extensions ['ignore', 'ignore_ament_install']
[0.172s] Level 1:colcon.colcon_core.package_identification:_identify(src) by extension 'ignore'
[0.173s] Level 1:colcon.colcon_core.package_identification:_identify(src) by extension 'ignore_ament_install'
[0.173s] Level 1:colcon.colcon_core.package_identification:_identify(src) by extensions ['colcon_pkg']
[0.173s] Level 1:colcon.colcon_core.package_identification:_identify(src) by extension 'colcon_pkg'
[0.173s] Level 1:colcon.colcon_core.package_identification:_identify(src) by extensions ['colcon_meta']
[0.173s] Level 1:colcon.colcon_core.package_identification:_identify(src) by extension 'colcon_meta'
[0.173s] Level 1:colcon.colcon_core.package_identification:_identify(src) by extensions ['ros']
[0.173s] Level 1:colcon.colcon_core.package_identification:_identify(src) by extension 'ros'
[0.173s] Level 1:colcon.colcon_core.package_identification:_identify(src) by extensions ['cmake', 'python']
[0.173s] Level 1:colcon.colcon_core.package_identification:_identify(src) by extension 'cmake'
[0.173s] Level 1:colcon.colcon_core.package_identification:_identify(src) by extension 'python'
[0.173s] Level 1:colcon.colcon_core.package_identification:_identify(src) by extensions ['python_setup_py']
[0.173s] Level 1:colcon.colcon_core.package_identification:_identify(src) by extension 'python_setup_py'
[0.173s] Level 1:colcon.colcon_core.package_identification:_identify(src/data_interface_bridge) by extensions ['ignore', 'ignore_ament_install']
[0.173s] Level 1:colcon.colcon_core.package_identification:_identify(src/data_interface_bridge) by extension 'ignore'
[0.173s] Level 1:colcon.colcon_core.package_identification:_identify(src/data_interface_bridge) by extension 'ignore_ament_install'
[0.173s] Level 1:colcon.colcon_core.package_identification:_identify(src/data_interface_bridge) by extensions ['colcon_pkg']
[0.173s] Level 1:colcon.colcon_core.package_identification:_identify(src/data_interface_bridge) by extension 'colcon_pkg'
[0.173s] Level 1:colcon.colcon_core.package_identification:_identify(src/data_interface_bridge) by extensions ['colcon_meta']
[0.173s] Level 1:colcon.colcon_core.package_identification:_identify(src/data_interface_bridge) by extension 'colcon_meta'
[0.174s] Level 1:colcon.colcon_core.package_identification:_identify(src/data_interface_bridge) by extensions ['ros']
[0.174s] Level 1:colcon.colcon_core.package_identification:_identify(src/data_interface_bridge) by extension 'ros'
[0.176s] DEBUG:colcon.colcon_core.package_identification:Package 'src/data_interface_bridge' with type 'ros.ament_python' and name 'data_interface_bridge'
[0.176s] Level 1:colcon.colcon_core.package_identification:_identify(src/json_interfce_bridge) by extensions ['ignore', 'ignore_ament_install']
[0.176s] Level 1:colcon.colcon_core.package_identification:_identify(src/json_interfce_bridge) by extension 'ignore'
[0.176s] Level 1:colcon.colcon_core.package_identification:_identify(src/json_interfce_bridge) by extension 'ignore_ament_install'
[0.176s] Level 1:colcon.colcon_core.package_identification:_identify(src/json_interfce_bridge) by extensions ['colcon_pkg']
[0.176s] Level 1:colcon.colcon_core.package_identification:_identify(src/json_interfce_bridge) by extension 'colcon_pkg'
[0.176s] Level 1:colcon.colcon_core.package_identification:_identify(src/json_interfce_bridge) by extensions ['colcon_meta']
[0.176s] Level 1:colcon.colcon_core.package_identification:_identify(src/json_interfce_bridge) by extension 'colcon_meta'
[0.176s] Level 1:colcon.colcon_core.package_identification:_identify(src/json_interfce_bridge) by extensions ['ros']
[0.176s] Level 1:colcon.colcon_core.package_identification:_identify(src/json_interfce_bridge) by extension 'ros'
[0.177s] DEBUG:colcon.colcon_core.package_identification:Package 'src/json_interfce_bridge' with type 'ros.ament_python' and name 'json_interfce_bridge'
[0.177s] Level 1:colcon.colcon_core.package_identification:_identify(src/launch_pkg) by extensions ['ignore', 'ignore_ament_install']
[0.177s] Level 1:colcon.colcon_core.package_identification:_identify(src/launch_pkg) by extension 'ignore'
[0.177s] Level 1:colcon.colcon_core.package_identification:_identify(src/launch_pkg) by extension 'ignore_ament_install'
[0.177s] Level 1:colcon.colcon_core.package_identification:_identify(src/launch_pkg) by extensions ['colcon_pkg']
[0.177s] Level 1:colcon.colcon_core.package_identification:_identify(src/launch_pkg) by extension 'colcon_pkg'
[0.177s] Level 1:colcon.colcon_core.package_identification:_identify(src/launch_pkg) by extensions ['colcon_meta']
[0.177s] Level 1:colcon.colcon_core.package_identification:_identify(src/launch_pkg) by extension 'colcon_meta'
[0.177s] Level 1:colcon.colcon_core.package_identification:_identify(src/launch_pkg) by extensions ['ros']
[0.177s] Level 1:colcon.colcon_core.package_identification:_identify(src/launch_pkg) by extension 'ros'
[0.178s] DEBUG:colcon.colcon_core.package_identification:Package 'src/launch_pkg' with type 'ros.ament_python' and name 'launch_pkg'
[0.178s] Level 1:colcon.colcon_core.package_identification:_identify(src/service_activity) by extensions ['ignore', 'ignore_ament_install']
[0.178s] Level 1:colcon.colcon_core.package_identification:_identify(src/service_activity) by extension 'ignore'
[0.178s] Level 1:colcon.colcon_core.package_identification:_identify(src/service_activity) by extension 'ignore_ament_install'
[0.178s] Level 1:colcon.colcon_core.package_identification:_identify(src/service_activity) by extensions ['colcon_pkg']
[0.178s] Level 1:colcon.colcon_core.package_identification:_identify(src/service_activity) by extension 'colcon_pkg'
[0.178s] Level 1:colcon.colcon_core.package_identification:_identify(src/service_activity) by extensions ['colcon_meta']
[0.178s] Level 1:colcon.colcon_core.package_identification:_identify(src/service_activity) by extension 'colcon_meta'
[0.178s] Level 1:colcon.colcon_core.package_identification:_identify(src/service_activity) by extensions ['ros']
[0.178s] Level 1:colcon.colcon_core.package_identification:_identify(src/service_activity) by extension 'ros'
[0.179s] DEBUG:colcon.colcon_core.package_identification:Package 'src/service_activity' with type 'ros.ament_python' and name 'service_activity'
[0.179s] Level 1:colcon.colcon_core.package_identification:_identify(src/test_pkg) by extensions ['ignore', 'ignore_ament_install']
[0.179s] Level 1:colcon.colcon_core.package_identification:_identify(src/test_pkg) by extension 'ignore'
[0.179s] Level 1:colcon.colcon_core.package_identification:_identify(src/test_pkg) by extension 'ignore_ament_install'
[0.179s] Level 1:colcon.colcon_core.package_identification:_identify(src/test_pkg) by extensions ['colcon_pkg']
[0.179s] Level 1:colcon.colcon_core.package_identification:_identify(src/test_pkg) by extension 'colcon_pkg'
[0.179s] Level 1:colcon.colcon_core.package_identification:_identify(src/test_pkg) by extensions ['colcon_meta']
[0.179s] Level 1:colcon.colcon_core.package_identification:_identify(src/test_pkg) by extension 'colcon_meta'
[0.179s] Level 1:colcon.colcon_core.package_identification:_identify(src/test_pkg) by extensions ['ros']
[0.179s] Level 1:colcon.colcon_core.package_identification:_identify(src/test_pkg) by extension 'ros'
[0.180s] DEBUG:colcon.colcon_core.package_identification:Package 'src/test_pkg' with type 'ros.ament_python' and name 'test_pkg'
[0.180s] Level 1:colcon.colcon_core.package_identification:_identify(src/topic_activity) by extensions ['ignore', 'ignore_ament_install']
[0.180s] Level 1:colcon.colcon_core.package_identification:_identify(src/topic_activity) by extension 'ignore'
[0.180s] Level 1:colcon.colcon_core.package_identification:_identify(src/topic_activity) by extension 'ignore_ament_install'
[0.180s] Level 1:colcon.colcon_core.package_identification:_identify(src/topic_activity) by extensions ['colcon_pkg']
[0.180s] Level 1:colcon.colcon_core.package_identification:_identify(src/topic_activity) by extension 'colcon_pkg'
[0.180s] Level 1:colcon.colcon_core.package_identification:_identify(src/topic_activity) by extensions ['colcon_meta']
[0.180s] Level 1:colcon.colcon_core.package_identification:_identify(src/topic_activity) by extension 'colcon_meta'
[0.180s] Level 1:colcon.colcon_core.package_identification:_identify(src/topic_activity) by extensions ['ros']
[0.180s] Level 1:colcon.colcon_core.package_identification:_identify(src/topic_activity) by extension 'ros'
[0.181s] DEBUG:colcon.colcon_core.package_identification:Package 'src/topic_activity' with type 'ros.ament_python' and name 'topic_activity'
[0.181s] Level 1:colcon.colcon_core.package_discovery:discover_packages(recursive) using defaults
[0.181s] Level 1:colcon.colcon_core.package_discovery:discover_packages(ignore) discover
[0.181s] Level 1:colcon.colcon_core.package_discovery:discover_packages(ignore) using defaults
[0.181s] Level 1:colcon.colcon_core.package_discovery:discover_packages(path) discover
[0.181s] Level 1:colcon.colcon_core.package_discovery:discover_packages(path) using defaults
[0.199s] Level 1:colcon.colcon_core.package_discovery:discover_packages(prefix_path) check parameters
[0.199s] Level 1:colcon.colcon_core.package_discovery:discover_packages(prefix_path) discover
[0.201s] DEBUG:colcon.colcon_installed_package_information.package_discovery:Found 6 installed packages in /home/voltamon48/ros_test/install
[0.202s] DEBUG:colcon.colcon_installed_package_information.package_discovery:Found 194 installed packages in /opt/ros/jazzy
[0.202s] Level 1:colcon.colcon_core.package_discovery:discover_packages(prefix_path) using defaults
[0.230s] Level 5:colcon.colcon_core.verb:set package 'data_interface_bridge' build argument 'cmake_args' from command line to 'None'
[0.230s] Level 5:colcon.colcon_core.verb:set package 'data_interface_bridge' build argument 'cmake_target' from command line to 'None'
[0.230s] Level 5:colcon.colcon_core.verb:set package 'data_interface_bridge' build argument 'cmake_target_skip_unavailable' from command line to 'False'
[0.230s] Level 5:colcon.colcon_core.verb:set package 'data_interface_bridge' build argument 'cmake_clean_cache' from command line to 'False'
[0.230s] Level 5:colcon.colcon_core.verb:set package 'data_interface_bridge' build argument 'cmake_clean_first' from command line to 'False'
[0.230s] Level 5:colcon.colcon_core.verb:set package 'data_interface_bridge' build argument 'cmake_force_configure' from command line to 'False'
[0.230s] Level 5:colcon.colcon_core.verb:set package 'data_interface_bridge' build argument 'ament_cmake_args' from command line to 'None'
[0.230s] Level 5:colcon.colcon_core.verb:set package 'data_interface_bridge' build argument 'catkin_cmake_args' from command line to 'None'
[0.231s] Level 5:colcon.colcon_core.verb:set package 'data_interface_bridge' build argument 'catkin_skip_building_tests' from command line to 'False'
[0.231s] DEBUG:colcon.colcon_core.verb:Building package 'data_interface_bridge' with the following arguments: {'ament_cmake_args': None, 'build_base': '/home/voltamon48/ros_test/build/data_interface_bridge', 'catkin_cmake_args': None, 'catkin_skip_building_tests': False, 'cmake_args': None, 'cmake_clean_cache': False, 'cmake_clean_first': False, 'cmake_force_configure': False, 'cmake_target': None, 'cmake_target_skip_unavailable': False, 'install_base': '/home/voltamon48/ros_test/install/data_interface_bridge', 'merge_install': False, 'path': '/home/voltamon48/ros_test/src/data_interface_bridge', 'symlink_install': False, 'test_result_base': None}
[0.231s] Level 5:colcon.colcon_core.verb:set package 'json_interfce_bridge' build argument 'cmake_args' from command line to 'None'
[0.231s] Level 5:colcon.colcon_core.verb:set package 'json_interfce_bridge' build argument 'cmake_target' from command line to 'None'
[0.231s] Level 5:colcon.colcon_core.verb:set package 'json_interfce_bridge' build argument 'cmake_target_skip_unavailable' from command line to 'False'
[0.231s] Level 5:colcon.colcon_core.verb:set package 'json_interfce_bridge' build argument 'cmake_clean_cache' from command line to 'False'
[0.231s] Level 5:colcon.colcon_core.verb:set package 'json_interfce_bridge' build argument 'cmake_clean_first' from command line to 'False'
[0.231s] Level 5:colcon.colcon_core.verb:set package 'json_interfce_bridge' build argument 'cmake_force_configure' from command line to 'False'
[0.231s] Level 5:colcon.colcon_core.verb:set package 'json_interfce_bridge' build argument 'ament_cmake_args' from command line to 'None'
[0.231s] Level 5:colcon.colcon_core.verb:set package 'json_interfce_bridge' build argument 'catkin_cmake_args' from command line to 'None'
[0.231s] Level 5:colcon.colcon_core.verb:set package 'json_interfce_bridge' build argument 'catkin_skip_building_tests' from command line to 'False'
[0.231s] DEBUG:colcon.colcon_core.verb:Building package 'json_interfce_bridge' with the following arguments: {'ament_cmake_args': None, 'build_base': '/home/voltamon48/ros_test/build/json_interfce_bridge', 'catkin_cmake_args': None, 'catkin_skip_building_tests': False, 'cmake_args': None, 'cmake_clean_cache': False, 'cmake_clean_first': False, 'cmake_force_configure': False, 'cmake_target': None, 'cmake_target_skip_unavailable': False, 'install_base': '/home/voltamon48/ros_test/install/json_interfce_bridge', 'merge_install': False, 'path': '/home/voltamon48/ros_test/src/json_interfce_bridge', 'symlink_install': False, 'test_result_base': None}
[0.231s] Level 5:colcon.colcon_core.verb:set package 'launch_pkg' build argument 'cmake_args' from command line to 'None'
[0.231s] Level 5:colcon.colcon_core.verb:set package 'launch_pkg' build argument 'cmake_target' from command line to 'None'
[0.232s] Level 5:colcon.colcon_core.verb:set package 'launch_pkg' build argument 'cmake_target_skip_unavailable' from command line to 'False'
[0.232s] Level 5:colcon.colcon_core.verb:set package 'launch_pkg' build argument 'cmake_clean_cache' from command line to 'False'
[0.232s] Level 5:colcon.colcon_core.verb:set package 'launch_pkg' build argument 'cmake_clean_first' from command line to 'False'
[0.232s] Level 5:colcon.colcon_core.verb:set package 'launch_pkg' build argument 'cmake_force_configure' from command line to 'False'
[0.232s] Level 5:colcon.colcon_core.verb:set package 'launch_pkg' build argument 'ament_cmake_args' from command line to 'None'
[0.232s] Level 5:colcon.colcon_core.verb:set package 'launch_pkg' build argument 'catkin_cmake_args' from command line to 'None'
[0.232s] Level 5:colcon.colcon_core.verb:set package 'launch_pkg' build argument 'catkin_skip_building_tests' from command line to 'False'
[0.232s] DEBUG:colcon.colcon_core.verb:Building package 'launch_pkg' with the following arguments: {'ament_cmake_args': None, 'build_base': '/home/voltamon48/ros_test/build/launch_pkg', 'catkin_cmake_args': None, 'catkin_skip_building_tests': False, 'cmake_args': None, 'cmake_clean_cache': False, 'cmake_clean_first': False, 'cmake_force_configure': False, 'cmake_target': None, 'cmake_target_skip_unavailable': False, 'install_base': '/home/voltamon48/ros_test/install/launch_pkg', 'merge_install': False, 'path': '/home/voltamon48/ros_test/src/launch_pkg', 'symlink_install': False, 'test_result_base': None}
[0.232s] Level 5:colcon.colcon_core.verb:set package 'service_activity' build argument 'cmake_args' from command line to 'None'
[0.232s] Level 5:colcon.colcon_core.verb:set package 'service_activity' build argument 'cmake_target' from command line to 'None'
[0.232s] Level 5:colcon.colcon_core.verb:set package 'service_activity' build argument 'cmake_target_skip_unavailable' from command line to 'False'
[0.232s] Level 5:colcon.colcon_core.verb:set package 'service_activity' build argument 'cmake_clean_cache' from command line to 'False'
[0.232s] Level 5:colcon.colcon_core.verb:set package 'service_activity' build argument 'cmake_clean_first' from command line to 'False'
[0.232s] Level 5:colcon.colcon_core.verb:set package 'service_activity' build argument 'cmake_force_configure' from command line to 'False'
[0.232s] Level 5:colcon.colcon_core.verb:set package 'service_activity' build argument 'ament_cmake_args' from command line to 'None'
[0.232s] Level 5:colcon.colcon_core.verb:set package 'service_activity' build argument 'catkin_cmake_args' from command line to 'None'
[0.232s] Level 5:colcon.colcon_core.verb:set package 'service_activity' build argument 'catkin_skip_building_tests' from command line to 'False'
[0.232s] DEBUG:colcon.colcon_core.verb:Building package 'service_activity' with the following arguments: {'ament_cmake_args': None, 'build_base': '/home/voltamon48/ros_test/build/service_activity', 'catkin_cmake_args': None, 'catkin_skip_building_tests': False, 'cmake_args': None, 'cmake_clean_cache': False, 'cmake_clean_first': False, 'cmake_force_configure': False, 'cmake_target': None, 'cmake_target_skip_unavailable': False, 'install_base': '/home/voltamon48/ros_test/install/service_activity', 'merge_install': False, 'path': '/home/voltamon48/ros_test/src/service_activity', 'symlink_install': False, 'test_result_base': None}
[0.232s] Level 5:colcon.colcon_core.verb:set package 'test_pkg' build argument 'cmake_args' from command line to 'None'
[0.232s] Level 5:colcon.colcon_core.verb:set package 'test_pkg' build argument 'cmake_target' from command line to 'None'
[0.232s] Level 5:colcon.colcon_core.verb:set package 'test_pkg' build argument 'cmake_target_skip_unavailable' from command line to 'False'
[0.232s] Level 5:colcon.colcon_core.verb:set package 'test_pkg' build argument 'cmake_clean_cache' from command line to 'False'
[0.233s] Level 5:colcon.colcon_core.verb:set package 'test_pkg' build argument 'cmake_clean_first' from command line to 'False'
[0.233s] Level 5:colcon.colcon_core.verb:set package 'test_pkg' build argument 'cmake_force_configure' from command line to 'False'
[0.233s] Level 5:colcon.colcon_core.verb:set package 'test_pkg' build argument 'ament_cmake_args' from command line to 'None'
[0.233s] Level 5:colcon.colcon_core.verb:set package 'test_pkg' build argument 'catkin_cmake_args' from command line to 'None'
[0.233s] Level 5:colcon.colcon_core.verb:set package 'test_pkg' build argument 'catkin_skip_building_tests' from command line to 'False'
[0.233s] DEBUG:colcon.colcon_core.verb:Building package 'test_pkg' with the following arguments: {'ament_cmake_args': None, 'build_base': '/home/voltamon48/ros_test/build/test_pkg', 'catkin_cmake_args': None, 'catkin_skip_building_tests': False, 'cmake_args': None, 'cmake_clean_cache': False, 'cmake_clean_first': False, 'cmake_force_configure': False, 'cmake_target': None, 'cmake_target_skip_unavailable': False, 'install_base': '/home/voltamon48/ros_test/install/test_pkg', 'merge_install': False, 'path': '/home/voltamon48/ros_test/src/test_pkg', 'symlink_install': False, 'test_result_base': None}
[0.233s] Level 5:colcon.colcon_core.verb:set package 'topic_activity' build argument 'cmake_args' from command line to 'None'
[0.233s] Level 5:colcon.colcon_core.verb:set package 'topic_activity' build argument 'cmake_target' from command line to 'None'
[0.233s] Level 5:colcon.colcon_core.verb:set package 'topic_activity' build argument 'cmake_target_skip_unavailable' from command line to 'False'
[0.233s] Level 5:colcon.colcon_core.verb:set package 'topic_activity' build argument 'cmake_clean_cache' from command line to 'False'
[0.233s] Level 5:colcon.colcon_core.verb:set package 'topic_activity' build argument 'cmake_clean_first' from command line to 'False'
[0.233s] Level 5:colcon.colcon_core.verb:set package 'topic_activity' build argument 'cmake_force_configure' from command line to 'False'
[0.233s] Level 5:colcon.colcon_core.verb:set package 'topic_activity' build argument 'ament_cmake_args' from command line to 'None'
[0.233s] Level 5:colcon.colcon_core.verb:set package 'topic_activity' build argument 'catkin_cmake_args' from command line to 'None'
[0.233s] Level 5:colcon.colcon_core.verb:set package 'topic_activity' build argument 'catkin_skip_building_tests' from command line to 'False'
[0.233s] DEBUG:colcon.colcon_core.verb:Building package 'topic_activity' with the following arguments: {'ament_cmake_args': None, 'build_base': '/home/voltamon48/ros_test/build/topic_activity', 'catkin_cmake_args': None, 'catkin_skip_building_tests': False, 'cmake_args': None, 'cmake_clean_cache': False, 'cmake_clean_first': False, 'cmake_force_configure': False, 'cmake_target': None, 'cmake_target_skip_unavailable': False, 'install_base': '/home/voltamon48/ros_test/install/topic_activity', 'merge_install': False, 'path': '/home/voltamon48/ros_test/src/topic_activity', 'symlink_install': False, 'test_result_base': None}
[0.233s] INFO:colcon.colcon_core.executor:Executing jobs using 'parallel' executor
[0.234s] DEBUG:colcon.colcon_parallel_executor.executor.parallel:run_until_complete
[0.234s] INFO:colcon.colcon_ros.task.ament_python.build:Building ROS package in '/home/voltamon48/ros_test/src/data_interface_bridge' with build type 'ament_python'
[0.235s] Level 1:colcon.colcon_core.shell:create_environment_hook('data_interface_bridge', 'ament_prefix_path')
[0.236s] INFO:colcon.colcon_core.plugin_system:Skipping extension 'colcon_core.shell.bat': Not used on non-Windows systems
[0.237s] INFO:colcon.colcon_core.shell:Creating environment hook '/home/voltamon48/ros_test/install/data_interface_bridge/share/data_interface_bridge/hook/ament_prefix_path.ps1'
[0.237s] INFO:colcon.colcon_core.shell:Creating environment descriptor '/home/voltamon48/ros_test/install/data_interface_bridge/share/data_interface_bridge/hook/ament_prefix_path.dsv'
[0.238s] INFO:colcon.colcon_core.shell:Creating environment hook '/home/voltamon48/ros_test/install/data_interface_bridge/share/data_interface_bridge/hook/ament_prefix_path.sh'
[0.238s] INFO:colcon.colcon_core.shell:Skip shell extension 'powershell' for command environment: Not usable outside of PowerShell
[0.238s] DEBUG:colcon.colcon_core.shell:Skip shell extension 'dsv' for command environment
[0.241s] INFO:colcon.colcon_ros.task.ament_python.build:Building ROS package in '/home/voltamon48/ros_test/src/json_interfce_bridge' with build type 'ament_python'
[0.241s] Level 1:colcon.colcon_core.shell:create_environment_hook('json_interfce_bridge', 'ament_prefix_path')
[0.241s] INFO:colcon.colcon_core.shell:Creating environment hook '/home/voltamon48/ros_test/install/json_interfce_bridge/share/json_interfce_bridge/hook/ament_prefix_path.ps1'
[0.242s] INFO:colcon.colcon_core.shell:Creating environment descriptor '/home/voltamon48/ros_test/install/json_interfce_bridge/share/json_interfce_bridge/hook/ament_prefix_path.dsv'
[0.242s] INFO:colcon.colcon_core.shell:Creating environment hook '/home/voltamon48/ros_test/install/json_interfce_bridge/share/json_interfce_bridge/hook/ament_prefix_path.sh'
[0.242s] INFO:colcon.colcon_core.shell:Skip shell extension 'powershell' for command environment: Not usable outside of PowerShell
[0.242s] DEBUG:colcon.colcon_core.shell:Skip shell extension 'dsv' for command environment
[0.245s] INFO:colcon.colcon_ros.task.ament_python.build:Building ROS package in '/home/voltamon48/ros_test/src/launch_pkg' with build type 'ament_python'
[0.245s] Level 1:colcon.colcon_core.shell:create_environment_hook('launch_pkg', 'ament_prefix_path')
[0.245s] INFO:colcon.colcon_core.shell:Creating environment hook '/home/voltamon48/ros_test/install/launch_pkg/share/launch_pkg/hook/ament_prefix_path.ps1'
[0.246s] INFO:colcon.colcon_core.shell:Creating environment descriptor '/home/voltamon48/ros_test/install/launch_pkg/share/launch_pkg/hook/ament_prefix_path.dsv'
[0.247s] INFO:colcon.colcon_core.shell:Creating environment hook '/home/voltamon48/ros_test/install/launch_pkg/share/launch_pkg/hook/ament_prefix_path.sh'
[0.248s] INFO:colcon.colcon_core.shell:Skip shell extension 'powershell' for command environment: Not usable outside of PowerShell
[0.248s] DEBUG:colcon.colcon_core.shell:Skip shell extension 'dsv' for command environment
[0.251s] INFO:colcon.colcon_ros.task.ament_python.build:Building ROS package in '/home/voltamon48/ros_test/src/service_activity' with build type 'ament_python'
[0.251s] Level 1:colcon.colcon_core.shell:create_environment_hook('service_activity', 'ament_prefix_path')
[0.251s] INFO:colcon.colcon_core.shell:Creating environment hook '/home/voltamon48/ros_test/install/service_activity/share/service_activity/hook/ament_prefix_path.ps1'
[0.252s] INFO:colcon.colcon_core.shell:Creating environment descriptor '/home/voltamon48/ros_test/install/service_activity/share/service_activity/hook/ament_prefix_path.dsv'
[0.253s] INFO:colcon.colcon_core.shell:Creating environment hook '/home/voltamon48/ros_test/install/service_activity/share/service_activity/hook/ament_prefix_path.sh'
[0.253s] INFO:colcon.colcon_core.shell:Skip shell extension 'powershell' for command environment: Not usable outside of PowerShell
[0.254s] DEBUG:colcon.colcon_core.shell:Skip shell extension 'dsv' for command environment
[0.257s] INFO:colcon.colcon_ros.task.ament_python.build:Building ROS package in '/home/voltamon48/ros_test/src/test_pkg' with build type 'ament_python'
[0.257s] Level 1:colcon.colcon_core.shell:create_environment_hook('test_pkg', 'ament_prefix_path')
[0.257s] INFO:colcon.colcon_core.shell:Creating environment hook '/home/voltamon48/ros_test/install/test_pkg/share/test_pkg/hook/ament_prefix_path.ps1'
[0.258s] INFO:colcon.colcon_core.shell:Creating environment descriptor '/home/voltamon48/ros_test/install/test_pkg/share/test_pkg/hook/ament_prefix_path.dsv'
[0.258s] INFO:colcon.colcon_core.shell:Creating environment hook '/home/voltamon48/ros_test/install/test_pkg/share/test_pkg/hook/ament_prefix_path.sh'
[0.259s] INFO:colcon.colcon_core.shell:Skip shell extension 'powershell' for command environment: Not usable outside of PowerShell
[0.259s] DEBUG:colcon.colcon_core.shell:Skip shell extension 'dsv' for command environment
[0.262s] INFO:colcon.colcon_ros.task.ament_python.build:Building ROS package in '/home/voltamon48/ros_test/src/topic_activity' with build type 'ament_python'
[0.262s] Level 1:colcon.colcon_core.shell:create_environment_hook('topic_activity', 'ament_prefix_path')
[0.262s] INFO:colcon.colcon_core.shell:Creating environment hook '/home/voltamon48/ros_test/install/topic_activity/share/topic_activity/hook/ament_prefix_path.ps1'
[0.264s] INFO:colcon.colcon_core.shell:Creating environment descriptor '/home/voltamon48/ros_test/install/topic_activity/share/topic_activity/hook/ament_prefix_path.dsv'
[0.264s] INFO:colcon.colcon_core.shell:Creating environment hook '/home/voltamon48/ros_test/install/topic_activity/share/topic_activity/hook/ament_prefix_path.sh'
[0.265s] INFO:colcon.colcon_core.shell:Skip shell extension 'powershell' for command environment: Not usable outside of PowerShell
[0.265s] DEBUG:colcon.colcon_core.shell:Skip shell extension 'dsv' for command environment
[0.570s] INFO:colcon.colcon_core.task.python.build:Building Python package in '/home/voltamon48/ros_test/src/data_interface_bridge'
[0.570s] INFO:colcon.colcon_core.shell:Skip shell extension 'powershell' for command environment: Not usable outside of PowerShell
[0.571s] DEBUG:colcon.colcon_core.shell:Skip shell extension 'dsv' for command environment
[0.806s] INFO:colcon.colcon_core.task.python.build:Building Python package in '/home/voltamon48/ros_test/src/json_interfce_bridge'
[0.806s] INFO:colcon.colcon_core.shell:Skip shell extension 'powershell' for command environment: Not usable outside of PowerShell
[0.806s] DEBUG:colcon.colcon_core.shell:Skip shell extension 'dsv' for command environment
[1.035s] INFO:colcon.colcon_core.task.python.build:Building Python package in '/home/voltamon48/ros_test/src/launch_pkg'
[1.036s] INFO:colcon.colcon_core.shell:Skip shell extension 'powershell' for command environment: Not usable outside of PowerShell
[1.036s] DEBUG:colcon.colcon_core.shell:Skip shell extension 'dsv' for command environment
[1.248s] INFO:colcon.colcon_core.task.python.build:Building Python package in '/home/voltamon48/ros_test/src/service_activity'
[1.248s] INFO:colcon.colcon_core.shell:Skip shell extension 'powershell' for command environment: Not usable outside of PowerShell
[1.248s] DEBUG:colcon.colcon_core.shell:Skip shell extension 'dsv' for command environment
[1.466s] INFO:colcon.colcon_core.task.python.build:Building Python package in '/home/voltamon48/ros_test/src/test_pkg'
[1.466s] INFO:colcon.colcon_core.shell:Skip shell extension 'powershell' for command environment: Not usable outside of PowerShell
[1.466s] DEBUG:colcon.colcon_core.shell:Skip shell extension 'dsv' for command environment
[1.683s] INFO:colcon.colcon_core.task.python.build:Building Python package in '/home/voltamon48/ros_test/src/topic_activity'
[1.683s] INFO:colcon.colcon_core.shell:Skip shell extension 'powershell' for command environment: Not usable outside of PowerShell
[1.683s] DEBUG:colcon.colcon_core.shell:Skip shell extension 'dsv' for command environment
[2.755s] DEBUG:colcon.colcon_core.event_handler.log_command:Invoking command in '/home/voltamon48/ros_test/src/data_interface_bridge': DEBUGINFOD_URLS=https://debuginfod.ubuntu.com PYTHONPATH=/home/voltamon48/ros_test/build/data_interface_bridge/prefix_override:/usr/lib/python3/dist-packages/colcon_core/task/python/colcon_distutils_commands:/home/voltamon48/ros_test/install/data_interface_bridge/lib/python3.12/site-packages:${PYTHONPATH} /usr/bin/python3 -W ignore:setup.py install is deprecated -W ignore:easy_install command is deprecated setup.py egg_info --egg-base ../../build/data_interface_bridge build --build-base /home/voltamon48/ros_test/build/data_interface_bridge/build install --record /home/voltamon48/ros_test/build/data_interface_bridge/install.log --single-version-externally-managed install_data
[2.789s] DEBUG:colcon.colcon_core.event_handler.log_command:Invoking command in '/home/voltamon48/ros_test/src/service_activity': DEBUGINFOD_URLS=https://debuginfod.ubuntu.com PYTHONPATH=/home/voltamon48/ros_test/build/service_activity/prefix_override:/usr/lib/python3/dist-packages/colcon_core/task/python/colcon_distutils_commands:/home/voltamon48/ros_test/install/service_activity/lib/python3.12/site-packages:${PYTHONPATH} /usr/bin/python3 -W ignore:setup.py install is deprecated -W ignore:easy_install command is deprecated setup.py egg_info --egg-base ../../build/service_activity build --build-base /home/voltamon48/ros_test/build/service_activity/build install --record /home/voltamon48/ros_test/build/service_activity/install.log --single-version-externally-managed install_data
[3.076s] DEBUG:colcon.colcon_core.event_handler.log_command:Invoking command in '/home/voltamon48/ros_test/src/test_pkg': DEBUGINFOD_URLS=https://debuginfod.ubuntu.com PYTHONPATH=/home/voltamon48/ros_test/build/test_pkg/prefix_override:/usr/lib/python3/dist-packages/colcon_core/task/python/colcon_distutils_commands:/home/voltamon48/ros_test/install/test_pkg/lib/python3.12/site-packages:${PYTHONPATH} /usr/bin/python3 -W ignore:setup.py install is deprecated -W ignore:easy_install command is deprecated setup.py egg_info --egg-base ../../build/test_pkg build --build-base /home/voltamon48/ros_test/build/test_pkg/build install --record /home/voltamon48/ros_test/build/test_pkg/install.log --single-version-externally-managed install_data
[3.161s] DEBUG:colcon.colcon_core.event_handler.log_command:Invoking command in '/home/voltamon48/ros_test/src/json_interfce_bridge': DEBUGINFOD_URLS=https://debuginfod.ubuntu.com PYTHONPATH=/home/voltamon48/ros_test/build/json_interfce_bridge/prefix_override:/usr/lib/python3/dist-packages/colcon_core/task/python/colcon_distutils_commands:/home/voltamon48/ros_test/install/json_interfce_bridge/lib/python3.12/site-packages:${PYTHONPATH} /usr/bin/python3 -W ignore:setup.py install is deprecated -W ignore:easy_install command is deprecated setup.py egg_info --egg-base ../../build/json_interfce_bridge build --build-base /home/voltamon48/ros_test/build/json_interfce_bridge/build install --record /home/voltamon48/ros_test/build/json_interfce_bridge/install.log --single-version-externally-managed install_data
[3.201s] DEBUG:colcon.colcon_core.event_handler.log_command:Invoking command in '/home/voltamon48/ros_test/src/launch_pkg': DEBUGINFOD_URLS=https://debuginfod.ubuntu.com PYTHONPATH=/home/voltamon48/ros_test/build/launch_pkg/prefix_override:/usr/lib/python3/dist-packages/colcon_core/task/python/colcon_distutils_commands:/home/voltamon48/ros_test/install/launch_pkg/lib/python3.12/site-packages:${PYTHONPATH} /usr/bin/python3 -W ignore:setup.py install is deprecated -W ignore:easy_install command is deprecated setup.py egg_info --egg-base ../../build/launch_pkg build --build-base /home/voltamon48/ros_test/build/launch_pkg/build install --record /home/voltamon48/ros_test/build/launch_pkg/install.log --single-version-externally-managed install_data
[3.208s] DEBUG:colcon.colcon_core.event_handler.log_command:Invoking command in '/home/voltamon48/ros_test/src/topic_activity': DEBUGINFOD_URLS=https://debuginfod.ubuntu.com PYTHONPATH=/home/voltamon48/ros_test/build/topic_activity/prefix_override:/usr/lib/python3/dist-packages/colcon_core/task/python/colcon_distutils_commands:/home/voltamon48/ros_test/install/topic_activity/lib/python3.12/site-packages:${PYTHONPATH} /usr/bin/python3 -W ignore:setup.py install is deprecated -W ignore:easy_install command is deprecated setup.py egg_info --egg-base ../../build/topic_activity build --build-base /home/voltamon48/ros_test/build/topic_activity/build install --record /home/voltamon48/ros_test/build/topic_activity/install.log --single-version-externally-managed install_data
[3.828s] DEBUG:colcon.colcon_core.event_handler.log_command:Invoked command in '/home/voltamon48/ros_test/src/data_interface_bridge' returned '0': DEBUGINFOD_URLS=https://debuginfod.ubuntu.com PYTHONPATH=/home/voltamon48/ros_test/build/data_interface_bridge/prefix_override:/usr/lib/python3/dist-packages/colcon_core/task/python/colcon_distutils_commands:/home/voltamon48/ros_test/install/data_interface_bridge/lib/python3.12/site-packages:${PYTHONPATH} /usr/bin/python3 -W ignore:setup.py install is deprecated -W ignore:easy_install command is deprecated setup.py egg_info --egg-base ../../build/data_interface_bridge build --build-base /home/voltamon48/ros_test/build/data_interface_bridge/build install --record /home/voltamon48/ros_test/build/data_interface_bridge/install.log --single-version-externally-managed install_data
[3.831s] Level 1:colcon.colcon_core.environment:checking '/home/voltamon48/ros_test/install/data_interface_bridge' for CMake module files
[3.832s] Level 1:colcon.colcon_core.environment:checking '/home/voltamon48/ros_test/install/data_interface_bridge' for CMake config files
[3.833s] Level 1:colcon.colcon_core.environment:checking '/home/voltamon48/ros_test/install/data_interface_bridge/lib'
[3.834s] Level 1:colcon.colcon_core.environment:checking '/home/voltamon48/ros_test/install/data_interface_bridge/bin'
[3.834s] Level 1:colcon.colcon_core.environment:checking '/home/voltamon48/ros_test/install/data_interface_bridge/lib/pkgconfig/data_interface_bridge.pc'
[3.834s] Level 1:colcon.colcon_core.environment:checking '/home/voltamon48/ros_test/install/data_interface_bridge/lib/python3.12/site-packages'
[3.835s] Level 1:colcon.colcon_core.shell:create_environment_hook('data_interface_bridge', 'pythonpath')
[3.835s] INFO:colcon.colcon_core.shell:Creating environment hook '/home/voltamon48/ros_test/install/data_interface_bridge/share/data_interface_bridge/hook/pythonpath.ps1'
[3.836s] INFO:colcon.colcon_core.shell:Creating environment descriptor '/home/voltamon48/ros_test/install/data_interface_bridge/share/data_interface_bridge/hook/pythonpath.dsv'
[3.836s] INFO:colcon.colcon_core.shell:Creating environment hook '/home/voltamon48/ros_test/install/data_interface_bridge/share/data_interface_bridge/hook/pythonpath.sh'
[3.837s] Level 1:colcon.colcon_core.environment:checking '/home/voltamon48/ros_test/install/data_interface_bridge/bin'
[3.837s] Level 1:colcon.colcon_core.environment:create_environment_scripts_only(data_interface_bridge)
[3.838s] INFO:colcon.colcon_core.shell:Creating package script '/home/voltamon48/ros_test/install/data_interface_bridge/share/data_interface_bridge/package.ps1'
[3.839s] INFO:colcon.colcon_core.shell:Creating package descriptor '/home/voltamon48/ros_test/install/data_interface_bridge/share/data_interface_bridge/package.dsv'
[3.840s] INFO:colcon.colcon_core.shell:Creating package script '/home/voltamon48/ros_test/install/data_interface_bridge/share/data_interface_bridge/package.sh'
[3.841s] INFO:colcon.colcon_core.shell:Creating package script '/home/voltamon48/ros_test/install/data_interface_bridge/share/data_interface_bridge/package.bash'
[3.842s] INFO:colcon.colcon_core.shell:Creating package script '/home/voltamon48/ros_test/install/data_interface_bridge/share/data_interface_bridge/package.zsh'
[3.843s] Level 1:colcon.colcon_core.environment:create_file_with_runtime_dependencies(/home/voltamon48/ros_test/install/data_interface_bridge/share/colcon-core/packages/data_interface_bridge)
[4.180s] Level 1:colcon.colcon_core.environment:checking '/home/voltamon48/ros_test/install/service_activity' for CMake module files
[4.182s] Level 1:colcon.colcon_core.environment:checking '/home/voltamon48/ros_test/install/service_activity' for CMake config files
[4.183s] DEBUG:colcon.colcon_core.event_handler.log_command:Invoked command in '/home/voltamon48/ros_test/src/service_activity' returned '0': DEBUGINFOD_URLS=https://debuginfod.ubuntu.com PYTHONPATH=/home/voltamon48/ros_test/build/service_activity/prefix_override:/usr/lib/python3/dist-packages/colcon_core/task/python/colcon_distutils_commands:/home/voltamon48/ros_test/install/service_activity/lib/python3.12/site-packages:${PYTHONPATH} /usr/bin/python3 -W ignore:setup.py install is deprecated -W ignore:easy_install command is deprecated setup.py egg_info --egg-base ../../build/service_activity build --build-base /home/voltamon48/ros_test/build/service_activity/build install --record /home/voltamon48/ros_test/build/service_activity/install.log --single-version-externally-managed install_data
[4.186s] Level 1:colcon.colcon_core.environment:checking '/home/voltamon48/ros_test/install/service_activity/lib'
[4.186s] Level 1:colcon.colcon_core.environment:checking '/home/voltamon48/ros_test/install/service_activity/bin'
[4.186s] Level 1:colcon.colcon_core.environment:checking '/home/voltamon48/ros_test/install/service_activity/lib/pkgconfig/service_activity.pc'
[4.187s] Level 1:colcon.colcon_core.environment:checking '/home/voltamon48/ros_test/install/service_activity/lib/python3.12/site-packages'
[4.187s] Level 1:colcon.colcon_core.shell:create_environment_hook('service_activity', 'pythonpath')
[4.187s] INFO:colcon.colcon_core.shell:Creating environment hook '/home/voltamon48/ros_test/install/service_activity/share/service_activity/hook/pythonpath.ps1'
[4.188s] INFO:colcon.colcon_core.shell:Creating environment descriptor '/home/voltamon48/ros_test/install/service_activity/share/service_activity/hook/pythonpath.dsv'
[4.190s] INFO:colcon.colcon_core.shell:Creating environment hook '/home/voltamon48/ros_test/install/service_activity/share/service_activity/hook/pythonpath.sh'
[4.192s] Level 1:colcon.colcon_core.environment:checking '/home/voltamon48/ros_test/install/service_activity/bin'
[4.192s] Level 1:colcon.colcon_core.environment:create_environment_scripts_only(service_activity)
[4.193s] INFO:colcon.colcon_core.shell:Creating package script '/home/voltamon48/ros_test/install/service_activity/share/service_activity/package.ps1'
[4.194s] INFO:colcon.colcon_core.shell:Creating package descriptor '/home/voltamon48/ros_test/install/service_activity/share/service_activity/package.dsv'
[4.195s] INFO:colcon.colcon_core.shell:Creating package script '/home/voltamon48/ros_test/install/service_activity/share/service_activity/package.sh'
[4.196s] INFO:colcon.colcon_core.shell:Creating package script '/home/voltamon48/ros_test/install/service_activity/share/service_activity/package.bash'
[4.197s] INFO:colcon.colcon_core.shell:Creating package script '/home/voltamon48/ros_test/install/service_activity/share/service_activity/package.zsh'
[4.198s] Level 1:colcon.colcon_core.environment:create_file_with_runtime_dependencies(/home/voltamon48/ros_test/install/service_activity/share/colcon-core/packages/service_activity)
[4.246s] Level 1:colcon.colcon_core.environment:checking '/home/voltamon48/ros_test/install/json_interfce_bridge' for CMake module files
[4.247s] DEBUG:colcon.colcon_core.event_handler.log_command:Invoked command in '/home/voltamon48/ros_test/src/json_interfce_bridge' returned '0': DEBUGINFOD_URLS=https://debuginfod.ubuntu.com PYTHONPATH=/home/voltamon48/ros_test/build/json_interfce_bridge/prefix_override:/usr/lib/python3/dist-packages/colcon_core/task/python/colcon_distutils_commands:/home/voltamon48/ros_test/install/json_interfce_bridge/lib/python3.12/site-packages:${PYTHONPATH} /usr/bin/python3 -W ignore:setup.py install is deprecated -W ignore:easy_install command is deprecated setup.py egg_info --egg-base ../../build/json_interfce_bridge build --build-base /home/voltamon48/ros_test/build/json_interfce_bridge/build install --record /home/voltamon48/ros_test/build/json_interfce_bridge/install.log --single-version-externally-managed install_data
[4.248s] Level 1:colcon.colcon_core.environment:checking '/home/voltamon48/ros_test/install/json_interfce_bridge' for CMake config files
[4.250s] Level 1:colcon.colcon_core.environment:checking '/home/voltamon48/ros_test/install/json_interfce_bridge/lib'
[4.250s] Level 1:colcon.colcon_core.environment:checking '/home/voltamon48/ros_test/install/json_interfce_bridge/bin'
[4.251s] Level 1:colcon.colcon_core.environment:checking '/home/voltamon48/ros_test/install/json_interfce_bridge/lib/pkgconfig/json_interfce_bridge.pc'
[4.251s] Level 1:colcon.colcon_core.environment:checking '/home/voltamon48/ros_test/install/json_interfce_bridge/lib/python3.12/site-packages'
[4.252s] Level 1:colcon.colcon_core.shell:create_environment_hook('json_interfce_bridge', 'pythonpath')
[4.252s] INFO:colcon.colcon_core.shell:Creating environment hook '/home/voltamon48/ros_test/install/json_interfce_bridge/share/json_interfce_bridge/hook/pythonpath.ps1'
[4.254s] INFO:colcon.colcon_core.shell:Creating environment descriptor '/home/voltamon48/ros_test/install/json_interfce_bridge/share/json_interfce_bridge/hook/pythonpath.dsv'
[4.255s] INFO:colcon.colcon_core.shell:Creating environment hook '/home/voltamon48/ros_test/install/json_interfce_bridge/share/json_interfce_bridge/hook/pythonpath.sh'
[4.257s] Level 1:colcon.colcon_core.environment:checking '/home/voltamon48/ros_test/install/json_interfce_bridge/bin'
[4.257s] Level 1:colcon.colcon_core.environment:create_environment_scripts_only(json_interfce_bridge)
[4.258s] INFO:colcon.colcon_core.shell:Creating package script '/home/voltamon48/ros_test/install/json_interfce_bridge/share/json_interfce_bridge/package.ps1'
[4.259s] INFO:colcon.colcon_core.shell:Creating package descriptor '/home/voltamon48/ros_test/install/json_interfce_bridge/share/json_interfce_bridge/package.dsv'
[4.260s] INFO:colcon.colcon_core.shell:Creating package script '/home/voltamon48/ros_test/install/json_interfce_bridge/share/json_interfce_bridge/package.sh'
[4.262s] INFO:colcon.colcon_core.shell:Creating package script '/home/voltamon48/ros_test/install/json_interfce_bridge/share/json_interfce_bridge/package.bash'
[4.263s] INFO:colcon.colcon_core.shell:Creating package script '/home/voltamon48/ros_test/install/json_interfce_bridge/share/json_interfce_bridge/package.zsh'
[4.264s] Level 1:colcon.colcon_core.environment:create_file_with_runtime_dependencies(/home/voltamon48/ros_test/install/json_interfce_bridge/share/colcon-core/packages/json_interfce_bridge)
[4.305s] Level 1:colcon.colcon_core.environment:checking '/home/voltamon48/ros_test/install/test_pkg' for CMake module files
[4.306s] DEBUG:colcon.colcon_core.event_handler.log_command:Invoked command in '/home/voltamon48/ros_test/src/test_pkg' returned '0': DEBUGINFOD_URLS=https://debuginfod.ubuntu.com PYTHONPATH=/home/voltamon48/ros_test/build/test_pkg/prefix_override:/usr/lib/python3/dist-packages/colcon_core/task/python/colcon_distutils_commands:/home/voltamon48/ros_test/install/test_pkg/lib/python3.12/site-packages:${PYTHONPATH} /usr/bin/python3 -W ignore:setup.py install is deprecated -W ignore:easy_install command is deprecated setup.py egg_info --egg-base ../../build/test_pkg build --build-base /home/voltamon48/ros_test/build/test_pkg/build install --record /home/voltamon48/ros_test/build/test_pkg/install.log --single-version-externally-managed install_data
[4.307s] Level 1:colcon.colcon_core.environment:checking '/home/voltamon48/ros_test/install/test_pkg' for CMake config files
[4.308s] Level 1:colcon.colcon_core.environment:checking '/home/voltamon48/ros_test/install/test_pkg/lib'
[4.308s] Level 1:colcon.colcon_core.environment:checking '/home/voltamon48/ros_test/install/test_pkg/bin'
[4.308s] Level 1:colcon.colcon_core.environment:checking '/home/voltamon48/ros_test/install/test_pkg/lib/pkgconfig/test_pkg.pc'
[4.308s] Level 1:colcon.colcon_core.environment:checking '/home/voltamon48/ros_test/install/test_pkg/lib/python3.12/site-packages'
[4.309s] Level 1:colcon.colcon_core.shell:create_environment_hook('test_pkg', 'pythonpath')
[4.309s] INFO:colcon.colcon_core.shell:Creating environment hook '/home/voltamon48/ros_test/install/test_pkg/share/test_pkg/hook/pythonpath.ps1'
[4.310s] INFO:colcon.colcon_core.shell:Creating environment descriptor '/home/voltamon48/ros_test/install/test_pkg/share/test_pkg/hook/pythonpath.dsv'
[4.310s] INFO:colcon.colcon_core.shell:Creating environment hook '/home/voltamon48/ros_test/install/test_pkg/share/test_pkg/hook/pythonpath.sh'
[4.312s] Level 1:colcon.colcon_core.environment:checking '/home/voltamon48/ros_test/install/test_pkg/bin'
[4.312s] Level 1:colcon.colcon_core.environment:create_environment_scripts_only(test_pkg)
[4.312s] INFO:colcon.colcon_core.shell:Creating package script '/home/voltamon48/ros_test/install/test_pkg/share/test_pkg/package.ps1'
[4.314s] INFO:colcon.colcon_core.shell:Creating package descriptor '/home/voltamon48/ros_test/install/test_pkg/share/test_pkg/package.dsv'
[4.315s] INFO:colcon.colcon_core.shell:Creating package script '/home/voltamon48/ros_test/install/test_pkg/share/test_pkg/package.sh'
[4.316s] INFO:colcon.colcon_core.shell:Creating package script '/home/voltamon48/ros_test/install/test_pkg/share/test_pkg/package.bash'
[4.317s] INFO:colcon.colcon_core.shell:Creating package script '/home/voltamon48/ros_test/install/test_pkg/share/test_pkg/package.zsh'
[4.317s] Level 1:colcon.colcon_core.environment:create_file_with_runtime_dependencies(/home/voltamon48/ros_test/install/test_pkg/share/colcon-core/packages/test_pkg)
[4.368s] Level 1:colcon.colcon_core.environment:checking '/home/voltamon48/ros_test/install/launch_pkg' for CMake module files
[4.369s] DEBUG:colcon.colcon_core.event_handler.log_command:Invoked command in '/home/voltamon48/ros_test/src/launch_pkg' returned '0': DEBUGINFOD_URLS=https://debuginfod.ubuntu.com PYTHONPATH=/home/voltamon48/ros_test/build/launch_pkg/prefix_override:/usr/lib/python3/dist-packages/colcon_core/task/python/colcon_distutils_commands:/home/voltamon48/ros_test/install/launch_pkg/lib/python3.12/site-packages:${PYTHONPATH} /usr/bin/python3 -W ignore:setup.py install is deprecated -W ignore:easy_install command is deprecated setup.py egg_info --egg-base ../../build/launch_pkg build --build-base /home/voltamon48/ros_test/build/launch_pkg/build install --record /home/voltamon48/ros_test/build/launch_pkg/install.log --single-version-externally-managed install_data
[4.369s] Level 1:colcon.colcon_core.environment:checking '/home/voltamon48/ros_test/install/launch_pkg' for CMake config files
[4.370s] Level 1:colcon.colcon_core.environment:checking '/home/voltamon48/ros_test/install/launch_pkg/lib'
[4.370s] Level 1:colcon.colcon_core.environment:checking '/home/voltamon48/ros_test/install/launch_pkg/bin'
[4.370s] Level 1:colcon.colcon_core.environment:checking '/home/voltamon48/ros_test/install/launch_pkg/lib/pkgconfig/launch_pkg.pc'
[4.371s] Level 1:colcon.colcon_core.environment:checking '/home/voltamon48/ros_test/install/launch_pkg/lib/python3.12/site-packages'
[4.371s] Level 1:colcon.colcon_core.shell:create_environment_hook('launch_pkg', 'pythonpath')
[4.371s] INFO:colcon.colcon_core.shell:Creating environment hook '/home/voltamon48/ros_test/install/launch_pkg/share/launch_pkg/hook/pythonpath.ps1'
[4.372s] INFO:colcon.colcon_core.shell:Creating environment descriptor '/home/voltamon48/ros_test/install/launch_pkg/share/launch_pkg/hook/pythonpath.dsv'
[4.372s] INFO:colcon.colcon_core.shell:Creating environment hook '/home/voltamon48/ros_test/install/launch_pkg/share/launch_pkg/hook/pythonpath.sh'
[4.373s] Level 1:colcon.colcon_core.environment:checking '/home/voltamon48/ros_test/install/launch_pkg/bin'
[4.373s] Level 1:colcon.colcon_core.environment:create_environment_scripts_only(launch_pkg)
[4.374s] INFO:colcon.colcon_core.shell:Creating package script '/home/voltamon48/ros_test/install/launch_pkg/share/launch_pkg/package.ps1'
[4.374s] INFO:colcon.colcon_core.shell:Creating package descriptor '/home/voltamon48/ros_test/install/launch_pkg/share/launch_pkg/package.dsv'
[4.375s] INFO:colcon.colcon_core.shell:Creating package script '/home/voltamon48/ros_test/install/launch_pkg/share/launch_pkg/package.sh'
[4.376s] INFO:colcon.colcon_core.shell:Creating package script '/home/voltamon48/ros_test/install/launch_pkg/share/launch_pkg/package.bash'
[4.376s] INFO:colcon.colcon_core.shell:Creating package script '/home/voltamon48/ros_test/install/launch_pkg/share/launch_pkg/package.zsh'
[4.377s] Level 1:colcon.colcon_core.environment:create_file_with_runtime_dependencies(/home/voltamon48/ros_test/install/launch_pkg/share/colcon-core/packages/launch_pkg)
[4.445s] Level 1:colcon.colcon_core.environment:checking '/home/voltamon48/ros_test/install/topic_activity' for CMake module files
[4.446s] DEBUG:colcon.colcon_core.event_handler.log_command:Invoked command in '/home/voltamon48/ros_test/src/topic_activity' returned '0': DEBUGINFOD_URLS=https://debuginfod.ubuntu.com PYTHONPATH=/home/voltamon48/ros_test/build/topic_activity/prefix_override:/usr/lib/python3/dist-packages/colcon_core/task/python/colcon_distutils_commands:/home/voltamon48/ros_test/install/topic_activity/lib/python3.12/site-packages:${PYTHONPATH} /usr/bin/python3 -W ignore:setup.py install is deprecated -W ignore:easy_install command is deprecated setup.py egg_info --egg-base ../../build/topic_activity build --build-base /home/voltamon48/ros_test/build/topic_activity/build install --record /home/voltamon48/ros_test/build/topic_activity/install.log --single-version-externally-managed install_data
[4.446s] Level 1:colcon.colcon_core.environment:checking '/home/voltamon48/ros_test/install/topic_activity' for CMake config files
[4.446s] Level 1:colcon.colcon_core.environment:checking '/home/voltamon48/ros_test/install/topic_activity/lib'
[4.447s] Level 1:colcon.colcon_core.environment:checking '/home/voltamon48/ros_test/install/topic_activity/bin'
[4.447s] Level 1:colcon.colcon_core.environment:checking '/home/voltamon48/ros_test/install/topic_activity/lib/pkgconfig/topic_activity.pc'
[4.447s] Level 1:colcon.colcon_core.environment:checking '/home/voltamon48/ros_test/install/topic_activity/lib/python3.12/site-packages'
[4.447s] Level 1:colcon.colcon_core.shell:create_environment_hook('topic_activity', 'pythonpath')
[4.447s] INFO:colcon.colcon_core.shell:Creating environment hook '/home/voltamon48/ros_test/install/topic_activity/share/topic_activity/hook/pythonpath.ps1'
[4.448s] INFO:colcon.colcon_core.shell:Creating environment descriptor '/home/voltamon48/ros_test/install/topic_activity/share/topic_activity/hook/pythonpath.dsv'
[4.448s] INFO:colcon.colcon_core.shell:Creating environment hook '/home/voltamon48/ros_test/install/topic_activity/share/topic_activity/hook/pythonpath.sh'
[4.449s] Level 1:colcon.colcon_core.environment:checking '/home/voltamon48/ros_test/install/topic_activity/bin'
[4.449s] Level 1:colcon.colcon_core.environment:create_environment_scripts_only(topic_activity)
[4.449s] INFO:colcon.colcon_core.shell:Creating package script '/home/voltamon48/ros_test/install/topic_activity/share/topic_activity/package.ps1'
[4.450s] INFO:colcon.colcon_core.shell:Creating package descriptor '/home/voltamon48/ros_test/install/topic_activity/share/topic_activity/package.dsv'
[4.450s] INFO:colcon.colcon_core.shell:Creating package script '/home/voltamon48/ros_test/install/topic_activity/share/topic_activity/package.sh'
[4.451s] INFO:colcon.colcon_core.shell:Creating package script '/home/voltamon48/ros_test/install/topic_activity/share/topic_activity/package.bash'
[4.451s] INFO:colcon.colcon_core.shell:Creating package script '/home/voltamon48/ros_test/install/topic_activity/share/topic_activity/package.zsh'
[4.451s] Level 1:colcon.colcon_core.environment:create_file_with_runtime_dependencies(/home/voltamon48/ros_test/install/topic_activity/share/colcon-core/packages/topic_activity)
[4.452s] DEBUG:colcon.colcon_parallel_executor.executor.parallel:closing loop
[4.452s] DEBUG:colcon.colcon_parallel_executor.executor.parallel:loop closed
[4.452s] DEBUG:colcon.colcon_parallel_executor.executor.parallel:run_until_complete finished with '0'
[4.452s] DEBUG:colcon.colcon_core.event_reactor:joining thread
[4.457s] INFO:colcon.colcon_core.plugin_system:Skipping extension 'colcon_notification.desktop_notification.terminal_notifier': Not used on non-Darwin systems
[4.458s] INFO:colcon.colcon_core.plugin_system:Skipping extension 'colcon_notification.desktop_notification.win32': Not used on non-Windows systems
[4.458s] INFO:colcon.colcon_notification.desktop_notification:Sending desktop notification using 'notify2'
[4.473s] DEBUG:colcon.colcon_core.event_reactor:joined thread
[4.473s] INFO:colcon.colcon_core.shell:Creating prefix script '/home/voltamon48/ros_test/install/local_setup.ps1'
[4.474s] INFO:colcon.colcon_core.shell:Creating prefix util module '/home/voltamon48/ros_test/install/_local_setup_util_ps1.py'
[4.475s] INFO:colcon.colcon_core.shell:Creating prefix chain script '/home/voltamon48/ros_test/install/setup.ps1'
[4.478s] INFO:colcon.colcon_core.shell:Creating prefix script '/home/voltamon48/ros_test/install/local_setup.sh'
[4.479s] INFO:colcon.colcon_core.shell:Creating prefix util module '/home/voltamon48/ros_test/install/_local_setup_util_sh.py'
[4.481s] INFO:colcon.colcon_core.shell:Creating prefix chain script '/home/voltamon48/ros_test/install/setup.sh'
[4.482s] INFO:colcon.colcon_core.shell:Creating prefix script '/home/voltamon48/ros_test/install/local_setup.bash'
[4.483s] INFO:colcon.colcon_core.shell:Creating prefix chain script '/home/voltamon48/ros_test/install/setup.bash'
[4.484s] INFO:colcon.colcon_core.shell:Creating prefix script '/home/voltamon48/ros_test/install/local_setup.zsh'
[4.485s] INFO:colcon.colcon_core.shell:Creating prefix chain script '/home/voltamon48/ros_test/install/setup.zsh'
