/home/voltamon48/ros_test/install/data_interface_bridge/lib/python3.12/site-packages/data_interface_bridge/node_pub.py
/home/voltamon48/ros_test/install/data_interface_bridge/lib/python3.12/site-packages/data_interface_bridge/node_sub.py
/home/voltamon48/ros_test/install/data_interface_bridge/lib/python3.12/site-packages/data_interface_bridge/__init__.py
/home/voltamon48/ros_test/install/data_interface_bridge/lib/python3.12/site-packages/data_interface_bridge/interfaces/identity.py
/home/voltamon48/ros_test/install/data_interface_bridge/lib/python3.12/site-packages/data_interface_bridge/interfaces/__init__.py
/home/voltamon48/ros_test/install/data_interface_bridge/lib/python3.12/site-packages/data_interface_bridge/__pycache__/node_pub.cpython-312.pyc
/home/voltamon48/ros_test/install/data_interface_bridge/lib/python3.12/site-packages/data_interface_bridge/__pycache__/node_sub.cpython-312.pyc
/home/voltamon48/ros_test/install/data_interface_bridge/lib/python3.12/site-packages/data_interface_bridge/__pycache__/__init__.cpython-312.pyc
/home/voltamon48/ros_test/install/data_interface_bridge/lib/python3.12/site-packages/data_interface_bridge/interfaces/__pycache__/identity.cpython-312.pyc
/home/voltamon48/ros_test/install/data_interface_bridge/lib/python3.12/site-packages/data_interface_bridge/interfaces/__pycache__/__init__.cpython-312.pyc
/home/voltamon48/ros_test/install/data_interface_bridge/share/ament_index/resource_index/packages/data_interface_bridge
/home/voltamon48/ros_test/install/data_interface_bridge/share/data_interface_bridge/package.xml
/home/voltamon48/ros_test/install/data_interface_bridge/lib/python3.12/site-packages/data_interface_bridge-0.0.0-py3.12.egg-info/PKG-INFO
/home/voltamon48/ros_test/install/data_interface_bridge/lib/python3.12/site-packages/data_interface_bridge-0.0.0-py3.12.egg-info/zip-safe
/home/voltamon48/ros_test/install/data_interface_bridge/lib/python3.12/site-packages/data_interface_bridge-0.0.0-py3.12.egg-info/SOURCES.txt
/home/voltamon48/ros_test/install/data_interface_bridge/lib/python3.12/site-packages/data_interface_bridge-0.0.0-py3.12.egg-info/dependency_links.txt
/home/voltamon48/ros_test/install/data_interface_bridge/lib/python3.12/site-packages/data_interface_bridge-0.0.0-py3.12.egg-info/entry_points.txt
/home/voltamon48/ros_test/install/data_interface_bridge/lib/python3.12/site-packages/data_interface_bridge-0.0.0-py3.12.egg-info/top_level.txt
/home/voltamon48/ros_test/install/data_interface_bridge/lib/python3.12/site-packages/data_interface_bridge-0.0.0-py3.12.egg-info/requires.txt
/home/voltamon48/ros_test/install/data_interface_bridge/lib/data_interface_bridge/pub
/home/voltamon48/ros_test/install/data_interface_bridge/lib/data_interface_bridge/sub
