running egg_info
writing ../../build/json_interfce_bridge/json_interfce_bridge.egg-info/PKG-INFO
writing dependency_links to ../../build/json_interfce_bridge/json_interfce_bridge.egg-info/dependency_links.txt
writing entry points to ../../build/json_interfce_bridge/json_interfce_bridge.egg-info/entry_points.txt
writing requirements to ../../build/json_interfce_bridge/json_interfce_bridge.egg-info/requires.txt
writing top-level names to ../../build/json_interfce_bridge/json_interfce_bridge.egg-info/top_level.txt
reading manifest file '../../build/json_interfce_bridge/json_interfce_bridge.egg-info/SOURCES.txt'
writing manifest file '../../build/json_interfce_bridge/json_interfce_bridge.egg-info/SOURCES.txt'
running build
running build_py
copying json_interfce_bridge/node_sub.py -> /home/voltamon48/ros_test/build/json_interfce_bridge/build/lib/json_interfce_bridge
running install
running install_lib
copying /home/voltamon48/ros_test/build/json_interfce_bridge/build/lib/json_interfce_bridge/node_sub.py -> /home/voltamon48/ros_test/install/json_interfce_bridge/lib/python3.12/site-packages/json_interfce_bridge
byte-compiling /home/voltamon48/ros_test/install/json_interfce_bridge/lib/python3.12/site-packages/json_interfce_bridge/node_sub.py to node_sub.cpython-312.pyc
running install_data
running install_egg_info
removing '/home/voltamon48/ros_test/install/json_interfce_bridge/lib/python3.12/site-packages/json_interfce_bridge-0.0.0-py3.12.egg-info' (and everything under it)
Copying ../../build/json_interfce_bridge/json_interfce_bridge.egg-info to /home/voltamon48/ros_test/install/json_interfce_bridge/lib/python3.12/site-packages/json_interfce_bridge-0.0.0-py3.12.egg-info
running install_scripts
Installing pub script to /home/voltamon48/ros_test/install/json_interfce_bridge/lib/json_interfce_bridge
Installing sub script to /home/voltamon48/ros_test/install/json_interfce_bridge/lib/json_interfce_bridge
writing list of installed files to '/home/voltamon48/ros_test/build/json_interfce_bridge/install.log'
