[0.689s] Invoking command in '/home/voltamon48/ros_test/build/rcl_utils': CMAKE_PREFIX_PATH=${CMAKE_PREFIX_PATH}:/home/voltamon48/ros_test/install/topic_activity:/home/voltamon48/ros_test/install/test_pkg:/home/voltamon48/ros_test/install/service_activity:/home/voltamon48/ros_test/install/launch_pkg:/home/voltamon48/ros_test/install/json_interfce_bridge:/home/voltamon48/ros_test/install/data_interface_bridge:/opt/ros/jazzy DEBUGINFOD_URLS=https://debuginfod.ubuntu.com /usr/bin/cmake --build /home/voltamon48/ros_test/build/rcl_utils -- -j8 -l8
[1.423s] [ 20%] [32mBuilding C object CMakeFiles/node_impl.dir/src/main.c.o[0m
[1.423s] [ 40%] [32m[1mLinking C executable node_impl[0m
[1.423s] [100%] Built target node_impl
[1.426s] Invoked command in '/home/voltamon48/ros_test/build/rcl_utils' returned '0': CMAKE_PREFIX_PATH=${CMAKE_PREFIX_PATH}:/home/voltamon48/ros_test/install/topic_activity:/home/voltamon48/ros_test/install/test_pkg:/home/voltamon48/ros_test/install/service_activity:/home/voltamon48/ros_test/install/launch_pkg:/home/voltamon48/ros_test/install/json_interfce_bridge:/home/voltamon48/ros_test/install/data_interface_bridge:/opt/ros/jazzy DEBUGINFOD_URLS=https://debuginfod.ubuntu.com /usr/bin/cmake --build /home/voltamon48/ros_test/build/rcl_utils -- -j8 -l8
[1.434s] Invoking command in '/home/voltamon48/ros_test/build/rcl_utils': CMAKE_PREFIX_PATH=${CMAKE_PREFIX_PATH}:/home/voltamon48/ros_test/install/topic_activity:/home/voltamon48/ros_test/install/test_pkg:/home/voltamon48/ros_test/install/service_activity:/home/voltamon48/ros_test/install/launch_pkg:/home/voltamon48/ros_test/install/json_interfce_bridge:/home/voltamon48/ros_test/install/data_interface_bridge:/opt/ros/jazzy DEBUGINFOD_URLS=https://debuginfod.ubuntu.com /usr/bin/cmake --install /home/voltamon48/ros_test/build/rcl_utils
[1.445s] -- Install configuration: ""
[1.446s] -- Installing: /home/voltamon48/ros_test/install/rcl_utils/lib/rcl_utils/node_impl
[1.447s] -- Set non-toolchain portion of runtime path of "/home/voltamon48/ros_test/install/rcl_utils/lib/rcl_utils/node_impl" to ""
[1.447s] -- Up-to-date: /home/voltamon48/ros_test/install/rcl_utils/share/ament_index/resource_index/package_run_dependencies/rcl_utils
[1.447s] -- Up-to-date: /home/voltamon48/ros_test/install/rcl_utils/share/ament_index/resource_index/parent_prefix_path/rcl_utils
[1.447s] -- Up-to-date: /home/voltamon48/ros_test/install/rcl_utils/share/rcl_utils/environment/ament_prefix_path.sh
[1.448s] -- Up-to-date: /home/voltamon48/ros_test/install/rcl_utils/share/rcl_utils/environment/ament_prefix_path.dsv
[1.448s] -- Up-to-date: /home/voltamon48/ros_test/install/rcl_utils/share/rcl_utils/environment/path.sh
[1.448s] -- Up-to-date: /home/voltamon48/ros_test/install/rcl_utils/share/rcl_utils/environment/path.dsv
[1.449s] -- Up-to-date: /home/voltamon48/ros_test/install/rcl_utils/share/rcl_utils/local_setup.bash
[1.450s] -- Up-to-date: /home/voltamon48/ros_test/install/rcl_utils/share/rcl_utils/local_setup.sh
[1.450s] -- Up-to-date: /home/voltamon48/ros_test/install/rcl_utils/share/rcl_utils/local_setup.zsh
[1.451s] -- Up-to-date: /home/voltamon48/ros_test/install/rcl_utils/share/rcl_utils/local_setup.dsv
[1.451s] -- Installing: /home/voltamon48/ros_test/install/rcl_utils/share/rcl_utils/package.dsv
[1.452s] -- Up-to-date: /home/voltamon48/ros_test/install/rcl_utils/share/ament_index/resource_index/packages/rcl_utils
[1.453s] -- Up-to-date: /home/voltamon48/ros_test/install/rcl_utils/share/rcl_utils/cmake/rcl_utilsConfig.cmake
[1.453s] -- Up-to-date: /home/voltamon48/ros_test/install/rcl_utils/share/rcl_utils/cmake/rcl_utilsConfig-version.cmake
[1.455s] -- Up-to-date: /home/voltamon48/ros_test/install/rcl_utils/share/rcl_utils/package.xml
[1.469s] Invoked command in '/home/voltamon48/ros_test/build/rcl_utils' returned '0': CMAKE_PREFIX_PATH=${CMAKE_PREFIX_PATH}:/home/voltamon48/ros_test/install/topic_activity:/home/voltamon48/ros_test/install/test_pkg:/home/voltamon48/ros_test/install/service_activity:/home/voltamon48/ros_test/install/launch_pkg:/home/voltamon48/ros_test/install/json_interfce_bridge:/home/voltamon48/ros_test/install/data_interface_bridge:/opt/ros/jazzy DEBUGINFOD_URLS=https://debuginfod.ubuntu.com /usr/bin/cmake --install /home/voltamon48/ros_test/build/rcl_utils
