[2.539s] Invoking command in '/home/voltamon48/ros_test/src/topic_activity': DEBUGINFOD_URLS=https://debuginfod.ubuntu.com PYTHONPATH=/home/voltamon48/ros_test/build/topic_activity/prefix_override:/usr/lib/python3/dist-packages/colcon_core/task/python/colcon_distutils_commands:/home/voltamon48/ros_test/install/topic_activity/lib/python3.12/site-packages:${PYTHONPATH} /usr/bin/python3 -W ignore:setup.py install is deprecated -W ignore:easy_install command is deprecated setup.py egg_info --egg-base ../../build/topic_activity build --build-base /home/voltamon48/ros_test/build/topic_activity/build install --record /home/voltamon48/ros_test/build/topic_activity/install.log --single-version-externally-managed install_data
[3.164s] running egg_info
[3.189s] writing ../../build/topic_activity/topic_activity.egg-info/PKG-INFO
[3.189s] writing dependency_links to ../../build/topic_activity/topic_activity.egg-info/dependency_links.txt
[3.189s] writing entry points to ../../build/topic_activity/topic_activity.egg-info/entry_points.txt
[3.189s] writing requirements to ../../build/topic_activity/topic_activity.egg-info/requires.txt
[3.190s] writing top-level names to ../../build/topic_activity/topic_activity.egg-info/top_level.txt
[3.247s] reading manifest file '../../build/topic_activity/topic_activity.egg-info/SOURCES.txt'
[3.248s] writing manifest file '../../build/topic_activity/topic_activity.egg-info/SOURCES.txt'
[3.248s] running build
[3.249s] running build_py
[3.249s] running install
[3.257s] running install_lib
[3.280s] running install_data
[3.281s] running install_egg_info
[3.305s] removing '/home/voltamon48/ros_test/install/topic_activity/lib/python3.12/site-packages/topic_activity-0.0.0-py3.12.egg-info' (and everything under it)
[3.306s] Copying ../../build/topic_activity/topic_activity.egg-info to /home/voltamon48/ros_test/install/topic_activity/lib/python3.12/site-packages/topic_activity-0.0.0-py3.12.egg-info
[3.307s] running install_scripts
[3.461s] Installing num_count script to /home/voltamon48/ros_test/install/topic_activity/lib/topic_activity
[3.461s] Installing num_pub script to /home/voltamon48/ros_test/install/topic_activity/lib/topic_activity
[3.461s] writing list of installed files to '/home/voltamon48/ros_test/build/topic_activity/install.log'
[3.498s] Invoked command in '/home/voltamon48/ros_test/src/topic_activity' returned '0': DEBUGINFOD_URLS=https://debuginfod.ubuntu.com PYTHONPATH=/home/voltamon48/ros_test/build/topic_activity/prefix_override:/usr/lib/python3/dist-packages/colcon_core/task/python/colcon_distutils_commands:/home/voltamon48/ros_test/install/topic_activity/lib/python3.12/site-packages:${PYTHONPATH} /usr/bin/python3 -W ignore:setup.py install is deprecated -W ignore:easy_install command is deprecated setup.py egg_info --egg-base ../../build/topic_activity build --build-base /home/voltamon48/ros_test/build/topic_activity/build install --record /home/voltamon48/ros_test/build/topic_activity/install.log --single-version-externally-managed install_data
