[ 12%] [32mBuilding C object CMakeFiles/node_impl.dir/src/spin.c.o[0m
[01m[K/home/voltamon48/ros_test/src/rcl_utils/src/spin.c:[m[K In function ‘[01m[Ksignal_handler[m[K’:
[01m[K/home/voltamon48/ros_test/src/rcl_utils/src/spin.c:13:20:[m[K [01;35m[Kwarning: [m[K‘[01m[Kreturn[m[K’ with a value, in function returning void [[01;35m[K]8;;https://gcc.gnu.org/onlinedocs/gcc/Warning-Options.html#index-Wreturn-type-Wreturn-type]8;;[m[K]
   13 |             return [01;35m[K1[m[K;
      |                    [01;35m[K^[m[K
[01m[K/home/voltamon48/ros_test/src/rcl_utils/src/spin.c:6:13:[m[K [01;36m[Knote: [m[Kdeclared here
    6 | static void [01;36m[Ksignal_handler[m[K(int sig) {
      |             [01;36m[K^~~~~~~~~~~~~~[m[K
[01m[K/home/voltamon48/ros_test/src/rcl_utils/src/spin.c:[m[K In function ‘[01m[Kcreate_spinner[m[K’:
[01m[K/home/voltamon48/ros_test/src/rcl_utils/src/spin.c:54:5:[m[K [01;35m[Kwarning: [m[K‘[01m[Krcl_timer_init[m[K’ is deprecated: Call rcl_timer_init2 instead [[01;35m[K]8;;https://gcc.gnu.org/onlinedocs/gcc/Warning-Options.html#index-Wdeprecated-declarations-Wdeprecated-declarations]8;;[m[K]
   54 |     [01;35m[Kret[m[K = rcl_timer_init(spinner.timer, spinner.clock, ctx, RCL_MS_TO_NS(1000), NULL, alloc);
      |     [01;35m[K^~~[m[K
In file included from [01m[K/opt/ros/jazzy/include/rcl/rcl/wait.h:33[m[K,
                 from [01m[K/opt/ros/jazzy/include/rcl/rcl/rcl.h:80[m[K,
                 from [01m[K/home/voltamon48/ros_test/src/rcl_utils/include/rcl_utils/error.h:7[m[K,
                 from [01m[K/home/voltamon48/ros_test/src/rcl_utils/include/rcl_utils/spin.h:4[m[K,
                 from [01m[K/home/voltamon48/ros_test/src/rcl_utils/src/spin.c:1[m[K:
[01m[K/opt/ros/jazzy/include/rcl/rcl/timer.h:188:1:[m[K [01;36m[Knote: [m[Kdeclared here
  188 | [01;36m[Krcl_timer_init[m[K(
      | [01;36m[K^~~~~~~~~~~~~~[m[K
[ 25%] [32m[1mLinking C executable node_impl[0m
[100%] Built target node_impl
-- Install configuration: ""
-- Installing: /home/voltamon48/ros_test/install/rcl_utils/lib/rcl_utils/node_impl
-- Set non-toolchain portion of runtime path of "/home/voltamon48/ros_test/install/rcl_utils/lib/rcl_utils/node_impl" to ""
-- Installing: /home/voltamon48/ros_test/install/rcl_utils/share/ament_index/resource_index/package_run_dependencies/rcl_utils
-- Installing: /home/voltamon48/ros_test/install/rcl_utils/share/ament_index/resource_index/parent_prefix_path/rcl_utils
-- Installing: /home/voltamon48/ros_test/install/rcl_utils/share/rcl_utils/environment/ament_prefix_path.sh
-- Installing: /home/voltamon48/ros_test/install/rcl_utils/share/rcl_utils/environment/ament_prefix_path.dsv
-- Installing: /home/voltamon48/ros_test/install/rcl_utils/share/rcl_utils/environment/path.sh
-- Installing: /home/voltamon48/ros_test/install/rcl_utils/share/rcl_utils/environment/path.dsv
-- Installing: /home/voltamon48/ros_test/install/rcl_utils/share/rcl_utils/local_setup.bash
-- Installing: /home/voltamon48/ros_test/install/rcl_utils/share/rcl_utils/local_setup.sh
-- Installing: /home/voltamon48/ros_test/install/rcl_utils/share/rcl_utils/local_setup.zsh
-- Installing: /home/voltamon48/ros_test/install/rcl_utils/share/rcl_utils/local_setup.dsv
-- Up-to-date: /home/voltamon48/ros_test/install/rcl_utils/share/rcl_utils/package.dsv
-- Installing: /home/voltamon48/ros_test/install/rcl_utils/share/ament_index/resource_index/packages/rcl_utils
-- Installing: /home/voltamon48/ros_test/install/rcl_utils/share/rcl_utils/cmake/rcl_utilsConfig.cmake
-- Installing: /home/voltamon48/ros_test/install/rcl_utils/share/rcl_utils/cmake/rcl_utilsConfig-version.cmake
-- Installing: /home/voltamon48/ros_test/install/rcl_utils/share/rcl_utils/package.xml
