[0.011s] Invoking command in '/home/voltamon48/ros_test/build/rcl_utils': CMAKE_PREFIX_PATH=${CMAKE_PREFIX_PATH}:/opt/ros/jazzy DEBUGINFOD_URLS=https://debuginfod.ubuntu.com /usr/bin/cmake --build /home/voltamon48/ros_test/build/rcl_utils -- -j8 -l8
[0.054s] [ 12%] [32mBuilding C object CMakeFiles/node_impl.dir/src/spin.c.o[0m
[0.101s] [01m[K/home/voltamon48/ros_test/src/rcl_utils/src/spin.c:[m[K In function ‘[01m[Ksignal_handler[m[K’:
[0.101s] [01m[K/home/voltamon48/ros_test/src/rcl_utils/src/spin.c:13:20:[m[K [01;35m[Kwarning: [m[K‘[01m[Kreturn[m[K’ with a value, in function returning void [[01;35m[K]8;;https://gcc.gnu.org/onlinedocs/gcc/Warning-Options.html#index-Wreturn-type-Wreturn-type]8;;[m[K]
[0.101s]    13 |             return [01;35m[K1[m[K;
[0.101s]       |                    [01;35m[K^[m[K
[0.101s] [01m[K/home/voltamon48/ros_test/src/rcl_utils/src/spin.c:6:13:[m[K [01;36m[Knote: [m[Kdeclared here
[0.101s]     6 | static void [01;36m[Ksignal_handler[m[K(int sig) {
[0.101s]       |             [01;36m[K^~~~~~~~~~~~~~[m[K
[0.101s] [01m[K/home/voltamon48/ros_test/src/rcl_utils/src/spin.c:[m[K In function ‘[01m[Kcreate_spinner[m[K’:
[0.102s] [01m[K/home/voltamon48/ros_test/src/rcl_utils/src/spin.c:54:5:[m[K [01;35m[Kwarning: [m[K‘[01m[Krcl_timer_init[m[K’ is deprecated: Call rcl_timer_init2 instead [[01;35m[K]8;;https://gcc.gnu.org/onlinedocs/gcc/Warning-Options.html#index-Wdeprecated-declarations-Wdeprecated-declarations]8;;[m[K]
[0.102s]    54 |     [01;35m[Kret[m[K = rcl_timer_init(spinner.timer, spinner.clock, ctx, RCL_MS_TO_NS(1000), NULL, alloc);
[0.102s]       |     [01;35m[K^~~[m[K
[0.102s] In file included from [01m[K/opt/ros/jazzy/include/rcl/rcl/wait.h:33[m[K,
[0.102s]                  from [01m[K/opt/ros/jazzy/include/rcl/rcl/rcl.h:80[m[K,
[0.102s]                  from [01m[K/home/voltamon48/ros_test/src/rcl_utils/include/rcl_utils/error.h:7[m[K,
[0.102s]                  from [01m[K/home/voltamon48/ros_test/src/rcl_utils/include/rcl_utils/spin.h:4[m[K,
[0.102s]                  from [01m[K/home/voltamon48/ros_test/src/rcl_utils/src/spin.c:1[m[K:
[0.102s] [01m[K/opt/ros/jazzy/include/rcl/rcl/timer.h:188:1:[m[K [01;36m[Knote: [m[Kdeclared here
[0.102s]   188 | [01;36m[Krcl_timer_init[m[K(
[0.102s]       | [01;36m[K^~~~~~~~~~~~~~[m[K
[0.125s] [ 25%] [32m[1mLinking C executable node_impl[0m
[0.194s] [100%] Built target node_impl
[0.204s] Invoked command in '/home/voltamon48/ros_test/build/rcl_utils' returned '0': CMAKE_PREFIX_PATH=${CMAKE_PREFIX_PATH}:/opt/ros/jazzy DEBUGINFOD_URLS=https://debuginfod.ubuntu.com /usr/bin/cmake --build /home/voltamon48/ros_test/build/rcl_utils -- -j8 -l8
[0.212s] Invoking command in '/home/voltamon48/ros_test/build/rcl_utils': CMAKE_PREFIX_PATH=${CMAKE_PREFIX_PATH}:/opt/ros/jazzy DEBUGINFOD_URLS=https://debuginfod.ubuntu.com /usr/bin/cmake --install /home/voltamon48/ros_test/build/rcl_utils
[0.218s] -- Install configuration: ""
[0.218s] -- Installing: /home/voltamon48/ros_test/install/rcl_utils/lib/rcl_utils/node_impl
[0.219s] -- Set non-toolchain portion of runtime path of "/home/voltamon48/ros_test/install/rcl_utils/lib/rcl_utils/node_impl" to ""
[0.219s] -- Installing: /home/voltamon48/ros_test/install/rcl_utils/share/ament_index/resource_index/package_run_dependencies/rcl_utils
[0.219s] -- Installing: /home/voltamon48/ros_test/install/rcl_utils/share/ament_index/resource_index/parent_prefix_path/rcl_utils
[0.219s] -- Installing: /home/voltamon48/ros_test/install/rcl_utils/share/rcl_utils/environment/ament_prefix_path.sh
[0.219s] -- Installing: /home/voltamon48/ros_test/install/rcl_utils/share/rcl_utils/environment/ament_prefix_path.dsv
[0.219s] -- Installing: /home/voltamon48/ros_test/install/rcl_utils/share/rcl_utils/environment/path.sh
[0.220s] -- Installing: /home/voltamon48/ros_test/install/rcl_utils/share/rcl_utils/environment/path.dsv
[0.220s] -- Installing: /home/voltamon48/ros_test/install/rcl_utils/share/rcl_utils/local_setup.bash
[0.220s] -- Installing: /home/voltamon48/ros_test/install/rcl_utils/share/rcl_utils/local_setup.sh
[0.220s] -- Installing: /home/voltamon48/ros_test/install/rcl_utils/share/rcl_utils/local_setup.zsh
[0.220s] -- Installing: /home/voltamon48/ros_test/install/rcl_utils/share/rcl_utils/local_setup.dsv
[0.220s] -- Up-to-date: /home/voltamon48/ros_test/install/rcl_utils/share/rcl_utils/package.dsv
[0.220s] -- Installing: /home/voltamon48/ros_test/install/rcl_utils/share/ament_index/resource_index/packages/rcl_utils
[0.220s] -- Installing: /home/voltamon48/ros_test/install/rcl_utils/share/rcl_utils/cmake/rcl_utilsConfig.cmake
[0.220s] -- Installing: /home/voltamon48/ros_test/install/rcl_utils/share/rcl_utils/cmake/rcl_utilsConfig-version.cmake
[0.220s] -- Installing: /home/voltamon48/ros_test/install/rcl_utils/share/rcl_utils/package.xml
[0.222s] Invoked command in '/home/voltamon48/ros_test/build/rcl_utils' returned '0': CMAKE_PREFIX_PATH=${CMAKE_PREFIX_PATH}:/opt/ros/jazzy DEBUGINFOD_URLS=https://debuginfod.ubuntu.com /usr/bin/cmake --install /home/voltamon48/ros_test/build/rcl_utils
