[0.011s] Invoking command in '/home/voltamon48/ros_test/build/rcl_utils': CMAKE_PREFIX_PATH=${CMAKE_PREFIX_PATH}:/opt/ros/jazzy DEBUGINFOD_URLS=https://debuginfod.ubuntu.com /usr/bin/cmake --build /home/voltamon48/ros_test/build/rcl_utils -- -j8 -l8
[0.054s] [ 12%] [32mBuilding C object CMakeFiles/node_impl.dir/src/main.c.o[0m
[0.103s] [01m[K/home/voltamon48/ros_test/src/rcl_utils/src/main.c:[m[K In function ‘[01m[Kmain[m[K’:
[0.104s] [01m[K/home/voltamon48/ros_test/src/rcl_utils/src/main.c:63:17:[m[K [01;35m[Kwarning: [m[Kignoring return value of ‘[01m[Krcl_timer_call[m[K’ declared with attribute ‘[01m[Kwarn_unused_result[m[K’ [[01;35m[K]8;;https://gcc.gnu.org/onlinedocs/gcc/Warning-Options.html#index-Wunused-result-Wunused-result]8;;[m[K]
[0.104s]    63 |                 [01;35m[Krcl_timer_call(spinner.timer)[m[K;
[0.104s]       |                 [01;35m[K^~~~~~~~~~~~~~~~~~~~~~~~~~~~~[m[K
[0.120s] [ 25%] [32m[1mLinking C executable node_impl[0m
[0.197s] [100%] Built target node_impl
[0.211s] Invoked command in '/home/voltamon48/ros_test/build/rcl_utils' returned '0': CMAKE_PREFIX_PATH=${CMAKE_PREFIX_PATH}:/opt/ros/jazzy DEBUGINFOD_URLS=https://debuginfod.ubuntu.com /usr/bin/cmake --build /home/voltamon48/ros_test/build/rcl_utils -- -j8 -l8
[0.220s] Invoking command in '/home/voltamon48/ros_test/build/rcl_utils': CMAKE_PREFIX_PATH=${CMAKE_PREFIX_PATH}:/opt/ros/jazzy DEBUGINFOD_URLS=https://debuginfod.ubuntu.com /usr/bin/cmake --install /home/voltamon48/ros_test/build/rcl_utils
[0.227s] -- Install configuration: ""
[0.228s] -- Installing: /home/voltamon48/ros_test/install/rcl_utils/lib/rcl_utils/node_impl
[0.228s] -- Set non-toolchain portion of runtime path of "/home/voltamon48/ros_test/install/rcl_utils/lib/rcl_utils/node_impl" to ""
[0.228s] -- Up-to-date: /home/voltamon48/ros_test/install/rcl_utils/share/ament_index/resource_index/package_run_dependencies/rcl_utils
[0.228s] -- Up-to-date: /home/voltamon48/ros_test/install/rcl_utils/share/ament_index/resource_index/parent_prefix_path/rcl_utils
[0.228s] -- Up-to-date: /home/voltamon48/ros_test/install/rcl_utils/share/rcl_utils/environment/ament_prefix_path.sh
[0.228s] -- Up-to-date: /home/voltamon48/ros_test/install/rcl_utils/share/rcl_utils/environment/ament_prefix_path.dsv
[0.228s] -- Up-to-date: /home/voltamon48/ros_test/install/rcl_utils/share/rcl_utils/environment/path.sh
[0.228s] -- Up-to-date: /home/voltamon48/ros_test/install/rcl_utils/share/rcl_utils/environment/path.dsv
[0.228s] -- Up-to-date: /home/voltamon48/ros_test/install/rcl_utils/share/rcl_utils/local_setup.bash
[0.229s] -- Up-to-date: /home/voltamon48/ros_test/install/rcl_utils/share/rcl_utils/local_setup.sh
[0.229s] -- Up-to-date: /home/voltamon48/ros_test/install/rcl_utils/share/rcl_utils/local_setup.zsh
[0.229s] -- Up-to-date: /home/voltamon48/ros_test/install/rcl_utils/share/rcl_utils/local_setup.dsv
[0.229s] -- Installing: /home/voltamon48/ros_test/install/rcl_utils/share/rcl_utils/package.dsv
[0.229s] -- Up-to-date: /home/voltamon48/ros_test/install/rcl_utils/share/ament_index/resource_index/packages/rcl_utils
[0.229s] -- Up-to-date: /home/voltamon48/ros_test/install/rcl_utils/share/rcl_utils/cmake/rcl_utilsConfig.cmake
[0.229s] -- Up-to-date: /home/voltamon48/ros_test/install/rcl_utils/share/rcl_utils/cmake/rcl_utilsConfig-version.cmake
[0.229s] -- Up-to-date: /home/voltamon48/ros_test/install/rcl_utils/share/rcl_utils/package.xml
[0.230s] Invoked command in '/home/voltamon48/ros_test/build/rcl_utils' returned '0': CMAKE_PREFIX_PATH=${CMAKE_PREFIX_PATH}:/opt/ros/jazzy DEBUGINFOD_URLS=https://debuginfod.ubuntu.com /usr/bin/cmake --install /home/voltamon48/ros_test/build/rcl_utils
