In file included from [01m[K/home/voltamon48/ros_test/src/rcl_utils/include/rcl_utils/ros.h:5[m[K,
                 from [01m[K/home/voltamon48/ros_test/src/rcl_utils/src/main.c:1[m[K:
[01m[K/home/voltamon48/ros_test/src/rcl_utils/include/rcl_utils/error.h:8:10:[m[K [01;31m[Kfatal error: [m[Krcl/error_handling.g: No such file or directory
    8 | #include [01;31m[K<rcl/error_handling.g>[m[K
      |          [01;31m[K^~~~~~~~~~~~~~~~~~~~~~[m[K
In file included from [01m[K/home/voltamon48/ros_test/src/rcl_utils/include/rcl_utils/node.h:5[m[K,
                 from [01m[K/home/voltamon48/ros_test/src/rcl_utils/src/node.c:1[m[K:
[01m[K/home/voltamon48/ros_test/src/rcl_utils/include/rcl_utils/error.h:8:10:[m[K [01;31m[Kfatal error: [m[Krcl/error_handling.g: No such file or directory
    8 | #include [01;31m[K<rcl/error_handling.g>[m[K
      |          [01;31m[K^~~~~~~~~~~~~~~~~~~~~~[m[K
In file included from [01m[K/home/voltamon48/ros_test/src/rcl_utils/include/rcl_utils/ros.h:5[m[K,
                 from [01m[K/home/voltamon48/ros_test/src/rcl_utils/src/ros.c:1[m[K:
[01m[K/home/voltamon48/ros_test/src/rcl_utils/include/rcl_utils/error.h:8:10:[m[K [01;31m[Kfatal error: [m[Krcl/error_handling.g: No such file or directory
    8 | #include [01;31m[K<rcl/error_handling.g>[m[K
      |          [01;31m[K^~~~~~~~~~~~~~~~~~~~~~[m[K
compilation terminated.
compilation terminated.
compilation terminated.
gmake[2]: *** [CMakeFiles/example.dir/build.make:104: CMakeFiles/example.dir/src/node.c.o] Error 1
gmake[2]: *** Waiting for unfinished jobs....
gmake[2]: *** [CMakeFiles/example.dir/build.make:90: CMakeFiles/example.dir/src/ros.c.o] Error 1
gmake[2]: *** [CMakeFiles/example.dir/build.make:76: CMakeFiles/example.dir/src/main.c.o] Error 1
gmake[1]: *** [CMakeFiles/Makefile2:137: CMakeFiles/example.dir/all] Error 2
gmake: *** [Makefile:146: all] Error 2
