[0.011s] Invoking command in '/home/voltamon48/ros_test/build/rcl_utils': CMAKE_PREFIX_PATH=${CMAKE_PREFIX_PATH}:/opt/ros/jazzy DEBUGINFOD_URLS=https://debuginfod.ubuntu.com /usr/bin/cmake --build /home/voltamon48/ros_test/build/rcl_utils -- -j8 -l8
[0.054s] [ 12%] [32mBuilding C object CMakeFiles/node_impl.dir/src/spin.c.o[0m
[0.103s] [01m[K/home/voltamon48/ros_test/src/rcl_utils/src/spin.c:[m[K In function ‘[01m[Ksignal_handler[m[K’:
[0.103s] [01m[K/home/voltamon48/ros_test/src/rcl_utils/src/spin.c:11:9:[m[K [01;31m[Kerror: [m[K‘[01m[Kret[m[K’ undeclared (first use in this function); did you mean ‘[01m[Kret_t[m[K’?
[0.103s]    11 |         [01;31m[Kret[m[K = rcl_trigger_guard_condition(term_g);
[0.103s]       |         [01;31m[K^~~[m[K
[0.103s]       |         [32m[Kret_t[m[K
[0.103s] [01m[K/home/voltamon48/ros_test/src/rcl_utils/src/spin.c:11:9:[m[K [01;36m[Knote: [m[Keach undeclared identifier is reported only once for each function it appears in
[0.104s] [01m[K/home/voltamon48/ros_test/src/rcl_utils/src/spin.c:13:20:[m[K [01;35m[Kwarning: [m[K‘[01m[Kreturn[m[K’ with a value, in function returning void [[01;35m[K]8;;https://gcc.gnu.org/onlinedocs/gcc/Warning-Options.html#index-Wreturn-type-Wreturn-type]8;;[m[K]
[0.104s]    13 |             return [01;35m[K1[m[K;
[0.104s]       |                    [01;35m[K^[m[K
[0.104s] [01m[K/home/voltamon48/ros_test/src/rcl_utils/src/spin.c:6:13:[m[K [01;36m[Knote: [m[Kdeclared here
[0.104s]     6 | static void [01;36m[Ksignal_handler[m[K(int sig) {
[0.104s]       |             [01;36m[K^~~~~~~~~~~~~~[m[K
[0.104s] [01m[K/home/voltamon48/ros_test/src/rcl_utils/src/spin.c:[m[K In function ‘[01m[Kcreate_spinner[m[K’:
[0.104s] [01m[K/home/voltamon48/ros_test/src/rcl_utils/src/spin.c:54:5:[m[K [01;35m[Kwarning: [m[K‘[01m[Krcl_timer_init[m[K’ is deprecated: Call rcl_timer_init2 instead [[01;35m[K]8;;https://gcc.gnu.org/onlinedocs/gcc/Warning-Options.html#index-Wdeprecated-declarations-Wdeprecated-declarations]8;;[m[K]
[0.104s]    54 |     [01;35m[Kret[m[K = rcl_timer_init(spinner.timer, spinner.clock, ctx, RCL_MS_TO_NS(1000), NULL, alloc);
[0.104s]       |     [01;35m[K^~~[m[K
[0.104s] In file included from [01m[K/opt/ros/jazzy/include/rcl/rcl/wait.h:33[m[K,
[0.104s]                  from [01m[K/opt/ros/jazzy/include/rcl/rcl/rcl.h:80[m[K,
[0.104s]                  from [01m[K/home/voltamon48/ros_test/src/rcl_utils/include/rcl_utils/error.h:7[m[K,
[0.104s]                  from [01m[K/home/voltamon48/ros_test/src/rcl_utils/include/rcl_utils/spin.h:4[m[K,
[0.105s]                  from [01m[K/home/voltamon48/ros_test/src/rcl_utils/src/spin.c:1[m[K:
[0.105s] [01m[K/opt/ros/jazzy/include/rcl/rcl/timer.h:188:1:[m[K [01;36m[Knote: [m[Kdeclared here
[0.105s]   188 | [01;36m[Krcl_timer_init[m[K(
[0.105s]       | [01;36m[K^~~~~~~~~~~~~~[m[K
[0.108s] gmake[2]: *** [CMakeFiles/node_impl.dir/build.make:160: CMakeFiles/node_impl.dir/src/spin.c.o] Error 1
[0.108s] gmake[1]: *** [CMakeFiles/Makefile2:137: CMakeFiles/node_impl.dir/all] Error 2
[0.108s] gmake: *** [Makefile:146: all] Error 2
[0.110s] Invoked command in '/home/voltamon48/ros_test/build/rcl_utils' returned '2': CMAKE_PREFIX_PATH=${CMAKE_PREFIX_PATH}:/opt/ros/jazzy DEBUGINFOD_URLS=https://debuginfod.ubuntu.com /usr/bin/cmake --build /home/voltamon48/ros_test/build/rcl_utils -- -j8 -l8
