/home/voltamon48/ros_test/install/service_activity/lib/python3.12/site-packages/service_activity/number_counter.py
/home/voltamon48/ros_test/install/service_activity/lib/python3.12/site-packages/service_activity/number_publisher.py
/home/voltamon48/ros_test/install/service_activity/lib/python3.12/site-packages/service_activity/number_service.py
/home/voltamon48/ros_test/install/service_activity/lib/python3.12/site-packages/service_activity/__init__.py
/home/voltamon48/ros_test/install/service_activity/lib/python3.12/site-packages/service_activity/__pycache__/number_counter.cpython-312.pyc
/home/voltamon48/ros_test/install/service_activity/lib/python3.12/site-packages/service_activity/__pycache__/number_publisher.cpython-312.pyc
/home/voltamon48/ros_test/install/service_activity/lib/python3.12/site-packages/service_activity/__pycache__/number_service.cpython-312.pyc
/home/voltamon48/ros_test/install/service_activity/lib/python3.12/site-packages/service_activity/__pycache__/__init__.cpython-312.pyc
/home/voltamon48/ros_test/install/service_activity/share/ament_index/resource_index/packages/service_activity
/home/voltamon48/ros_test/install/service_activity/share/service_activity/package.xml
/home/voltamon48/ros_test/install/service_activity/lib/python3.12/site-packages/service_activity-0.0.0-py3.12.egg-info/PKG-INFO
/home/voltamon48/ros_test/install/service_activity/lib/python3.12/site-packages/service_activity-0.0.0-py3.12.egg-info/zip-safe
/home/voltamon48/ros_test/install/service_activity/lib/python3.12/site-packages/service_activity-0.0.0-py3.12.egg-info/SOURCES.txt
/home/voltamon48/ros_test/install/service_activity/lib/python3.12/site-packages/service_activity-0.0.0-py3.12.egg-info/dependency_links.txt
/home/voltamon48/ros_test/install/service_activity/lib/python3.12/site-packages/service_activity-0.0.0-py3.12.egg-info/entry_points.txt
/home/voltamon48/ros_test/install/service_activity/lib/python3.12/site-packages/service_activity-0.0.0-py3.12.egg-info/top_level.txt
/home/voltamon48/ros_test/install/service_activity/lib/python3.12/site-packages/service_activity-0.0.0-py3.12.egg-info/requires.txt
/home/voltamon48/ros_test/install/service_activity/lib/service_activity/num_count
/home/voltamon48/ros_test/install/service_activity/lib/service_activity/num_pub
/home/voltamon48/ros_test/install/service_activity/lib/service_activity/num_srv
