[2.577s] Invoking command in '/home/voltamon48/ros_test/src/data_interface_bridge': DEBUGINFOD_URLS=https://debuginfod.ubuntu.com PYTHONPATH=/home/voltamon48/ros_test/build/data_interface_bridge/prefix_override:/usr/lib/python3/dist-packages/colcon_core/task/python/colcon_distutils_commands:/home/voltamon48/ros_test/install/data_interface_bridge/lib/python3.12/site-packages:${PYTHONPATH} /usr/bin/python3 -W ignore:setup.py install is deprecated -W ignore:easy_install command is deprecated setup.py egg_info --egg-base ../../build/data_interface_bridge build --build-base /home/voltamon48/ros_test/build/data_interface_bridge/build install --record /home/voltamon48/ros_test/build/data_interface_bridge/install.log --single-version-externally-managed install_data
[3.153s] running egg_info
[3.190s] writing ../../build/data_interface_bridge/data_interface_bridge.egg-info/PKG-INFO
[3.190s] writing dependency_links to ../../build/data_interface_bridge/data_interface_bridge.egg-info/dependency_links.txt
[3.191s] writing entry points to ../../build/data_interface_bridge/data_interface_bridge.egg-info/entry_points.txt
[3.191s] writing requirements to ../../build/data_interface_bridge/data_interface_bridge.egg-info/requires.txt
[3.191s] writing top-level names to ../../build/data_interface_bridge/data_interface_bridge.egg-info/top_level.txt
[3.251s] reading manifest file '../../build/data_interface_bridge/data_interface_bridge.egg-info/SOURCES.txt'
[3.252s] writing manifest file '../../build/data_interface_bridge/data_interface_bridge.egg-info/SOURCES.txt'
[3.252s] running build
[3.252s] running build_py
[3.253s] copying data_interface_bridge/node_sub.py -> /home/voltamon48/ros_test/build/data_interface_bridge/build/lib/data_interface_bridge
[3.253s] running install
[3.264s] running install_lib
[3.295s] copying /home/voltamon48/ros_test/build/data_interface_bridge/build/lib/data_interface_bridge/node_sub.py -> /home/voltamon48/ros_test/install/data_interface_bridge/lib/python3.12/site-packages/data_interface_bridge
[3.296s] byte-compiling /home/voltamon48/ros_test/install/data_interface_bridge/lib/python3.12/site-packages/data_interface_bridge/node_sub.py to node_sub.cpython-312.pyc
[3.297s] running install_data
[3.297s] running install_egg_info
[3.322s] removing '/home/voltamon48/ros_test/install/data_interface_bridge/lib/python3.12/site-packages/data_interface_bridge-0.0.0-py3.12.egg-info' (and everything under it)
[3.322s] Copying ../../build/data_interface_bridge/data_interface_bridge.egg-info to /home/voltamon48/ros_test/install/data_interface_bridge/lib/python3.12/site-packages/data_interface_bridge-0.0.0-py3.12.egg-info
[3.323s] running install_scripts
[3.479s] Installing pub script to /home/voltamon48/ros_test/install/data_interface_bridge/lib/data_interface_bridge
[3.479s] Installing sub script to /home/voltamon48/ros_test/install/data_interface_bridge/lib/data_interface_bridge
[3.480s] writing list of installed files to '/home/voltamon48/ros_test/build/data_interface_bridge/install.log'
[3.509s] Invoked command in '/home/voltamon48/ros_test/src/data_interface_bridge' returned '0': DEBUGINFOD_URLS=https://debuginfod.ubuntu.com PYTHONPATH=/home/voltamon48/ros_test/build/data_interface_bridge/prefix_override:/usr/lib/python3/dist-packages/colcon_core/task/python/colcon_distutils_commands:/home/voltamon48/ros_test/install/data_interface_bridge/lib/python3.12/site-packages:${PYTHONPATH} /usr/bin/python3 -W ignore:setup.py install is deprecated -W ignore:easy_install command is deprecated setup.py egg_info --egg-base ../../build/data_interface_bridge build --build-base /home/voltamon48/ros_test/build/data_interface_bridge/build install --record /home/voltamon48/ros_test/build/data_interface_bridge/install.log --single-version-externally-managed install_data
