[1.558s] Invoking command in '/home/voltamon48/ros_test/src/service_activity': DEBUGINFOD_URLS=https://debuginfod.ubuntu.com PYTHONPATH=/home/voltamon48/ros_test/build/service_activity/prefix_override:/usr/lib/python3/dist-packages/colcon_core/task/python/colcon_distutils_commands:/home/voltamon48/ros_test/install/service_activity/lib/python3.12/site-packages:${PYTHONPATH} /usr/bin/python3 -W ignore:setup.py install is deprecated -W ignore:easy_install command is deprecated setup.py egg_info --egg-base ../../build/service_activity build --build-base /home/voltamon48/ros_test/build/service_activity/build install --record /home/voltamon48/ros_test/build/service_activity/install.log --single-version-externally-managed install_data
[1.928s] running egg_info
[1.928s] creating ../../build/service_activity/service_activity.egg-info
[1.956s] writing ../../build/service_activity/service_activity.egg-info/PKG-INFO
[1.956s] writing dependency_links to ../../build/service_activity/service_activity.egg-info/dependency_links.txt
[1.956s] writing entry points to ../../build/service_activity/service_activity.egg-info/entry_points.txt
[1.957s] writing requirements to ../../build/service_activity/service_activity.egg-info/requires.txt
[1.957s] writing top-level names to ../../build/service_activity/service_activity.egg-info/top_level.txt
[1.957s] writing manifest file '../../build/service_activity/service_activity.egg-info/SOURCES.txt'
[2.013s] reading manifest file '../../build/service_activity/service_activity.egg-info/SOURCES.txt'
[2.014s] writing manifest file '../../build/service_activity/service_activity.egg-info/SOURCES.txt'
[2.014s] running build
[2.015s] running build_py
[2.015s] creating /home/voltamon48/ros_test/build/service_activity/build
[2.015s] creating /home/voltamon48/ros_test/build/service_activity/build/lib
[2.016s] creating /home/voltamon48/ros_test/build/service_activity/build/lib/service_activity
[2.016s] copying service_activity/number_counter.py -> /home/voltamon48/ros_test/build/service_activity/build/lib/service_activity
[2.016s] copying service_activity/number_publisher.py -> /home/voltamon48/ros_test/build/service_activity/build/lib/service_activity
[2.016s] copying service_activity/number_service.py -> /home/voltamon48/ros_test/build/service_activity/build/lib/service_activity
[2.017s] copying service_activity/__init__.py -> /home/voltamon48/ros_test/build/service_activity/build/lib/service_activity
[2.017s] running install
[2.028s] running install_lib
[2.057s] creating /home/voltamon48/ros_test/install/service_activity/lib/python3.12/site-packages/service_activity
[2.057s] copying /home/voltamon48/ros_test/build/service_activity/build/lib/service_activity/number_counter.py -> /home/voltamon48/ros_test/install/service_activity/lib/python3.12/site-packages/service_activity
[2.057s] copying /home/voltamon48/ros_test/build/service_activity/build/lib/service_activity/number_publisher.py -> /home/voltamon48/ros_test/install/service_activity/lib/python3.12/site-packages/service_activity
[2.058s] copying /home/voltamon48/ros_test/build/service_activity/build/lib/service_activity/number_service.py -> /home/voltamon48/ros_test/install/service_activity/lib/python3.12/site-packages/service_activity
[2.058s] copying /home/voltamon48/ros_test/build/service_activity/build/lib/service_activity/__init__.py -> /home/voltamon48/ros_test/install/service_activity/lib/python3.12/site-packages/service_activity
[2.058s] byte-compiling /home/voltamon48/ros_test/install/service_activity/lib/python3.12/site-packages/service_activity/number_counter.py to number_counter.cpython-312.pyc
[2.059s] byte-compiling /home/voltamon48/ros_test/install/service_activity/lib/python3.12/site-packages/service_activity/number_publisher.py to number_publisher.cpython-312.pyc
[2.060s] byte-compiling /home/voltamon48/ros_test/install/service_activity/lib/python3.12/site-packages/service_activity/number_service.py to number_service.cpython-312.pyc
[2.060s] byte-compiling /home/voltamon48/ros_test/install/service_activity/lib/python3.12/site-packages/service_activity/__init__.py to __init__.cpython-312.pyc
[2.060s] running install_data
[2.060s] creating /home/voltamon48/ros_test/install/service_activity/share/ament_index
[2.061s] creating /home/voltamon48/ros_test/install/service_activity/share/ament_index/resource_index
[2.061s] creating /home/voltamon48/ros_test/install/service_activity/share/ament_index/resource_index/packages
[2.061s] copying resource/service_activity -> /home/voltamon48/ros_test/install/service_activity/share/ament_index/resource_index/packages
[2.061s] copying package.xml -> /home/voltamon48/ros_test/install/service_activity/share/service_activity
[2.062s] running install_egg_info
[2.094s] Copying ../../build/service_activity/service_activity.egg-info to /home/voltamon48/ros_test/install/service_activity/lib/python3.12/site-packages/service_activity-0.0.0-py3.12.egg-info
[2.096s] running install_scripts
[2.293s] Installing numr_count script to /home/voltamon48/ros_test/install/service_activity/lib/service_activity
[2.293s] Installing numr_pub script to /home/voltamon48/ros_test/install/service_activity/lib/service_activity
[2.294s] Installing numr_srv script to /home/voltamon48/ros_test/install/service_activity/lib/service_activity
[2.294s] writing list of installed files to '/home/voltamon48/ros_test/build/service_activity/install.log'
[2.353s] Invoked command in '/home/voltamon48/ros_test/src/service_activity' returned '0': DEBUGINFOD_URLS=https://debuginfod.ubuntu.com PYTHONPATH=/home/voltamon48/ros_test/build/service_activity/prefix_override:/usr/lib/python3/dist-packages/colcon_core/task/python/colcon_distutils_commands:/home/voltamon48/ros_test/install/service_activity/lib/python3.12/site-packages:${PYTHONPATH} /usr/bin/python3 -W ignore:setup.py install is deprecated -W ignore:easy_install command is deprecated setup.py egg_info --egg-base ../../build/service_activity build --build-base /home/voltamon48/ros_test/build/service_activity/build install --record /home/voltamon48/ros_test/build/service_activity/install.log --single-version-externally-managed install_data
