[0.114s] DEBUG:colcon:Command line arguments: ['/usr/bin/colcon', 'build', '--packages-select', 'rcl_utils']
[0.114s] DEBUG:colcon:Parsed command line arguments: Namespace(log_base=None, log_level=None, verb_name='build', build_base='build', install_base='install', merge_install=False, symlink_install=False, test_result_base=None, continue_on_error=False, executor='parallel', parallel_workers=8, event_handlers=None, ignore_user_meta=False, metas=['./colcon.meta'], base_paths=['.'], packages_ignore=None, packages_ignore_regex=None, paths=None, packages_up_to=None, packages_up_to_regex=None, packages_above=None, packages_above_and_dependencies=None, packages_above_depth=None, packages_select_by_dep=None, packages_skip_by_dep=None, packages_skip_up_to=None, packages_select_build_failed=False, packages_skip_build_finished=False, packages_select_test_failures=False, packages_skip_test_passed=False, packages_select=['rcl_utils'], packages_skip=None, packages_select_regex=None, packages_skip_regex=None, packages_start=None, packages_end=None, allow_overriding=[], cmake_args=None, cmake_target=None, cmake_target_skip_unavailable=False, cmake_clean_cache=False, cmake_clean_first=False, cmake_force_configure=False, ament_cmake_args=None, catkin_cmake_args=None, catkin_skip_building_tests=False, mixin_files=None, mixin=None, verb_parser=<colcon_mixin.mixin.mixin_argument.MixinArgumentDecorator object at 0x7c5393f727e0>, verb_extension=<colcon_core.verb.build.BuildVerb object at 0x7c53940a6de0>, main=<bound method BuildVerb.main of <colcon_core.verb.build.BuildVerb object at 0x7c53940a6de0>>, mixin_verb=('build',))
[0.150s] Level 1:colcon.colcon_core.package_discovery:discover_packages(colcon_meta) check parameters
[0.150s] Level 1:colcon.colcon_core.package_discovery:discover_packages(recursive) check parameters
[0.150s] Level 1:colcon.colcon_core.package_discovery:discover_packages(ignore) check parameters
[0.150s] Level 1:colcon.colcon_core.package_discovery:discover_packages(path) check parameters
[0.150s] Level 1:colcon.colcon_core.package_discovery:discover_packages(colcon_meta) discover
[0.150s] Level 1:colcon.colcon_core.package_discovery:discover_packages(recursive) discover
[0.150s] INFO:colcon.colcon_core.package_discovery:Crawling recursively for packages in '/home/voltamon48/ros_test'
[0.150s] Level 1:colcon.colcon_core.package_identification:_identify(.) by extensions ['ignore', 'ignore_ament_install']
[0.150s] Level 1:colcon.colcon_core.package_identification:_identify(.) by extension 'ignore'
[0.150s] Level 1:colcon.colcon_core.package_identification:_identify(.) by extension 'ignore_ament_install'
[0.150s] Level 1:colcon.colcon_core.package_identification:_identify(.) by extensions ['colcon_pkg']
[0.150s] Level 1:colcon.colcon_core.package_identification:_identify(.) by extension 'colcon_pkg'
[0.150s] Level 1:colcon.colcon_core.package_identification:_identify(.) by extensions ['colcon_meta']
[0.150s] Level 1:colcon.colcon_core.package_identification:_identify(.) by extension 'colcon_meta'
[0.150s] Level 1:colcon.colcon_core.package_identification:_identify(.) by extensions ['ros']
[0.150s] Level 1:colcon.colcon_core.package_identification:_identify(.) by extension 'ros'
[0.173s] Level 1:colcon.colcon_core.package_identification:_identify(.) by extensions ['cmake', 'python']
[0.173s] Level 1:colcon.colcon_core.package_identification:_identify(.) by extension 'cmake'
[0.173s] Level 1:colcon.colcon_core.package_identification:_identify(.) by extension 'python'
[0.173s] Level 1:colcon.colcon_core.package_identification:_identify(.) by extensions ['python_setup_py']
[0.173s] Level 1:colcon.colcon_core.package_identification:_identify(.) by extension 'python_setup_py'
[0.173s] Level 1:colcon.colcon_core.package_identification:_identify(bags) by extensions ['ignore', 'ignore_ament_install']
[0.173s] Level 1:colcon.colcon_core.package_identification:_identify(bags) by extension 'ignore'
[0.173s] Level 1:colcon.colcon_core.package_identification:_identify(bags) by extension 'ignore_ament_install'
[0.173s] Level 1:colcon.colcon_core.package_identification:_identify(bags) by extensions ['colcon_pkg']
[0.173s] Level 1:colcon.colcon_core.package_identification:_identify(bags) by extension 'colcon_pkg'
[0.174s] Level 1:colcon.colcon_core.package_identification:_identify(bags) by extensions ['colcon_meta']
[0.174s] Level 1:colcon.colcon_core.package_identification:_identify(bags) by extension 'colcon_meta'
[0.174s] Level 1:colcon.colcon_core.package_identification:_identify(bags) by extensions ['ros']
[0.174s] Level 1:colcon.colcon_core.package_identification:_identify(bags) by extension 'ros'
[0.174s] Level 1:colcon.colcon_core.package_identification:_identify(bags) by extensions ['cmake', 'python']
[0.174s] Level 1:colcon.colcon_core.package_identification:_identify(bags) by extension 'cmake'
[0.174s] Level 1:colcon.colcon_core.package_identification:_identify(bags) by extension 'python'
[0.174s] Level 1:colcon.colcon_core.package_identification:_identify(bags) by extensions ['python_setup_py']
[0.174s] Level 1:colcon.colcon_core.package_identification:_identify(bags) by extension 'python_setup_py'
[0.174s] Level 1:colcon.colcon_core.package_identification:_identify(bags/count) by extensions ['ignore', 'ignore_ament_install']
[0.174s] Level 1:colcon.colcon_core.package_identification:_identify(bags/count) by extension 'ignore'
[0.174s] Level 1:colcon.colcon_core.package_identification:_identify(bags/count) by extension 'ignore_ament_install'
[0.174s] Level 1:colcon.colcon_core.package_identification:_identify(bags/count) by extensions ['colcon_pkg']
[0.174s] Level 1:colcon.colcon_core.package_identification:_identify(bags/count) by extension 'colcon_pkg'
[0.174s] Level 1:colcon.colcon_core.package_identification:_identify(bags/count) by extensions ['colcon_meta']
[0.174s] Level 1:colcon.colcon_core.package_identification:_identify(bags/count) by extension 'colcon_meta'
[0.174s] Level 1:colcon.colcon_core.package_identification:_identify(bags/count) by extensions ['ros']
[0.174s] Level 1:colcon.colcon_core.package_identification:_identify(bags/count) by extension 'ros'
[0.174s] Level 1:colcon.colcon_core.package_identification:_identify(bags/count) by extensions ['cmake', 'python']
[0.174s] Level 1:colcon.colcon_core.package_identification:_identify(bags/count) by extension 'cmake'
[0.174s] Level 1:colcon.colcon_core.package_identification:_identify(bags/count) by extension 'python'
[0.174s] Level 1:colcon.colcon_core.package_identification:_identify(bags/count) by extensions ['python_setup_py']
[0.174s] Level 1:colcon.colcon_core.package_identification:_identify(bags/count) by extension 'python_setup_py'
[0.174s] Level 1:colcon.colcon_core.package_identification:_identify(bags/data) by extensions ['ignore', 'ignore_ament_install']
[0.175s] Level 1:colcon.colcon_core.package_identification:_identify(bags/data) by extension 'ignore'
[0.175s] Level 1:colcon.colcon_core.package_identification:_identify(bags/data) by extension 'ignore_ament_install'
[0.175s] Level 1:colcon.colcon_core.package_identification:_identify(bags/data) by extensions ['colcon_pkg']
[0.175s] Level 1:colcon.colcon_core.package_identification:_identify(bags/data) by extension 'colcon_pkg'
[0.175s] Level 1:colcon.colcon_core.package_identification:_identify(bags/data) by extensions ['colcon_meta']
[0.175s] Level 1:colcon.colcon_core.package_identification:_identify(bags/data) by extension 'colcon_meta'
[0.175s] Level 1:colcon.colcon_core.package_identification:_identify(bags/data) by extensions ['ros']
[0.175s] Level 1:colcon.colcon_core.package_identification:_identify(bags/data) by extension 'ros'
[0.175s] Level 1:colcon.colcon_core.package_identification:_identify(bags/data) by extensions ['cmake', 'python']
[0.175s] Level 1:colcon.colcon_core.package_identification:_identify(bags/data) by extension 'cmake'
[0.175s] Level 1:colcon.colcon_core.package_identification:_identify(bags/data) by extension 'python'
[0.175s] Level 1:colcon.colcon_core.package_identification:_identify(bags/data) by extensions ['python_setup_py']
[0.175s] Level 1:colcon.colcon_core.package_identification:_identify(bags/data) by extension 'python_setup_py'
[0.175s] Level 1:colcon.colcon_core.package_identification:_identify(build) by extensions ['ignore', 'ignore_ament_install']
[0.175s] Level 1:colcon.colcon_core.package_identification:_identify(build) by extension 'ignore'
[0.175s] Level 1:colcon.colcon_core.package_identification:_identify(build) ignored
[0.175s] Level 1:colcon.colcon_core.package_identification:_identify(install) by extensions ['ignore', 'ignore_ament_install']
[0.175s] Level 1:colcon.colcon_core.package_identification:_identify(install) by extension 'ignore'
[0.175s] Level 1:colcon.colcon_core.package_identification:_identify(install) ignored
[0.175s] Level 1:colcon.colcon_core.package_identification:_identify(log) by extensions ['ignore', 'ignore_ament_install']
[0.176s] Level 1:colcon.colcon_core.package_identification:_identify(log) by extension 'ignore'
[0.176s] Level 1:colcon.colcon_core.package_identification:_identify(log) ignored
[0.176s] Level 1:colcon.colcon_core.package_identification:_identify(src) by extensions ['ignore', 'ignore_ament_install']
[0.176s] Level 1:colcon.colcon_core.package_identification:_identify(src) by extension 'ignore'
[0.176s] Level 1:colcon.colcon_core.package_identification:_identify(src) by extension 'ignore_ament_install'
[0.176s] Level 1:colcon.colcon_core.package_identification:_identify(src) by extensions ['colcon_pkg']
[0.176s] Level 1:colcon.colcon_core.package_identification:_identify(src) by extension 'colcon_pkg'
[0.176s] Level 1:colcon.colcon_core.package_identification:_identify(src) by extensions ['colcon_meta']
[0.176s] Level 1:colcon.colcon_core.package_identification:_identify(src) by extension 'colcon_meta'
[0.176s] Level 1:colcon.colcon_core.package_identification:_identify(src) by extensions ['ros']
[0.176s] Level 1:colcon.colcon_core.package_identification:_identify(src) by extension 'ros'
[0.176s] Level 1:colcon.colcon_core.package_identification:_identify(src) by extensions ['cmake', 'python']
[0.176s] Level 1:colcon.colcon_core.package_identification:_identify(src) by extension 'cmake'
[0.176s] Level 1:colcon.colcon_core.package_identification:_identify(src) by extension 'python'
[0.176s] Level 1:colcon.colcon_core.package_identification:_identify(src) by extensions ['python_setup_py']
[0.176s] Level 1:colcon.colcon_core.package_identification:_identify(src) by extension 'python_setup_py'
[0.176s] Level 1:colcon.colcon_core.package_identification:_identify(src/data_interface_bridge) by extensions ['ignore', 'ignore_ament_install']
[0.176s] Level 1:colcon.colcon_core.package_identification:_identify(src/data_interface_bridge) by extension 'ignore'
[0.176s] Level 1:colcon.colcon_core.package_identification:_identify(src/data_interface_bridge) by extension 'ignore_ament_install'
[0.176s] Level 1:colcon.colcon_core.package_identification:_identify(src/data_interface_bridge) by extensions ['colcon_pkg']
[0.176s] Level 1:colcon.colcon_core.package_identification:_identify(src/data_interface_bridge) by extension 'colcon_pkg'
[0.176s] Level 1:colcon.colcon_core.package_identification:_identify(src/data_interface_bridge) by extensions ['colcon_meta']
[0.176s] Level 1:colcon.colcon_core.package_identification:_identify(src/data_interface_bridge) by extension 'colcon_meta'
[0.177s] Level 1:colcon.colcon_core.package_identification:_identify(src/data_interface_bridge) by extensions ['ros']
[0.177s] Level 1:colcon.colcon_core.package_identification:_identify(src/data_interface_bridge) by extension 'ros'
[0.178s] DEBUG:colcon.colcon_core.package_identification:Package 'src/data_interface_bridge' with type 'ros.ament_python' and name 'data_interface_bridge'
[0.179s] Level 1:colcon.colcon_core.package_identification:_identify(src/json_interfce_bridge) by extensions ['ignore', 'ignore_ament_install']
[0.179s] Level 1:colcon.colcon_core.package_identification:_identify(src/json_interfce_bridge) by extension 'ignore'
[0.179s] Level 1:colcon.colcon_core.package_identification:_identify(src/json_interfce_bridge) by extension 'ignore_ament_install'
[0.179s] Level 1:colcon.colcon_core.package_identification:_identify(src/json_interfce_bridge) by extensions ['colcon_pkg']
[0.179s] Level 1:colcon.colcon_core.package_identification:_identify(src/json_interfce_bridge) by extension 'colcon_pkg'
[0.179s] Level 1:colcon.colcon_core.package_identification:_identify(src/json_interfce_bridge) by extensions ['colcon_meta']
[0.179s] Level 1:colcon.colcon_core.package_identification:_identify(src/json_interfce_bridge) by extension 'colcon_meta'
[0.179s] Level 1:colcon.colcon_core.package_identification:_identify(src/json_interfce_bridge) by extensions ['ros']
[0.179s] Level 1:colcon.colcon_core.package_identification:_identify(src/json_interfce_bridge) by extension 'ros'
[0.179s] DEBUG:colcon.colcon_core.package_identification:Package 'src/json_interfce_bridge' with type 'ros.ament_python' and name 'json_interfce_bridge'
[0.179s] Level 1:colcon.colcon_core.package_identification:_identify(src/launch_pkg) by extensions ['ignore', 'ignore_ament_install']
[0.179s] Level 1:colcon.colcon_core.package_identification:_identify(src/launch_pkg) by extension 'ignore'
[0.179s] Level 1:colcon.colcon_core.package_identification:_identify(src/launch_pkg) by extension 'ignore_ament_install'
[0.179s] Level 1:colcon.colcon_core.package_identification:_identify(src/launch_pkg) by extensions ['colcon_pkg']
[0.179s] Level 1:colcon.colcon_core.package_identification:_identify(src/launch_pkg) by extension 'colcon_pkg'
[0.180s] Level 1:colcon.colcon_core.package_identification:_identify(src/launch_pkg) by extensions ['colcon_meta']
[0.180s] Level 1:colcon.colcon_core.package_identification:_identify(src/launch_pkg) by extension 'colcon_meta'
[0.180s] Level 1:colcon.colcon_core.package_identification:_identify(src/launch_pkg) by extensions ['ros']
[0.180s] Level 1:colcon.colcon_core.package_identification:_identify(src/launch_pkg) by extension 'ros'
[0.180s] DEBUG:colcon.colcon_core.package_identification:Package 'src/launch_pkg' with type 'ros.ament_python' and name 'launch_pkg'
[0.180s] Level 1:colcon.colcon_core.package_identification:_identify(src/rcl_utils) by extensions ['ignore', 'ignore_ament_install']
[0.180s] Level 1:colcon.colcon_core.package_identification:_identify(src/rcl_utils) by extension 'ignore'
[0.180s] Level 1:colcon.colcon_core.package_identification:_identify(src/rcl_utils) by extension 'ignore_ament_install'
[0.180s] Level 1:colcon.colcon_core.package_identification:_identify(src/rcl_utils) by extensions ['colcon_pkg']
[0.180s] Level 1:colcon.colcon_core.package_identification:_identify(src/rcl_utils) by extension 'colcon_pkg'
[0.180s] Level 1:colcon.colcon_core.package_identification:_identify(src/rcl_utils) by extensions ['colcon_meta']
[0.180s] Level 1:colcon.colcon_core.package_identification:_identify(src/rcl_utils) by extension 'colcon_meta'
[0.180s] Level 1:colcon.colcon_core.package_identification:_identify(src/rcl_utils) by extensions ['ros']
[0.180s] Level 1:colcon.colcon_core.package_identification:_identify(src/rcl_utils) by extension 'ros'
[0.181s] DEBUG:colcon.colcon_core.package_identification:Package 'src/rcl_utils' with type 'ros.ament_cmake' and name 'rcl_utils'
[0.181s] Level 1:colcon.colcon_core.package_identification:_identify(src/service_activity) by extensions ['ignore', 'ignore_ament_install']
[0.181s] Level 1:colcon.colcon_core.package_identification:_identify(src/service_activity) by extension 'ignore'
[0.181s] Level 1:colcon.colcon_core.package_identification:_identify(src/service_activity) by extension 'ignore_ament_install'
[0.181s] Level 1:colcon.colcon_core.package_identification:_identify(src/service_activity) by extensions ['colcon_pkg']
[0.181s] Level 1:colcon.colcon_core.package_identification:_identify(src/service_activity) by extension 'colcon_pkg'
[0.181s] Level 1:colcon.colcon_core.package_identification:_identify(src/service_activity) by extensions ['colcon_meta']
[0.181s] Level 1:colcon.colcon_core.package_identification:_identify(src/service_activity) by extension 'colcon_meta'
[0.181s] Level 1:colcon.colcon_core.package_identification:_identify(src/service_activity) by extensions ['ros']
[0.181s] Level 1:colcon.colcon_core.package_identification:_identify(src/service_activity) by extension 'ros'
[0.182s] DEBUG:colcon.colcon_core.package_identification:Package 'src/service_activity' with type 'ros.ament_python' and name 'service_activity'
[0.182s] Level 1:colcon.colcon_core.package_identification:_identify(src/test_pkg) by extensions ['ignore', 'ignore_ament_install']
[0.182s] Level 1:colcon.colcon_core.package_identification:_identify(src/test_pkg) by extension 'ignore'
[0.182s] Level 1:colcon.colcon_core.package_identification:_identify(src/test_pkg) by extension 'ignore_ament_install'
[0.182s] Level 1:colcon.colcon_core.package_identification:_identify(src/test_pkg) by extensions ['colcon_pkg']
[0.182s] Level 1:colcon.colcon_core.package_identification:_identify(src/test_pkg) by extension 'colcon_pkg'
[0.182s] Level 1:colcon.colcon_core.package_identification:_identify(src/test_pkg) by extensions ['colcon_meta']
[0.182s] Level 1:colcon.colcon_core.package_identification:_identify(src/test_pkg) by extension 'colcon_meta'
[0.182s] Level 1:colcon.colcon_core.package_identification:_identify(src/test_pkg) by extensions ['ros']
[0.182s] Level 1:colcon.colcon_core.package_identification:_identify(src/test_pkg) by extension 'ros'
[0.182s] DEBUG:colcon.colcon_core.package_identification:Package 'src/test_pkg' with type 'ros.ament_python' and name 'test_pkg'
[0.182s] Level 1:colcon.colcon_core.package_identification:_identify(src/test_rcl_c) by extensions ['ignore', 'ignore_ament_install']
[0.183s] Level 1:colcon.colcon_core.package_identification:_identify(src/test_rcl_c) by extension 'ignore'
[0.183s] Level 1:colcon.colcon_core.package_identification:_identify(src/test_rcl_c) by extension 'ignore_ament_install'
[0.183s] Level 1:colcon.colcon_core.package_identification:_identify(src/test_rcl_c) by extensions ['colcon_pkg']
[0.183s] Level 1:colcon.colcon_core.package_identification:_identify(src/test_rcl_c) by extension 'colcon_pkg'
[0.183s] Level 1:colcon.colcon_core.package_identification:_identify(src/test_rcl_c) by extensions ['colcon_meta']
[0.183s] Level 1:colcon.colcon_core.package_identification:_identify(src/test_rcl_c) by extension 'colcon_meta'
[0.183s] Level 1:colcon.colcon_core.package_identification:_identify(src/test_rcl_c) by extensions ['ros']
[0.183s] Level 1:colcon.colcon_core.package_identification:_identify(src/test_rcl_c) by extension 'ros'
[0.183s] DEBUG:colcon.colcon_core.package_identification:Package 'src/test_rcl_c' with type 'ros.ament_cmake' and name 'test_rcl_c'
[0.183s] Level 1:colcon.colcon_core.package_identification:_identify(src/topic_activity) by extensions ['ignore', 'ignore_ament_install']
[0.183s] Level 1:colcon.colcon_core.package_identification:_identify(src/topic_activity) by extension 'ignore'
[0.183s] Level 1:colcon.colcon_core.package_identification:_identify(src/topic_activity) by extension 'ignore_ament_install'
[0.183s] Level 1:colcon.colcon_core.package_identification:_identify(src/topic_activity) by extensions ['colcon_pkg']
[0.183s] Level 1:colcon.colcon_core.package_identification:_identify(src/topic_activity) by extension 'colcon_pkg'
[0.184s] Level 1:colcon.colcon_core.package_identification:_identify(src/topic_activity) by extensions ['colcon_meta']
[0.184s] Level 1:colcon.colcon_core.package_identification:_identify(src/topic_activity) by extension 'colcon_meta'
[0.184s] Level 1:colcon.colcon_core.package_identification:_identify(src/topic_activity) by extensions ['ros']
[0.184s] Level 1:colcon.colcon_core.package_identification:_identify(src/topic_activity) by extension 'ros'
[0.184s] DEBUG:colcon.colcon_core.package_identification:Package 'src/topic_activity' with type 'ros.ament_python' and name 'topic_activity'
[0.184s] Level 1:colcon.colcon_core.package_discovery:discover_packages(recursive) using defaults
[0.184s] Level 1:colcon.colcon_core.package_discovery:discover_packages(ignore) discover
[0.184s] Level 1:colcon.colcon_core.package_discovery:discover_packages(ignore) using defaults
[0.184s] Level 1:colcon.colcon_core.package_discovery:discover_packages(path) discover
[0.184s] Level 1:colcon.colcon_core.package_discovery:discover_packages(path) using defaults
[0.199s] INFO:colcon.colcon_core.package_selection:Skipping not selected package 'data_interface_bridge' in 'src/data_interface_bridge'
[0.199s] INFO:colcon.colcon_core.package_selection:Skipping not selected package 'json_interfce_bridge' in 'src/json_interfce_bridge'
[0.199s] INFO:colcon.colcon_core.package_selection:Skipping not selected package 'launch_pkg' in 'src/launch_pkg'
[0.199s] INFO:colcon.colcon_core.package_selection:Skipping not selected package 'service_activity' in 'src/service_activity'
[0.199s] INFO:colcon.colcon_core.package_selection:Skipping not selected package 'test_pkg' in 'src/test_pkg'
[0.200s] INFO:colcon.colcon_core.package_selection:Skipping not selected package 'test_rcl_c' in 'src/test_rcl_c'
[0.200s] INFO:colcon.colcon_core.package_selection:Skipping not selected package 'topic_activity' in 'src/topic_activity'
[0.200s] Level 1:colcon.colcon_core.package_discovery:discover_packages(prefix_path) check parameters
[0.200s] Level 1:colcon.colcon_core.package_discovery:discover_packages(prefix_path) discover
[0.201s] DEBUG:colcon.colcon_installed_package_information.package_discovery:Found 1 installed packages in /home/voltamon48/ros_test/install
[0.202s] DEBUG:colcon.colcon_installed_package_information.package_discovery:Found 198 installed packages in /opt/ros/jazzy
[0.203s] Level 1:colcon.colcon_core.package_discovery:discover_packages(prefix_path) using defaults
[0.231s] Level 5:colcon.colcon_core.verb:set package 'rcl_utils' build argument 'cmake_args' from command line to 'None'
[0.232s] Level 5:colcon.colcon_core.verb:set package 'rcl_utils' build argument 'cmake_target' from command line to 'None'
[0.232s] Level 5:colcon.colcon_core.verb:set package 'rcl_utils' build argument 'cmake_target_skip_unavailable' from command line to 'False'
[0.232s] Level 5:colcon.colcon_core.verb:set package 'rcl_utils' build argument 'cmake_clean_cache' from command line to 'False'
[0.232s] Level 5:colcon.colcon_core.verb:set package 'rcl_utils' build argument 'cmake_clean_first' from command line to 'False'
[0.232s] Level 5:colcon.colcon_core.verb:set package 'rcl_utils' build argument 'cmake_force_configure' from command line to 'False'
[0.232s] Level 5:colcon.colcon_core.verb:set package 'rcl_utils' build argument 'ament_cmake_args' from command line to 'None'
[0.232s] Level 5:colcon.colcon_core.verb:set package 'rcl_utils' build argument 'catkin_cmake_args' from command line to 'None'
[0.232s] Level 5:colcon.colcon_core.verb:set package 'rcl_utils' build argument 'catkin_skip_building_tests' from command line to 'False'
[0.232s] DEBUG:colcon.colcon_core.verb:Building package 'rcl_utils' with the following arguments: {'ament_cmake_args': None, 'build_base': '/home/voltamon48/ros_test/build/rcl_utils', 'catkin_cmake_args': None, 'catkin_skip_building_tests': False, 'cmake_args': None, 'cmake_clean_cache': False, 'cmake_clean_first': False, 'cmake_force_configure': False, 'cmake_target': None, 'cmake_target_skip_unavailable': False, 'install_base': '/home/voltamon48/ros_test/install/rcl_utils', 'merge_install': False, 'path': '/home/voltamon48/ros_test/src/rcl_utils', 'symlink_install': False, 'test_result_base': None}
[0.232s] INFO:colcon.colcon_core.executor:Executing jobs using 'parallel' executor
[0.233s] DEBUG:colcon.colcon_parallel_executor.executor.parallel:run_until_complete
[0.233s] INFO:colcon.colcon_ros.task.ament_cmake.build:Building ROS package in '/home/voltamon48/ros_test/src/rcl_utils' with build type 'ament_cmake'
[0.233s] INFO:colcon.colcon_cmake.task.cmake.build:Building CMake package in '/home/voltamon48/ros_test/src/rcl_utils'
[0.235s] INFO:colcon.colcon_core.plugin_system:Skipping extension 'colcon_core.shell.bat': Not used on non-Windows systems
[0.235s] INFO:colcon.colcon_core.shell:Skip shell extension 'powershell' for command environment: Not usable outside of PowerShell
[0.235s] DEBUG:colcon.colcon_core.shell:Skip shell extension 'dsv' for command environment
[0.245s] DEBUG:colcon.colcon_core.event_handler.log_command:Invoking command in '/home/voltamon48/ros_test/build/rcl_utils': CMAKE_PREFIX_PATH=${CMAKE_PREFIX_PATH}:/opt/ros/jazzy DEBUGINFOD_URLS=https://debuginfod.ubuntu.com /usr/bin/cmake --build /home/voltamon48/ros_test/build/rcl_utils -- -j8 -l8
[0.342s] DEBUG:colcon.colcon_core.event_handler.log_command:Invoked command in '/home/voltamon48/ros_test/build/rcl_utils' returned '2': CMAKE_PREFIX_PATH=${CMAKE_PREFIX_PATH}:/opt/ros/jazzy DEBUGINFOD_URLS=https://debuginfod.ubuntu.com /usr/bin/cmake --build /home/voltamon48/ros_test/build/rcl_utils -- -j8 -l8
[0.342s] Level 1:colcon.colcon_core.environment:create_environment_scripts_only(rcl_utils)
[0.344s] Level 1:colcon.colcon_core.environment:checking '/home/voltamon48/ros_test/install/rcl_utils' for CMake module files
[0.344s] Level 1:colcon.colcon_core.environment:checking '/home/voltamon48/ros_test/install/rcl_utils' for CMake config files
[0.345s] Level 1:colcon.colcon_core.environment:checking '/home/voltamon48/ros_test/install/rcl_utils/bin'
[0.345s] Level 1:colcon.colcon_core.environment:checking '/home/voltamon48/ros_test/install/rcl_utils/lib/pkgconfig/rcl_utils.pc'
[0.345s] Level 1:colcon.colcon_core.environment:checking '/home/voltamon48/ros_test/install/rcl_utils/lib/python3.12/site-packages'
[0.345s] Level 1:colcon.colcon_core.environment:checking '/home/voltamon48/ros_test/install/rcl_utils/bin'
[0.346s] INFO:colcon.colcon_core.shell:Creating package script '/home/voltamon48/ros_test/install/rcl_utils/share/rcl_utils/package.ps1'
[0.346s] INFO:colcon.colcon_core.shell:Creating package descriptor '/home/voltamon48/ros_test/install/rcl_utils/share/rcl_utils/package.dsv'
[0.347s] INFO:colcon.colcon_core.shell:Creating package script '/home/voltamon48/ros_test/install/rcl_utils/share/rcl_utils/package.sh'
[0.347s] INFO:colcon.colcon_core.shell:Creating package script '/home/voltamon48/ros_test/install/rcl_utils/share/rcl_utils/package.bash'
[0.348s] INFO:colcon.colcon_core.shell:Creating package script '/home/voltamon48/ros_test/install/rcl_utils/share/rcl_utils/package.zsh'
[0.348s] Level 1:colcon.colcon_core.environment:create_file_with_runtime_dependencies(/home/voltamon48/ros_test/install/rcl_utils/share/colcon-core/packages/rcl_utils)
[0.359s] DEBUG:colcon.colcon_parallel_executor.executor.parallel:closing loop
[0.359s] DEBUG:colcon.colcon_parallel_executor.executor.parallel:loop closed
[0.359s] DEBUG:colcon.colcon_parallel_executor.executor.parallel:run_until_complete finished with '2'
[0.359s] DEBUG:colcon.colcon_core.event_reactor:joining thread
[0.364s] INFO:colcon.colcon_core.plugin_system:Skipping extension 'colcon_notification.desktop_notification.terminal_notifier': Not used on non-Darwin systems
[0.364s] INFO:colcon.colcon_core.plugin_system:Skipping extension 'colcon_notification.desktop_notification.win32': Not used on non-Windows systems
[0.364s] INFO:colcon.colcon_notification.desktop_notification:Sending desktop notification using 'notify2'
[0.377s] DEBUG:colcon.colcon_core.event_reactor:joined thread
[0.377s] INFO:colcon.colcon_core.shell:Creating prefix script '/home/voltamon48/ros_test/install/local_setup.ps1'
[0.378s] INFO:colcon.colcon_core.shell:Creating prefix util module '/home/voltamon48/ros_test/install/_local_setup_util_ps1.py'
[0.379s] INFO:colcon.colcon_core.shell:Creating prefix chain script '/home/voltamon48/ros_test/install/setup.ps1'
[0.380s] INFO:colcon.colcon_core.shell:Creating prefix script '/home/voltamon48/ros_test/install/local_setup.sh'
[0.381s] INFO:colcon.colcon_core.shell:Creating prefix util module '/home/voltamon48/ros_test/install/_local_setup_util_sh.py'
[0.381s] INFO:colcon.colcon_core.shell:Creating prefix chain script '/home/voltamon48/ros_test/install/setup.sh'
[0.382s] INFO:colcon.colcon_core.shell:Creating prefix script '/home/voltamon48/ros_test/install/local_setup.bash'
[0.382s] INFO:colcon.colcon_core.shell:Creating prefix chain script '/home/voltamon48/ros_test/install/setup.bash'
[0.383s] INFO:colcon.colcon_core.shell:Creating prefix script '/home/voltamon48/ros_test/install/local_setup.zsh'
[0.383s] INFO:colcon.colcon_core.shell:Creating prefix chain script '/home/voltamon48/ros_test/install/setup.zsh'
