[2.035s] Invoking command in '/home/voltamon48/ros_test/src/json_interfce_bridge': DEBUGINFOD_URLS=https://debuginfod.ubuntu.com PYTHONPATH=/home/voltamon48/ros_test/build/json_interfce_bridge/prefix_override:/usr/lib/python3/dist-packages/colcon_core/task/python/colcon_distutils_commands:/home/voltamon48/ros_test/install/json_interfce_bridge/lib/python3.12/site-packages:${PYTHONPATH} /usr/bin/python3 -W ignore:setup.py install is deprecated -W ignore:easy_install command is deprecated setup.py egg_info --egg-base ../../build/json_interfce_bridge build --build-base /home/voltamon48/ros_test/build/json_interfce_bridge/build install --record /home/voltamon48/ros_test/build/json_interfce_bridge/install.log --single-version-externally-managed install_data
[2.459s] running egg_info
[2.460s] creating ../../build/json_interfce_bridge/json_interfce_bridge.egg-info
[2.491s] writing ../../build/json_interfce_bridge/json_interfce_bridge.egg-info/PKG-INFO
[2.491s] writing dependency_links to ../../build/json_interfce_bridge/json_interfce_bridge.egg-info/dependency_links.txt
[2.492s] writing entry points to ../../build/json_interfce_bridge/json_interfce_bridge.egg-info/entry_points.txt
[2.492s] writing requirements to ../../build/json_interfce_bridge/json_interfce_bridge.egg-info/requires.txt
[2.492s] writing top-level names to ../../build/json_interfce_bridge/json_interfce_bridge.egg-info/top_level.txt
[2.493s] writing manifest file '../../build/json_interfce_bridge/json_interfce_bridge.egg-info/SOURCES.txt'
[2.560s] reading manifest file '../../build/json_interfce_bridge/json_interfce_bridge.egg-info/SOURCES.txt'
[2.561s] writing manifest file '../../build/json_interfce_bridge/json_interfce_bridge.egg-info/SOURCES.txt'
[2.561s] running build
[2.562s] running build_py
[2.562s] creating /home/voltamon48/ros_test/build/json_interfce_bridge/build
[2.562s] creating /home/voltamon48/ros_test/build/json_interfce_bridge/build/lib
[2.562s] creating /home/voltamon48/ros_test/build/json_interfce_bridge/build/lib/json_interfce_bridge
[2.563s] copying json_interfce_bridge/node_pub.py -> /home/voltamon48/ros_test/build/json_interfce_bridge/build/lib/json_interfce_bridge
[2.563s] copying json_interfce_bridge/node_sub.py -> /home/voltamon48/ros_test/build/json_interfce_bridge/build/lib/json_interfce_bridge
[2.564s] copying json_interfce_bridge/__init__.py -> /home/voltamon48/ros_test/build/json_interfce_bridge/build/lib/json_interfce_bridge
[2.564s] running install
[2.577s] running install_lib
[2.609s] creating /home/voltamon48/ros_test/install/json_interfce_bridge/lib/python3.12/site-packages/json_interfce_bridge
[2.609s] copying /home/voltamon48/ros_test/build/json_interfce_bridge/build/lib/json_interfce_bridge/node_pub.py -> /home/voltamon48/ros_test/install/json_interfce_bridge/lib/python3.12/site-packages/json_interfce_bridge
[2.610s] copying /home/voltamon48/ros_test/build/json_interfce_bridge/build/lib/json_interfce_bridge/node_sub.py -> /home/voltamon48/ros_test/install/json_interfce_bridge/lib/python3.12/site-packages/json_interfce_bridge
[2.610s] copying /home/voltamon48/ros_test/build/json_interfce_bridge/build/lib/json_interfce_bridge/__init__.py -> /home/voltamon48/ros_test/install/json_interfce_bridge/lib/python3.12/site-packages/json_interfce_bridge
[2.611s] byte-compiling /home/voltamon48/ros_test/install/json_interfce_bridge/lib/python3.12/site-packages/json_interfce_bridge/node_pub.py to node_pub.cpython-312.pyc
[2.612s] byte-compiling /home/voltamon48/ros_test/install/json_interfce_bridge/lib/python3.12/site-packages/json_interfce_bridge/node_sub.py to node_sub.cpython-312.pyc
[2.613s] byte-compiling /home/voltamon48/ros_test/install/json_interfce_bridge/lib/python3.12/site-packages/json_interfce_bridge/__init__.py to __init__.cpython-312.pyc
[2.614s] running install_data
[2.614s] creating /home/voltamon48/ros_test/install/json_interfce_bridge/share/ament_index
[2.614s] creating /home/voltamon48/ros_test/install/json_interfce_bridge/share/ament_index/resource_index
[2.615s] creating /home/voltamon48/ros_test/install/json_interfce_bridge/share/ament_index/resource_index/packages
[2.615s] copying resource/json_interfce_bridge -> /home/voltamon48/ros_test/install/json_interfce_bridge/share/ament_index/resource_index/packages
[2.615s] copying package.xml -> /home/voltamon48/ros_test/install/json_interfce_bridge/share/json_interfce_bridge
[2.615s] running install_egg_info
[2.650s] Copying ../../build/json_interfce_bridge/json_interfce_bridge.egg-info to /home/voltamon48/ros_test/install/json_interfce_bridge/lib/python3.12/site-packages/json_interfce_bridge-0.0.0-py3.12.egg-info
[2.651s] running install_scripts
[2.868s] Installing pub script to /home/voltamon48/ros_test/install/json_interfce_bridge/lib/json_interfce_bridge
[2.869s] Installing sub script to /home/voltamon48/ros_test/install/json_interfce_bridge/lib/json_interfce_bridge
[2.869s] writing list of installed files to '/home/voltamon48/ros_test/build/json_interfce_bridge/install.log'
[2.959s] Invoked command in '/home/voltamon48/ros_test/src/json_interfce_bridge' returned '0': DEBUGINFOD_URLS=https://debuginfod.ubuntu.com PYTHONPATH=/home/voltamon48/ros_test/build/json_interfce_bridge/prefix_override:/usr/lib/python3/dist-packages/colcon_core/task/python/colcon_distutils_commands:/home/voltamon48/ros_test/install/json_interfce_bridge/lib/python3.12/site-packages:${PYTHONPATH} /usr/bin/python3 -W ignore:setup.py install is deprecated -W ignore:easy_install command is deprecated setup.py egg_info --egg-base ../../build/json_interfce_bridge build --build-base /home/voltamon48/ros_test/build/json_interfce_bridge/build install --record /home/voltamon48/ros_test/build/json_interfce_bridge/install.log --single-version-externally-managed install_data
