[2.956s] Invoking command in '/home/voltamon48/ros_test/build/launch_pkg': DEBUGINFOD_URLS=https://debuginfod.ubuntu.com PYTHONPATH=/home/voltamon48/ros_test/build/launch_pkg/prefix_override:/usr/lib/python3/dist-packages/colcon_core/task/python/colcon_distutils_commands:/home/voltamon48/ros_test/install/launch_pkg/lib/python3.12/site-packages:${PYTHONPATH} /usr/bin/python3 -W ignore:setup.py install is deprecated -W ignore:easy_install command is deprecated setup.py develop --editable --build-directory /home/voltamon48/ros_test/build/launch_pkg/build --no-deps symlink_data --force
[3.779s] running develop
[4.174s] /usr/lib/python3/dist-packages/setuptools/command/easy_install.py:363: UserWarning: Unbuilt egg for pytest-repeat [unknown version] (/usr/lib/python3/dist-packages)
[4.174s]   self.local_index = Environment(self.shadow_path + sys.path)
[4.248s] running egg_info
[4.279s] writing launch_pkg.egg-info/PKG-INFO
[4.279s] writing dependency_links to launch_pkg.egg-info/dependency_links.txt
[4.280s] writing requirements to launch_pkg.egg-info/requires.txt
[4.280s] writing top-level names to launch_pkg.egg-info/top_level.txt
[4.310s] reading manifest file 'launch_pkg.egg-info/SOURCES.txt'
[4.311s] writing manifest file 'launch_pkg.egg-info/SOURCES.txt'
[4.341s] running build_ext
[4.369s] Creating /home/voltamon48/ros_test/install/launch_pkg/lib/python3.12/site-packages/launch-pkg.egg-link (link to .)
[4.369s] 
[4.369s] Installed /home/voltamon48/ros_test/build/launch_pkg
[4.369s] running symlink_data
[4.370s] symbolically linking /home/voltamon48/ros_test/build/launch_pkg/resource/launch_pkg -> /home/voltamon48/ros_test/install/launch_pkg/share/ament_index/resource_index/packages
[4.370s] symbolically linking /home/voltamon48/ros_test/build/launch_pkg/package.xml -> /home/voltamon48/ros_test/install/launch_pkg/share/launch_pkg
[4.370s] symbolically linking /home/voltamon48/ros_test/build/launch_pkg/launch/demo.launch.py -> /home/voltamon48/ros_test/install/launch_pkg/share/launch_pkg/launch
[4.431s] Invoked command in '/home/voltamon48/ros_test/build/launch_pkg' returned '0': DEBUGINFOD_URLS=https://debuginfod.ubuntu.com PYTHONPATH=/home/voltamon48/ros_test/build/launch_pkg/prefix_override:/usr/lib/python3/dist-packages/colcon_core/task/python/colcon_distutils_commands:/home/voltamon48/ros_test/install/launch_pkg/lib/python3.12/site-packages:${PYTHONPATH} /usr/bin/python3 -W ignore:setup.py install is deprecated -W ignore:easy_install command is deprecated setup.py develop --editable --build-directory /home/voltamon48/ros_test/build/launch_pkg/build --no-deps symlink_data --force
