running develop
/usr/lib/python3/dist-packages/setuptools/command/easy_install.py:363: UserWarning: Unbuilt egg for pytest-repeat [unknown version] (/usr/lib/python3/dist-packages)
  self.local_index = Environment(self.shadow_path + sys.path)
Removing /home/voltamon48/ros_test/install/service_activity/lib/python3.12/site-packages/service-activity.egg-link (link to .)
running egg_info
writing ../../build/service_activity/service_activity.egg-info/PKG-INFO
writing dependency_links to ../../build/service_activity/service_activity.egg-info/dependency_links.txt
writing entry points to ../../build/service_activity/service_activity.egg-info/entry_points.txt
writing requirements to ../../build/service_activity/service_activity.egg-info/requires.txt
writing top-level names to ../../build/service_activity/service_activity.egg-info/top_level.txt
reading manifest file '../../build/service_activity/service_activity.egg-info/SOURCES.txt'
writing manifest file '../../build/service_activity/service_activity.egg-info/SOURCES.txt'
running build
running build_py
running install
running install_lib
creating /home/voltamon48/ros_test/install/service_activity/lib/python3.12/site-packages/service_activity
copying /home/voltamon48/ros_test/build/service_activity/build/lib/service_activity/number_counter.py -> /home/voltamon48/ros_test/install/service_activity/lib/python3.12/site-packages/service_activity
copying /home/voltamon48/ros_test/build/service_activity/build/lib/service_activity/number_publisher.py -> /home/voltamon48/ros_test/install/service_activity/lib/python3.12/site-packages/service_activity
copying /home/voltamon48/ros_test/build/service_activity/build/lib/service_activity/number_service.py -> /home/voltamon48/ros_test/install/service_activity/lib/python3.12/site-packages/service_activity
copying /home/voltamon48/ros_test/build/service_activity/build/lib/service_activity/__init__.py -> /home/voltamon48/ros_test/install/service_activity/lib/python3.12/site-packages/service_activity
byte-compiling /home/voltamon48/ros_test/install/service_activity/lib/python3.12/site-packages/service_activity/number_counter.py to number_counter.cpython-312.pyc
byte-compiling /home/voltamon48/ros_test/install/service_activity/lib/python3.12/site-packages/service_activity/number_publisher.py to number_publisher.cpython-312.pyc
byte-compiling /home/voltamon48/ros_test/install/service_activity/lib/python3.12/site-packages/service_activity/number_service.py to number_service.cpython-312.pyc
byte-compiling /home/voltamon48/ros_test/install/service_activity/lib/python3.12/site-packages/service_activity/__init__.py to __init__.cpython-312.pyc
running install_data
copying resource/service_activity -> /home/voltamon48/ros_test/install/service_activity/share/ament_index/resource_index/packages
copying package.xml -> /home/voltamon48/ros_test/install/service_activity/share/service_activity
running install_egg_info
Copying ../../build/service_activity/service_activity.egg-info to /home/voltamon48/ros_test/install/service_activity/lib/python3.12/site-packages/service_activity-0.0.0-py3.12.egg-info
running install_scripts
Installing num_count script to /home/voltamon48/ros_test/install/service_activity/lib/service_activity
Installing num_pub script to /home/voltamon48/ros_test/install/service_activity/lib/service_activity
Installing num_srv script to /home/voltamon48/ros_test/install/service_activity/lib/service_activity
writing list of installed files to '/home/voltamon48/ros_test/build/service_activity/install.log'
