[1.602s] Invoking command in '/home/voltamon48/ros_test/src/service_activity': DEBUGINFOD_URLS=https://debuginfod.ubuntu.com PYTHONPATH=/home/voltamon48/ros_test/build/service_activity/prefix_override:/usr/lib/python3/dist-packages/colcon_core/task/python/colcon_distutils_commands:/home/voltamon48/ros_test/install/service_activity/lib/python3.12/site-packages:${PYTHONPATH} /usr/bin/python3 -W ignore:setup.py install is deprecated -W ignore:easy_install command is deprecated setup.py egg_info --egg-base ../../build/service_activity build --build-base /home/voltamon48/ros_test/build/service_activity/build install --record /home/voltamon48/ros_test/build/service_activity/install.log --single-version-externally-managed install_data
[1.960s] running egg_info
[1.986s] writing ../../build/service_activity/service_activity.egg-info/PKG-INFO
[1.987s] writing dependency_links to ../../build/service_activity/service_activity.egg-info/dependency_links.txt
[1.987s] writing entry points to ../../build/service_activity/service_activity.egg-info/entry_points.txt
[1.987s] writing requirements to ../../build/service_activity/service_activity.egg-info/requires.txt
[1.987s] writing top-level names to ../../build/service_activity/service_activity.egg-info/top_level.txt
[2.048s] reading manifest file '../../build/service_activity/service_activity.egg-info/SOURCES.txt'
[2.049s] writing manifest file '../../build/service_activity/service_activity.egg-info/SOURCES.txt'
[2.050s] running build
[2.050s] running build_py
[2.050s] copying service_activity/number_counter.py -> /home/voltamon48/ros_test/build/service_activity/build/lib/service_activity
[2.051s] copying service_activity/number_service.py -> /home/voltamon48/ros_test/build/service_activity/build/lib/service_activity
[2.052s] running install
[2.065s] running install_lib
[2.094s] copying /home/voltamon48/ros_test/build/service_activity/build/lib/service_activity/number_counter.py -> /home/voltamon48/ros_test/install/service_activity/lib/python3.12/site-packages/service_activity
[2.095s] copying /home/voltamon48/ros_test/build/service_activity/build/lib/service_activity/number_service.py -> /home/voltamon48/ros_test/install/service_activity/lib/python3.12/site-packages/service_activity
[2.095s] byte-compiling /home/voltamon48/ros_test/install/service_activity/lib/python3.12/site-packages/service_activity/number_counter.py to number_counter.cpython-312.pyc
[2.097s] byte-compiling /home/voltamon48/ros_test/install/service_activity/lib/python3.12/site-packages/service_activity/number_service.py to number_service.cpython-312.pyc
[2.098s] running install_data
[2.098s] copying package.xml -> /home/voltamon48/ros_test/install/service_activity/share/service_activity
[2.098s] running install_egg_info
[2.130s] removing '/home/voltamon48/ros_test/install/service_activity/lib/python3.12/site-packages/service_activity-0.0.0-py3.12.egg-info' (and everything under it)
[2.130s] Copying ../../build/service_activity/service_activity.egg-info to /home/voltamon48/ros_test/install/service_activity/lib/python3.12/site-packages/service_activity-0.0.0-py3.12.egg-info
[2.131s] running install_scripts
[2.309s] Installing numr_count script to /home/voltamon48/ros_test/install/service_activity/lib/service_activity
[2.309s] Installing numr_pub script to /home/voltamon48/ros_test/install/service_activity/lib/service_activity
[2.309s] Installing numr_srv script to /home/voltamon48/ros_test/install/service_activity/lib/service_activity
[2.310s] writing list of installed files to '/home/voltamon48/ros_test/build/service_activity/install.log'
[2.390s] Invoked command in '/home/voltamon48/ros_test/src/service_activity' returned '0': DEBUGINFOD_URLS=https://debuginfod.ubuntu.com PYTHONPATH=/home/voltamon48/ros_test/build/service_activity/prefix_override:/usr/lib/python3/dist-packages/colcon_core/task/python/colcon_distutils_commands:/home/voltamon48/ros_test/install/service_activity/lib/python3.12/site-packages:${PYTHONPATH} /usr/bin/python3 -W ignore:setup.py install is deprecated -W ignore:easy_install command is deprecated setup.py egg_info --egg-base ../../build/service_activity build --build-base /home/voltamon48/ros_test/build/service_activity/build install --record /home/voltamon48/ros_test/build/service_activity/install.log --single-version-externally-managed install_data
