[0.007s] Invoking command in '/home/voltamon48/ros_test/build/rcl_utils': CMAKE_PREFIX_PATH=${CMAKE_PREFIX_PATH}:/opt/ros/jazzy DEBUGINFOD_URLS=https://debuginfod.ubuntu.com /usr/bin/cmake /home/voltamon48/ros_test/src/rcl_utils -DCMAKE_INSTALL_PREFIX=/home/voltamon48/ros_test/install/rcl_utils
[0.053s] -- The C compiler identification is GNU 13.3.0
[0.065s] -- Detecting C compiler ABI info
[0.133s] -- Detecting C compiler ABI info - done
[0.142s] -- Check for working C compiler: /usr/bin/cc - skipped
[0.142s] -- Detecting C compile features
[0.142s] -- Detecting C compile features - done
[0.144s] -- Found ament_cmake: 2.5.5 (/opt/ros/jazzy/share/ament_cmake/cmake)
[0.276s] -- Found Python3: /usr/bin/python3 (found version "3.12.3") found components: Interpreter 
[0.366s] -- Found rcl: 9.2.9 (/opt/ros/jazzy/share/rcl/cmake)
[0.395s] -- Found rosidl_generator_c: 4.6.7 (/opt/ros/jazzy/share/rosidl_generator_c/cmake)
[0.406s] -- Found rosidl_generator_cpp: 4.6.7 (/opt/ros/jazzy/share/rosidl_generator_cpp/cmake)
[0.419s] -- Using all available rosidl_typesupport_c: rosidl_typesupport_fastrtps_c;rosidl_typesupport_introspection_c
[0.433s] -- Using all available rosidl_typesupport_cpp: rosidl_typesupport_fastrtps_cpp;rosidl_typesupport_introspection_cpp
[0.490s] -- Found rmw_implementation_cmake: 7.3.3 (/opt/ros/jazzy/share/rmw_implementation_cmake/cmake)
[0.492s] -- Found rmw_fastrtps_cpp: 8.4.3 (/opt/ros/jazzy/share/rmw_fastrtps_cpp/cmake)
[0.546s] -- Found OpenSSL: /usr/lib/x86_64-linux-gnu/libcrypto.so (found version "3.0.13")  
[0.562s] -- Found FastRTPS: /opt/ros/jazzy/include (Required is at least version "2.13") 
[0.581s] -- Using RMW implementation 'rmw_fastrtps_cpp' as default
[0.602s] -- Found std_msgs: 5.3.6 (/opt/ros/jazzy/share/std_msgs/cmake)
[0.694s] -- Configuring done (0.7s)
[0.701s] -- Generating done (0.0s)
[0.705s] -- Build files have been written to: /home/voltamon48/ros_test/build/rcl_utils
[0.712s] Invoked command in '/home/voltamon48/ros_test/build/rcl_utils' returned '0': CMAKE_PREFIX_PATH=${CMAKE_PREFIX_PATH}:/opt/ros/jazzy DEBUGINFOD_URLS=https://debuginfod.ubuntu.com /usr/bin/cmake /home/voltamon48/ros_test/src/rcl_utils -DCMAKE_INSTALL_PREFIX=/home/voltamon48/ros_test/install/rcl_utils
[0.714s] Invoking command in '/home/voltamon48/ros_test/build/rcl_utils': CMAKE_PREFIX_PATH=${CMAKE_PREFIX_PATH}:/opt/ros/jazzy DEBUGINFOD_URLS=https://debuginfod.ubuntu.com /usr/bin/cmake --build /home/voltamon48/ros_test/build/rcl_utils -- -j8 -l8
[0.752s] [ 80%] [32mBuilding C object CMakeFiles/node_impl.dir/src/ros.c.o[0m
[0.753s] [ 60%] [32mBuilding C object CMakeFiles/node_impl.dir/src/node.c.o[0m
[0.753s] [ 80%] [32mBuilding C object CMakeFiles/node_impl.dir/src/main.c.o[0m
[0.753s] [ 80%] [32mBuilding C object CMakeFiles/node_impl.dir/src/error.c.o[0m
[0.831s] In file included from [01m[K/home/voltamon48/ros_test/src/rcl_utils/src/main.c:5[m[K:
[0.832s] [01m[K/home/voltamon48/ros_test/src/rcl_utils/include/rcl_utils/spin.h:20:21:[m[K [01;31m[Kerror: [m[Kconflicting types for ‘[01m[Kclock_t[m[K’; have ‘[01m[Krcl_clock_t[m[K’ {aka ‘[01m[Kstruct rcl_clock_s[m[K’}
[0.832s]    20 | typedef rcl_clock_t [01;31m[Kclock_t[m[K;
[0.832s]       |                     [01;31m[K^~~~~~~[m[K
[0.832s] In file included from [01m[K/usr/include/x86_64-linux-gnu/sys/types.h:126[m[K,
[0.833s]                  from [01m[K/usr/include/stdlib.h:514[m[K,
[0.833s]                  from [01m[K/opt/ros/jazzy/include/rcutils/rcutils/error_handling.h:33[m[K,
[0.833s]                  from [01m[K/opt/ros/jazzy/include/rcutils/rcutils/logging.h:25[m[K,
[0.833s]                  from [01m[K/opt/ros/jazzy/include/rmw/rmw/types.h:28[m[K,
[0.833s]                  from [01m[K/opt/ros/jazzy/include/rcl/rcl/types.h:20[m[K,
[0.834s]                  from [01m[K/opt/ros/jazzy/include/rcl/rcl/log_level.h:22[m[K,
[0.834s]                  from [01m[K/opt/ros/jazzy/include/rcl/rcl/arguments.h:21[m[K,
[0.834s]                  from [01m[K/opt/ros/jazzy/include/rcl/rcl/context.h:28[m[K,
[0.834s]                  from [01m[K/opt/ros/jazzy/include/rcl/rcl/init.h:26[m[K,
[0.834s]                  from [01m[K/opt/ros/jazzy/include/rcl/rcl/rcl.h:76[m[K,
[0.834s]                  from [01m[K/home/voltamon48/ros_test/src/rcl_utils/include/rcl_utils/ros.h:4[m[K,
[0.835s]                  from [01m[K/home/voltamon48/ros_test/src/rcl_utils/src/main.c:1[m[K:
[0.835s] [01m[K/usr/include/x86_64-linux-gnu/bits/types/clock_t.h:7:19:[m[K [01;36m[Knote: [m[Kprevious declaration of ‘[01m[Kclock_t[m[K’ with type ‘[01m[Kclock_t[m[K’ {aka ‘[01m[Klong int[m[K’}
[0.835s]     7 | typedef __clock_t [01;36m[Kclock_t[m[K;
[0.835s]       |                   [01;36m[K^~~~~~~[m[K
[0.835s] [01m[K/home/voltamon48/ros_test/src/rcl_utils/include/rcl_utils/spin.h:21:21:[m[K [01;31m[Kerror: [m[Kconflicting types for ‘[01m[Ktimer_t[m[K’; have ‘[01m[Krcl_timer_t[m[K’ {aka ‘[01m[Kstruct rcl_timer_s[m[K’}
[0.835s]    21 | typedef rcl_timer_t [01;31m[Ktimer_t[m[K;
[0.836s]       |                     [01;31m[K^~~~~~~[m[K
[0.836s] In file included from [01m[K/usr/include/x86_64-linux-gnu/sys/types.h:130[m[K:
[0.836s] [01m[K/usr/include/x86_64-linux-gnu/bits/types/timer_t.h:7:19:[m[K [01;36m[Knote: [m[Kprevious declaration of ‘[01m[Ktimer_t[m[K’ with type ‘[01m[Ktimer_t[m[K’ {aka ‘[01m[Kvoid *[m[K’}
[0.836s]     7 | typedef __timer_t [01;36m[Ktimer_t[m[K;
[0.836s]       |                   [01;36m[K^~~~~~~[m[K
[0.836s] [01m[K/home/voltamon48/ros_test/src/rcl_utils/src/main.c:7:1:[m[K [01;35m[Kwarning: [m[Kdata definition has no type or storage class
[0.836s]     7 | [01;35m[Kpotato[m[K;
[0.836s]       | [01;35m[K^~~~~~[m[K
[0.836s] [01m[K/home/voltamon48/ros_test/src/rcl_utils/src/main.c:7:1:[m[K [01;35m[Kwarning: [m[Ktype defaults to ‘[01m[Kint[m[K’ in declaration of ‘[01m[Kpotato[m[K’ [[01;35m[K]8;;https://gcc.gnu.org/onlinedocs/gcc/Warning-Options.html#index-Wimplicit-int-Wimplicit-int]8;;[m[K]
[0.837s] [01m[K/home/voltamon48/ros_test/src/rcl_utils/src/main.c:10:10:[m[K [01;31m[Kfatal error: [m[Kstd_msgs/msg/string.h: No such file or directory
[0.837s]    10 | #include [01;31m[K<std_msgs/msg/string.h>[m[K
[0.837s]       |          [01;31m[K^~~~~~~~~~~~~~~~~~~~~~~[m[K
[0.837s] compilation terminated.
[0.837s] gmake[2]: *** [CMakeFiles/node_impl.dir/build.make:76: CMakeFiles/node_impl.dir/src/main.c.o] Error 1
[0.837s] gmake[2]: *** Waiting for unfinished jobs....
[0.839s] gmake[1]: *** [CMakeFiles/Makefile2:137: CMakeFiles/node_impl.dir/all] Error 2
[0.839s] gmake: *** [Makefile:146: all] Error 2
[0.841s] Invoked command in '/home/voltamon48/ros_test/build/rcl_utils' returned '2': CMAKE_PREFIX_PATH=${CMAKE_PREFIX_PATH}:/opt/ros/jazzy DEBUGINFOD_URLS=https://debuginfod.ubuntu.com /usr/bin/cmake --build /home/voltamon48/ros_test/build/rcl_utils -- -j8 -l8
