[2.486s] Invoking command in '/home/voltamon48/ros_test/build/data_interface_bridge': DEBUGINFOD_URLS=https://debuginfod.ubuntu.com PYTHONPATH=/home/voltamon48/ros_test/build/data_interface_bridge/prefix_override:/usr/lib/python3/dist-packages/colcon_core/task/python/colcon_distutils_commands:/home/voltamon48/ros_test/install/data_interface_bridge/lib/python3.12/site-packages:${PYTHONPATH} /usr/bin/python3 -W ignore:setup.py install is deprecated -W ignore:easy_install command is deprecated setup.py develop --editable --build-directory /home/voltamon48/ros_test/build/data_interface_bridge/build --no-deps symlink_data --force
[3.054s] running develop
[3.359s] /usr/lib/python3/dist-packages/setuptools/command/easy_install.py:363: UserWarning: Unbuilt egg for pytest-repeat [unknown version] (/usr/lib/python3/dist-packages)
[3.360s]   self.local_index = Environment(self.shadow_path + sys.path)
[3.417s] running egg_info
[3.454s] writing data_interface_bridge.egg-info/PKG-INFO
[3.454s] writing dependency_links to data_interface_bridge.egg-info/dependency_links.txt
[3.457s] writing entry points to data_interface_bridge.egg-info/entry_points.txt
[3.457s] writing requirements to data_interface_bridge.egg-info/requires.txt
[3.459s] writing top-level names to data_interface_bridge.egg-info/top_level.txt
[3.527s] reading manifest file 'data_interface_bridge.egg-info/SOURCES.txt'
[3.528s] writing manifest file 'data_interface_bridge.egg-info/SOURCES.txt'
[3.566s] running build_ext
[3.568s] Creating /home/voltamon48/ros_test/install/data_interface_bridge/lib/python3.12/site-packages/data-interface-bridge.egg-link (link to .)
[3.569s] Installing pub script to /home/voltamon48/ros_test/install/data_interface_bridge/lib/data_interface_bridge
[3.569s] Installing sub script to /home/voltamon48/ros_test/install/data_interface_bridge/lib/data_interface_bridge
[3.570s] 
[3.570s] Installed /home/voltamon48/ros_test/build/data_interface_bridge
[3.570s] running symlink_data
[3.572s] symbolically linking /home/voltamon48/ros_test/build/data_interface_bridge/resource/data_interface_bridge -> /home/voltamon48/ros_test/install/data_interface_bridge/share/ament_index/resource_index/packages
[3.575s] symbolically linking /home/voltamon48/ros_test/build/data_interface_bridge/package.xml -> /home/voltamon48/ros_test/install/data_interface_bridge/share/data_interface_bridge
[3.645s] Invoked command in '/home/voltamon48/ros_test/build/data_interface_bridge' returned '0': DEBUGINFOD_URLS=https://debuginfod.ubuntu.com PYTHONPATH=/home/voltamon48/ros_test/build/data_interface_bridge/prefix_override:/usr/lib/python3/dist-packages/colcon_core/task/python/colcon_distutils_commands:/home/voltamon48/ros_test/install/data_interface_bridge/lib/python3.12/site-packages:${PYTHONPATH} /usr/bin/python3 -W ignore:setup.py install is deprecated -W ignore:easy_install command is deprecated setup.py develop --editable --build-directory /home/voltamon48/ros_test/build/data_interface_bridge/build --no-deps symlink_data --force
