[2.475s] Invoking command in '/home/voltamon48/ros_test/src/json_interfce_bridge': DEBUGINFOD_URLS=https://debuginfod.ubuntu.com PYTHONPATH=/home/voltamon48/ros_test/build/json_interfce_bridge/prefix_override:/usr/lib/python3/dist-packages/colcon_core/task/python/colcon_distutils_commands:/home/voltamon48/ros_test/install/json_interfce_bridge/lib/python3.12/site-packages:${PYTHONPATH} /usr/bin/python3 -W ignore:setup.py install is deprecated -W ignore:easy_install command is deprecated setup.py egg_info --egg-base ../../build/json_interfce_bridge build --build-base /home/voltamon48/ros_test/build/json_interfce_bridge/build install --record /home/voltamon48/ros_test/build/json_interfce_bridge/install.log --single-version-externally-managed install_data
[2.977s] running egg_info
[3.013s] writing ../../build/json_interfce_bridge/json_interfce_bridge.egg-info/PKG-INFO
[3.014s] writing dependency_links to ../../build/json_interfce_bridge/json_interfce_bridge.egg-info/dependency_links.txt
[3.014s] writing entry points to ../../build/json_interfce_bridge/json_interfce_bridge.egg-info/entry_points.txt
[3.015s] writing requirements to ../../build/json_interfce_bridge/json_interfce_bridge.egg-info/requires.txt
[3.015s] writing top-level names to ../../build/json_interfce_bridge/json_interfce_bridge.egg-info/top_level.txt
[3.094s] reading manifest file '../../build/json_interfce_bridge/json_interfce_bridge.egg-info/SOURCES.txt'
[3.096s] writing manifest file '../../build/json_interfce_bridge/json_interfce_bridge.egg-info/SOURCES.txt'
[3.097s] running build
[3.097s] running build_py
[3.097s] running install
[3.109s] running install_lib
[3.149s] running install_data
[3.149s] running install_egg_info
[3.189s] removing '/home/voltamon48/ros_test/install/json_interfce_bridge/lib/python3.12/site-packages/json_interfce_bridge-0.0.0-py3.12.egg-info' (and everything under it)
[3.190s] Copying ../../build/json_interfce_bridge/json_interfce_bridge.egg-info to /home/voltamon48/ros_test/install/json_interfce_bridge/lib/python3.12/site-packages/json_interfce_bridge-0.0.0-py3.12.egg-info
[3.192s] running install_scripts
[3.427s] Installing pub script to /home/voltamon48/ros_test/install/json_interfce_bridge/lib/json_interfce_bridge
[3.428s] Installing sub script to /home/voltamon48/ros_test/install/json_interfce_bridge/lib/json_interfce_bridge
[3.428s] writing list of installed files to '/home/voltamon48/ros_test/build/json_interfce_bridge/install.log'
[3.491s] Invoked command in '/home/voltamon48/ros_test/src/json_interfce_bridge' returned '0': DEBUGINFOD_URLS=https://debuginfod.ubuntu.com PYTHONPATH=/home/voltamon48/ros_test/build/json_interfce_bridge/prefix_override:/usr/lib/python3/dist-packages/colcon_core/task/python/colcon_distutils_commands:/home/voltamon48/ros_test/install/json_interfce_bridge/lib/python3.12/site-packages:${PYTHONPATH} /usr/bin/python3 -W ignore:setup.py install is deprecated -W ignore:easy_install command is deprecated setup.py egg_info --egg-base ../../build/json_interfce_bridge build --build-base /home/voltamon48/ros_test/build/json_interfce_bridge/build install --record /home/voltamon48/ros_test/build/json_interfce_bridge/install.log --single-version-externally-managed install_data
