[2.379s] Invoking command in '/home/voltamon48/ros_test/src/service_activity': DEBUGINFOD_URLS=https://debuginfod.ubuntu.com PYTHONPATH=/home/voltamon48/ros_test/build/service_activity/prefix_override:/usr/lib/python3/dist-packages/colcon_core/task/python/colcon_distutils_commands:/home/voltamon48/ros_test/install/service_activity/lib/python3.12/site-packages:${PYTHONPATH} /usr/bin/python3 -W ignore:setup.py install is deprecated -W ignore:easy_install command is deprecated setup.py egg_info --egg-base ../../build/service_activity build --build-base /home/voltamon48/ros_test/build/service_activity/build install --record /home/voltamon48/ros_test/build/service_activity/install.log --single-version-externally-managed install_data
[3.047s] running egg_info
[3.097s] writing ../../build/service_activity/service_activity.egg-info/PKG-INFO
[3.100s] writing dependency_links to ../../build/service_activity/service_activity.egg-info/dependency_links.txt
[3.100s] writing entry points to ../../build/service_activity/service_activity.egg-info/entry_points.txt
[3.102s] writing requirements to ../../build/service_activity/service_activity.egg-info/requires.txt
[3.102s] writing top-level names to ../../build/service_activity/service_activity.egg-info/top_level.txt
[3.210s] reading manifest file '../../build/service_activity/service_activity.egg-info/SOURCES.txt'
[3.211s] writing manifest file '../../build/service_activity/service_activity.egg-info/SOURCES.txt'
[3.212s] running build
[3.213s] running build_py
[3.214s] running install
[3.234s] running install_lib
[3.288s] running install_data
[3.288s] running install_egg_info
[3.345s] removing '/home/voltamon48/ros_test/install/service_activity/lib/python3.12/site-packages/service_activity-0.0.0-py3.12.egg-info' (and everything under it)
[3.345s] Copying ../../build/service_activity/service_activity.egg-info to /home/voltamon48/ros_test/install/service_activity/lib/python3.12/site-packages/service_activity-0.0.0-py3.12.egg-info
[3.348s] running install_scripts
[3.692s] Installing num_count script to /home/voltamon48/ros_test/install/service_activity/lib/service_activity
[3.694s] Installing num_pub script to /home/voltamon48/ros_test/install/service_activity/lib/service_activity
[3.695s] Installing num_srv script to /home/voltamon48/ros_test/install/service_activity/lib/service_activity
[3.696s] writing list of installed files to '/home/voltamon48/ros_test/build/service_activity/install.log'
[3.785s] Invoked command in '/home/voltamon48/ros_test/src/service_activity' returned '0': DEBUGINFOD_URLS=https://debuginfod.ubuntu.com PYTHONPATH=/home/voltamon48/ros_test/build/service_activity/prefix_override:/usr/lib/python3/dist-packages/colcon_core/task/python/colcon_distutils_commands:/home/voltamon48/ros_test/install/service_activity/lib/python3.12/site-packages:${PYTHONPATH} /usr/bin/python3 -W ignore:setup.py install is deprecated -W ignore:easy_install command is deprecated setup.py egg_info --egg-base ../../build/service_activity build --build-base /home/voltamon48/ros_test/build/service_activity/build install --record /home/voltamon48/ros_test/build/service_activity/install.log --single-version-externally-managed install_data
