[0.009s] Invoking command in '/home/voltamon48/ros_test/build/rcl_utils': CMAKE_PREFIX_PATH=${CMAKE_PREFIX_PATH}:/home/voltamon48/ros_test/install/topic_activity:/home/voltamon48/ros_test/install/test_pkg:/home/voltamon48/ros_test/install/service_activity:/home/voltamon48/ros_test/install/launch_pkg:/home/voltamon48/ros_test/install/json_interfce_bridge:/home/voltamon48/ros_test/install/data_interface_bridge:/opt/ros/jazzy DEBUGINFOD_URLS=https://debuginfod.ubuntu.com /usr/bin/cmake --build /home/voltamon48/ros_test/build/rcl_utils -- -j8 -l8
[0.035s] -- Found ament_cmake: 2.5.5 (/opt/ros/jazzy/share/ament_cmake/cmake)
[0.276s] -- Found rcl: 9.2.9 (/opt/ros/jazzy/share/rcl/cmake)
[0.308s] -- Found rosidl_generator_c: 4.6.7 (/opt/ros/jazzy/share/rosidl_generator_c/cmake)
[0.321s] -- Found rosidl_generator_cpp: 4.6.7 (/opt/ros/jazzy/share/rosidl_generator_cpp/cmake)
[0.336s] -- Using all available rosidl_typesupport_c: rosidl_typesupport_fastrtps_c;rosidl_typesupport_introspection_c
[0.353s] -- Using all available rosidl_typesupport_cpp: rosidl_typesupport_fastrtps_cpp;rosidl_typesupport_introspection_cpp
[0.441s] -- Found rmw_implementation_cmake: 7.3.3 (/opt/ros/jazzy/share/rmw_implementation_cmake/cmake)
[0.444s] -- Found rmw_fastrtps_cpp: 8.4.3 (/opt/ros/jazzy/share/rmw_fastrtps_cpp/cmake)
[0.528s] -- Found OpenSSL: /usr/lib/x86_64-linux-gnu/libcrypto.so (found version "3.0.13")  
[0.550s] -- Found FastRTPS: /opt/ros/jazzy/include (Required is at least version "2.13") 
[0.576s] -- Using RMW implementation 'rmw_fastrtps_cpp' as default
[0.605s] -- Found std_msgs: 5.3.6 (/opt/ros/jazzy/share/std_msgs/cmake)
[0.736s] [31mCMake Error at /opt/ros/jazzy/share/ament_cmake_core/cmake/core/ament_package_xml.cmake:53 (message):
[0.736s]   ament_package_xml() package name 'rcl_utils' in '/package.xml' does not
[0.736s]   match current PROJECT_NAME 'my_c_lidar_pkg'.  You must call project() with
[0.737s]   the same package name before.
[0.737s] Call Stack (most recent call first):
[0.737s]   /opt/ros/jazzy/share/ament_cmake_core/cmake/core/ament_package.cmake:63 (ament_package_xml)
[0.737s]   CMakeLists.txt:35 (ament_package)
[0.737s] 
[0.737s] [0m
[0.737s] -- Configuring incomplete, errors occurred!
[0.743s] gmake: *** [Makefile:267: cmake_check_build_system] Error 1
[0.745s] Invoked command in '/home/voltamon48/ros_test/build/rcl_utils' returned '2': CMAKE_PREFIX_PATH=${CMAKE_PREFIX_PATH}:/home/voltamon48/ros_test/install/topic_activity:/home/voltamon48/ros_test/install/test_pkg:/home/voltamon48/ros_test/install/service_activity:/home/voltamon48/ros_test/install/launch_pkg:/home/voltamon48/ros_test/install/json_interfce_bridge:/home/voltamon48/ros_test/install/data_interface_bridge:/opt/ros/jazzy DEBUGINFOD_URLS=https://debuginfod.ubuntu.com /usr/bin/cmake --build /home/voltamon48/ros_test/build/rcl_utils -- -j8 -l8
