[0.009s] Invoking command in '/home/voltamon48/ros_test/build/rcl_utils': CMAKE_PREFIX_PATH=${CMAKE_PREFIX_PATH}:/home/voltamon48/ros_test/install/topic_activity:/home/voltamon48/ros_test/install/test_pkg:/home/voltamon48/ros_test/install/service_activity:/home/voltamon48/ros_test/install/launch_pkg:/home/voltamon48/ros_test/install/json_interfce_bridge:/home/voltamon48/ros_test/install/data_interface_bridge:/opt/ros/jazzy DEBUGINFOD_URLS=https://debuginfod.ubuntu.com /usr/bin/cmake --build /home/voltamon48/ros_test/build/rcl_utils -- -j8 -l8
[0.057s] [ 50%] [32mBuilding C object CMakeFiles/example.dir/src/ros.c.o[0m
[0.057s] [ 50%] [32mBuilding C object CMakeFiles/example.dir/src/node.c.o[0m
[0.113s] [01m[K/home/voltamon48/ros_test/src/rcl_utils/src/ros.c:[m[K In function ‘[01m[Kros_init[m[K’:
[0.113s] [01m[K/home/voltamon48/ros_test/src/rcl_utils/src/ros.c:9:5:[m[K [01;31m[Kerror: [m[Kunknown type name ‘[01m[Kros_allocator_t[m[K’; did you mean ‘[01m[Krcl_allocator_t[m[K’?
[0.113s]     9 |     [01;31m[Kros_allocator_t[m[K alloc = rcl_get_default_allocator();
[0.113s]       |     [01;31m[K^~~~~~~~~~~~~~~[m[K
[0.113s]       |     [32m[Krcl_allocator_t[m[K
[0.114s] [01m[K/home/voltamon48/ros_test/src/rcl_utils/src/ros.c:9:29:[m[K [01;31m[Kerror: [m[Kincompatible types when initializing type ‘[01m[Kint[m[K’ using type ‘[01m[Krcutils_allocator_t[m[K’ {aka ‘[01m[Kstruct rcutils_allocator_s[m[K’}
[0.114s]     9 |     ros_allocator_t alloc = [01;31m[Krcl_get_default_allocator[m[K();
[0.114s]       |                             [01;31m[K^~~~~~~~~~~~~~~~~~~~~~~~~[m[K
[0.114s] [01m[K/home/voltamon48/ros_test/src/rcl_utils/src/ros.c:11:52:[m[K [01;31m[Kerror: [m[Kincompatible type for argument 2 of ‘[01m[Krcl_init_options_init[m[K’
[0.114s]    11 |     ret = rcl_init_options_init(&ros.init_options, [01;31m[Kalloc[m[K);
[0.114s]       |                                                    [01;31m[K^~~~~[m[K
[0.114s]       |                                                    [01;31m[K|[m[K
[0.114s]       |                                                    [01;31m[Kint[m[K
[0.114s] In file included from [01m[K/opt/ros/jazzy/include/rcl/rcl/context.h:29[m[K,
[0.115s]                  from [01m[K/opt/ros/jazzy/include/rcl/rcl/init.h:26[m[K,
[0.115s]                  from [01m[K/opt/ros/jazzy/include/rcl/rcl/rcl.h:76[m[K,
[0.115s]                  from [01m[K/home/voltamon48/ros_test/src/rcl_utils/include/rcl_utils/ros.h:4[m[K,
[0.115s]                  from [01m[K/home/voltamon48/ros_test/src/rcl_utils/src/ros.c:1[m[K:
[0.115s] [01m[K/opt/ros/jazzy/include/rcl/rcl/init_options.h:75:74:[m[K [01;36m[Knote: [m[Kexpected ‘[01m[Krcl_allocator_t[m[K’ {aka ‘[01m[Kstruct rcutils_allocator_s[m[K’} but argument is of type ‘[01m[Kint[m[K’
[0.115s]    75 | rcl_init_options_init(rcl_init_options_t * init_options, [01;36m[Krcl_allocator_t allocator[m[K);
[0.115s]       |                                                          [01;36m[K~~~~~~~~~~~~~~~~^~~~~~~~~[m[K
[0.117s] gmake[2]: *** [CMakeFiles/example.dir/build.make:90: CMakeFiles/example.dir/src/ros.c.o] Error 1
[0.117s] gmake[2]: *** Waiting for unfinished jobs....
[0.126s] gmake[1]: *** [CMakeFiles/Makefile2:137: CMakeFiles/example.dir/all] Error 2
[0.126s] gmake: *** [Makefile:146: all] Error 2
[0.128s] Invoked command in '/home/voltamon48/ros_test/build/rcl_utils' returned '2': CMAKE_PREFIX_PATH=${CMAKE_PREFIX_PATH}:/home/voltamon48/ros_test/install/topic_activity:/home/voltamon48/ros_test/install/test_pkg:/home/voltamon48/ros_test/install/service_activity:/home/voltamon48/ros_test/install/launch_pkg:/home/voltamon48/ros_test/install/json_interfce_bridge:/home/voltamon48/ros_test/install/data_interface_bridge:/opt/ros/jazzy DEBUGINFOD_URLS=https://debuginfod.ubuntu.com /usr/bin/cmake --build /home/voltamon48/ros_test/build/rcl_utils -- -j8 -l8
