-- The C compiler identification is GNU 13.3.0
-- The CXX compiler identification is GNU 13.3.0
-- Detecting C compiler ABI info
-- Detecting C compiler ABI info - done
-- Check for working C compiler: /usr/bin/cc - skipped
-- Detecting C compile features
-- Detecting C compile features - done
-- Detecting CXX compiler ABI info
-- Detecting CXX compiler ABI info - done
-- Check for working CXX compiler: /usr/bin/c++ - skipped
-- Detecting CXX compile features
-- Detecting CXX compile features - done
-- Found ament_cmake: 2.5.5 (/opt/ros/jazzy/share/ament_cmake/cmake)
-- Found Python3: /usr/bin/python3 (found version "3.12.3") found components: Interpreter 
-- Found rcl: 9.2.9 (/opt/ros/jazzy/share/rcl/cmake)
-- Found rosidl_generator_c: 4.6.7 (/opt/ros/jazzy/share/rosidl_generator_c/cmake)
-- Found rosidl_generator_cpp: 4.6.7 (/opt/ros/jazzy/share/rosidl_generator_cpp/cmake)
-- Using all available rosidl_typesupport_c: rosidl_typesupport_fastrtps_c;rosidl_typesupport_introspection_c
-- Using all available rosidl_typesupport_cpp: rosidl_typesupport_fastrtps_cpp;rosidl_typesupport_introspection_cpp
-- Found rmw_implementation_cmake: 7.3.3 (/opt/ros/jazzy/share/rmw_implementation_cmake/cmake)
-- Found rmw_fastrtps_cpp: 8.4.3 (/opt/ros/jazzy/share/rmw_fastrtps_cpp/cmake)
-- Found OpenSSL: /usr/lib/x86_64-linux-gnu/libcrypto.so (found version "3.0.13")  
-- Found FastRTPS: /opt/ros/jazzy/include (Required is at least version "2.13") 
-- Using RMW implementation 'rmw_fastrtps_cpp' as default
-- Found std_msgs: 5.3.6 (/opt/ros/jazzy/share/std_msgs/cmake)
-- Found std_srvs: 5.3.6 (/opt/ros/jazzy/share/std_srvs/cmake)
-- Configuring done (0.9s)
-- Generating done (0.0s)
-- Build files have been written to: /home/voltamon48/ros_test/build/rcl_utils
[ 10%] [32mBuilding C object CMakeFiles/node_impl.dir/src/main.c.o[0m
[ 20%] [32mBuilding C object CMakeFiles/node_impl.dir/src/ros.c.o[0m
[ 30%] [32mBuilding C object CMakeFiles/node_impl.dir/src/node.c.o[0m
[ 40%] [32mBuilding C object CMakeFiles/node_impl.dir/src/pub.c.o[0m
[ 50%] [32mBuilding C object CMakeFiles/node_impl.dir/src/error.c.o[0m
[ 60%] [32mBuilding C object CMakeFiles/node_impl.dir/src/server.c.o[0m
[ 70%] [32mBuilding C object CMakeFiles/node_impl.dir/src/sub.c.o[0m
[ 80%] [32mBuilding C object CMakeFiles/node_impl.dir/src/spin.c.o[0m
[01m[K/home/voltamon48/ros_test/src/rcl_utils/src/main.c:11:10:[m[K [01;31m[Kfatal error: [m[Kstd_srvs/srv/trigger.h: No such file or directory
   11 | #include [01;31m[K<std_srvs/srv/trigger.h>[m[K
      |          [01;31m[K^~~~~~~~~~~~~~~~~~~~~~~~[m[K
compilation terminated.
gmake[2]: *** [CMakeFiles/node_impl.dir/build.make:76: CMakeFiles/node_impl.dir/src/main.c.o] Error 1
gmake[2]: *** Waiting for unfinished jobs....
[01m[K/home/voltamon48/ros_test/src/rcl_utils/src/spin.c:[m[K In function ‘[01m[Ksignal_handler[m[K’:
[01m[K/home/voltamon48/ros_test/src/rcl_utils/src/spin.c:13:20:[m[K [01;35m[Kwarning: [m[K‘[01m[Kreturn[m[K’ with a value, in function returning void [[01;35m[K]8;;https://gcc.gnu.org/onlinedocs/gcc/Warning-Options.html#index-Wreturn-type-Wreturn-type]8;;[m[K]
   13 |             return [01;35m[K1[m[K;
      |                    [01;35m[K^[m[K
[01m[K/home/voltamon48/ros_test/src/rcl_utils/src/spin.c:6:13:[m[K [01;36m[Knote: [m[Kdeclared here
    6 | static void [01;36m[Ksignal_handler[m[K(int sig) {
      |             [01;36m[K^~~~~~~~~~~~~~[m[K
[01m[K/home/voltamon48/ros_test/src/rcl_utils/src/spin.c:[m[K In function ‘[01m[Kcreate_spinner[m[K’:
[01m[K/home/voltamon48/ros_test/src/rcl_utils/src/spin.c:54:5:[m[K [01;35m[Kwarning: [m[K‘[01m[Krcl_timer_init[m[K’ is deprecated: Call rcl_timer_init2 instead [[01;35m[K]8;;https://gcc.gnu.org/onlinedocs/gcc/Warning-Options.html#index-Wdeprecated-declarations-Wdeprecated-declarations]8;;[m[K]
   54 |     [01;35m[Kret[m[K = rcl_timer_init(spinner.timer, spinner.clock, ctx, RCL_MS_TO_NS(1000), NULL, alloc);
      |     [01;35m[K^~~[m[K
In file included from [01m[K/opt/ros/jazzy/include/rcl/rcl/wait.h:33[m[K,
                 from [01m[K/opt/ros/jazzy/include/rcl/rcl/rcl.h:80[m[K,
                 from [01m[K/home/voltamon48/ros_test/src/rcl_utils/include/rcl_utils/error.h:7[m[K,
                 from [01m[K/home/voltamon48/ros_test/src/rcl_utils/include/rcl_utils/spin.h:4[m[K,
                 from [01m[K/home/voltamon48/ros_test/src/rcl_utils/src/spin.c:1[m[K:
[01m[K/opt/ros/jazzy/include/rcl/rcl/timer.h:188:1:[m[K [01;36m[Knote: [m[Kdeclared here
  188 | [01;36m[Krcl_timer_init[m[K(
      | [01;36m[K^~~~~~~~~~~~~~[m[K
gmake[1]: *** [CMakeFiles/Makefile2:137: CMakeFiles/node_impl.dir/all] Error 2
gmake: *** [Makefile:146: all] Error 2
