[0.011s] Invoking command in '/home/voltamon48/ros_test/build/rcl_utils': CMAKE_PREFIX_PATH=${CMAKE_PREFIX_PATH}:/home/voltamon48/ros_test/install/topic_activity:/home/voltamon48/ros_test/install/test_pkg:/home/voltamon48/ros_test/install/service_activity:/home/voltamon48/ros_test/install/launch_pkg:/home/voltamon48/ros_test/install/json_interfce_bridge:/home/voltamon48/ros_test/install/data_interface_bridge:/opt/ros/jazzy DEBUGINFOD_URLS=https://debuginfod.ubuntu.com /usr/bin/cmake /home/voltamon48/ros_test/src/rcl_utils -DCMAKE_INSTALL_PREFIX=/home/voltamon48/ros_test/install/rcl_utils
[0.077s] -- The C compiler identification is GNU 13.3.0
[0.178s] -- The CXX compiler identification is GNU 13.3.0
[0.194s] -- Detecting C compiler ABI info
[0.278s] -- Detecting C compiler ABI info - done
[0.289s] -- Check for working C compiler: /usr/bin/cc - skipped
[0.290s] -- Detecting C compile features
[0.290s] -- Detecting C compile features - done
[0.302s] -- Detecting CXX compiler ABI info
[0.391s] -- Detecting CXX compiler ABI info - done
[0.403s] -- Check for working CXX compiler: /usr/bin/c++ - skipped
[0.403s] -- Detecting CXX compile features
[0.404s] -- Detecting CXX compile features - done
[0.408s] -- Found ament_cmake: 2.5.5 (/opt/ros/jazzy/share/ament_cmake/cmake)
[0.563s] -- Found Python3: /usr/bin/python3 (found version "3.12.3") found components: Interpreter 
[0.694s] -- Found std_msgs: 5.3.6 (/opt/ros/jazzy/share/std_msgs/cmake)
[0.741s] -- Found rosidl_generator_c: 4.6.7 (/opt/ros/jazzy/share/rosidl_generator_c/cmake)
[0.756s] -- Found rosidl_generator_cpp: 4.6.7 (/opt/ros/jazzy/share/rosidl_generator_cpp/cmake)
[0.778s] -- Using all available rosidl_typesupport_c: rosidl_typesupport_fastrtps_c;rosidl_typesupport_introspection_c
[0.806s] -- Using all available rosidl_typesupport_cpp: rosidl_typesupport_fastrtps_cpp;rosidl_typesupport_introspection_cpp
[0.856s] -- Found ament_lint_auto: 0.17.4 (/opt/ros/jazzy/share/ament_lint_auto/cmake)
[0.966s] [31mCMake Error at /opt/ros/jazzy/share/ament_cmake_target_dependencies/cmake/ament_target_dependencies.cmake:77 (message):
[0.966s]   ament_target_dependencies() the passed package name 'rclc' was not found
[0.966s]   before
[0.966s] Call Stack (most recent call first):
[0.966s]   CMakeLists.txt:26 (ament_target_dependencies)
[0.966s] 
[0.967s] [0m
[0.967s] -- Configuring incomplete, errors occurred!
[0.971s] Invoked command in '/home/voltamon48/ros_test/build/rcl_utils' returned '1': CMAKE_PREFIX_PATH=${CMAKE_PREFIX_PATH}:/home/voltamon48/ros_test/install/topic_activity:/home/voltamon48/ros_test/install/test_pkg:/home/voltamon48/ros_test/install/service_activity:/home/voltamon48/ros_test/install/launch_pkg:/home/voltamon48/ros_test/install/json_interfce_bridge:/home/voltamon48/ros_test/install/data_interface_bridge:/opt/ros/jazzy DEBUGINFOD_URLS=https://debuginfod.ubuntu.com /usr/bin/cmake /home/voltamon48/ros_test/src/rcl_utils -DCMAKE_INSTALL_PREFIX=/home/voltamon48/ros_test/install/rcl_utils
