[0.803s] Invoking command in '/home/voltamon48/ros_test/src/topic_activity': DEBUGINFOD_URLS=https://debuginfod.ubuntu.com PYTHONPATH=/home/voltamon48/ros_test/build/topic_activity/prefix_override:/usr/lib/python3/dist-packages/colcon_core/task/python/colcon_distutils_commands:/home/voltamon48/ros_test/install/topic_activity/lib/python3.12/site-packages:${PYTHONPATH} /usr/bin/python3 -W ignore:setup.py install is deprecated -W ignore:easy_install command is deprecated setup.py egg_info --egg-base ../../build/topic_activity build --build-base /home/voltamon48/ros_test/build/topic_activity/build install --record /home/voltamon48/ros_test/build/topic_activity/install.log --single-version-externally-managed install_data
[1.051s] running egg_info
[1.069s] writing ../../build/topic_activity/topic_activity.egg-info/PKG-INFO
[1.069s] writing dependency_links to ../../build/topic_activity/topic_activity.egg-info/dependency_links.txt
[1.069s] writing entry points to ../../build/topic_activity/topic_activity.egg-info/entry_points.txt
[1.069s] writing requirements to ../../build/topic_activity/topic_activity.egg-info/requires.txt
[1.069s] writing top-level names to ../../build/topic_activity/topic_activity.egg-info/top_level.txt
[1.104s] reading manifest file '../../build/topic_activity/topic_activity.egg-info/SOURCES.txt'
[1.105s] writing manifest file '../../build/topic_activity/topic_activity.egg-info/SOURCES.txt'
[1.106s] running build
[1.106s] running build_py
[1.106s] copying topic_activity/number_counter.py -> /home/voltamon48/ros_test/build/topic_activity/build/lib/topic_activity
[1.106s] running install
[1.115s] running install_lib
[1.132s] copying /home/voltamon48/ros_test/build/topic_activity/build/lib/topic_activity/number_counter.py -> /home/voltamon48/ros_test/install/topic_activity/lib/python3.12/site-packages/topic_activity
[1.133s] byte-compiling /home/voltamon48/ros_test/install/topic_activity/lib/python3.12/site-packages/topic_activity/number_counter.py to number_counter.cpython-312.pyc
[1.133s] running install_data
[1.133s] running install_egg_info
[1.155s] removing '/home/voltamon48/ros_test/install/topic_activity/lib/python3.12/site-packages/topic_activity-0.0.0-py3.12.egg-info' (and everything under it)
[1.155s] Copying ../../build/topic_activity/topic_activity.egg-info to /home/voltamon48/ros_test/install/topic_activity/lib/python3.12/site-packages/topic_activity-0.0.0-py3.12.egg-info
[1.156s] running install_scripts
[1.275s] Installing num_count script to /home/voltamon48/ros_test/install/topic_activity/lib/topic_activity
[1.275s] Installing num_pub script to /home/voltamon48/ros_test/install/topic_activity/lib/topic_activity
[1.275s] writing list of installed files to '/home/voltamon48/ros_test/build/topic_activity/install.log'
[1.303s] Invoked command in '/home/voltamon48/ros_test/src/topic_activity' returned '0': DEBUGINFOD_URLS=https://debuginfod.ubuntu.com PYTHONPATH=/home/voltamon48/ros_test/build/topic_activity/prefix_override:/usr/lib/python3/dist-packages/colcon_core/task/python/colcon_distutils_commands:/home/voltamon48/ros_test/install/topic_activity/lib/python3.12/site-packages:${PYTHONPATH} /usr/bin/python3 -W ignore:setup.py install is deprecated -W ignore:easy_install command is deprecated setup.py egg_info --egg-base ../../build/topic_activity build --build-base /home/voltamon48/ros_test/build/topic_activity/build install --record /home/voltamon48/ros_test/build/topic_activity/install.log --single-version-externally-managed install_data
