running egg_info
writing ../../build/data_interface_bridge/data_interface_bridge.egg-info/PKG-INFO
writing dependency_links to ../../build/data_interface_bridge/data_interface_bridge.egg-info/dependency_links.txt
writing entry points to ../../build/data_interface_bridge/data_interface_bridge.egg-info/entry_points.txt
writing requirements to ../../build/data_interface_bridge/data_interface_bridge.egg-info/requires.txt
writing top-level names to ../../build/data_interface_bridge/data_interface_bridge.egg-info/top_level.txt
reading manifest file '../../build/data_interface_bridge/data_interface_bridge.egg-info/SOURCES.txt'
writing manifest file '../../build/data_interface_bridge/data_interface_bridge.egg-info/SOURCES.txt'
running build
running build_py
running install
running install_lib
running install_data
running install_egg_info
removing '/home/voltamon48/ros_test/install/data_interface_bridge/lib/python3.12/site-packages/data_interface_bridge-0.0.0-py3.12.egg-info' (and everything under it)
Copying ../../build/data_interface_bridge/data_interface_bridge.egg-info to /home/voltamon48/ros_test/install/data_interface_bridge/lib/python3.12/site-packages/data_interface_bridge-0.0.0-py3.12.egg-info
running install_scripts
Installing pub script to /home/voltamon48/ros_test/install/data_interface_bridge/lib/data_interface_bridge
Installing sub script to /home/voltamon48/ros_test/install/data_interface_bridge/lib/data_interface_bridge
writing list of installed files to '/home/voltamon48/ros_test/build/data_interface_bridge/install.log'
