[1.474s] Invoking command in '/home/voltamon48/ros_test/src/service_activity': DEBUGINFOD_URLS=https://debuginfod.ubuntu.com PYTHONPATH=/home/voltamon48/ros_test/build/service_activity/prefix_override:/usr/lib/python3/dist-packages/colcon_core/task/python/colcon_distutils_commands:/home/voltamon48/ros_test/install/service_activity/lib/python3.12/site-packages:${PYTHONPATH} /usr/bin/python3 -W ignore:setup.py install is deprecated -W ignore:easy_install command is deprecated setup.py egg_info --egg-base ../../build/service_activity build --build-base /home/voltamon48/ros_test/build/service_activity/build install --record /home/voltamon48/ros_test/build/service_activity/install.log --single-version-externally-managed install_data
[1.847s] running egg_info
[1.872s] writing ../../build/service_activity/service_activity.egg-info/PKG-INFO
[1.872s] writing dependency_links to ../../build/service_activity/service_activity.egg-info/dependency_links.txt
[1.873s] writing entry points to ../../build/service_activity/service_activity.egg-info/entry_points.txt
[1.873s] writing requirements to ../../build/service_activity/service_activity.egg-info/requires.txt
[1.873s] writing top-level names to ../../build/service_activity/service_activity.egg-info/top_level.txt
[1.928s] reading manifest file '../../build/service_activity/service_activity.egg-info/SOURCES.txt'
[1.929s] writing manifest file '../../build/service_activity/service_activity.egg-info/SOURCES.txt'
[1.929s] running build
[1.929s] running build_py
[1.930s] copying service_activity/number_counter.py -> /home/voltamon48/ros_test/build/service_activity/build/lib/service_activity
[1.930s] copying service_activity/number_publisher.py -> /home/voltamon48/ros_test/build/service_activity/build/lib/service_activity
[1.930s] running install
[1.941s] running install_lib
[1.972s] copying /home/voltamon48/ros_test/build/service_activity/build/lib/service_activity/number_counter.py -> /home/voltamon48/ros_test/install/service_activity/lib/python3.12/site-packages/service_activity
[1.972s] copying /home/voltamon48/ros_test/build/service_activity/build/lib/service_activity/number_publisher.py -> /home/voltamon48/ros_test/install/service_activity/lib/python3.12/site-packages/service_activity
[1.973s] byte-compiling /home/voltamon48/ros_test/install/service_activity/lib/python3.12/site-packages/service_activity/number_counter.py to number_counter.cpython-312.pyc
[1.974s] byte-compiling /home/voltamon48/ros_test/install/service_activity/lib/python3.12/site-packages/service_activity/number_publisher.py to number_publisher.cpython-312.pyc
[1.975s] running install_data
[1.975s] running install_egg_info
[2.003s] removing '/home/voltamon48/ros_test/install/service_activity/lib/python3.12/site-packages/service_activity-0.0.0-py3.12.egg-info' (and everything under it)
[2.003s] Copying ../../build/service_activity/service_activity.egg-info to /home/voltamon48/ros_test/install/service_activity/lib/python3.12/site-packages/service_activity-0.0.0-py3.12.egg-info
[2.005s] running install_scripts
[2.208s] Installing num_count script to /home/voltamon48/ros_test/install/service_activity/lib/service_activity
[2.208s] Installing num_pub script to /home/voltamon48/ros_test/install/service_activity/lib/service_activity
[2.208s] Installing num_srv script to /home/voltamon48/ros_test/install/service_activity/lib/service_activity
[2.209s] writing list of installed files to '/home/voltamon48/ros_test/build/service_activity/install.log'
[2.275s] Invoked command in '/home/voltamon48/ros_test/src/service_activity' returned '0': DEBUGINFOD_URLS=https://debuginfod.ubuntu.com PYTHONPATH=/home/voltamon48/ros_test/build/service_activity/prefix_override:/usr/lib/python3/dist-packages/colcon_core/task/python/colcon_distutils_commands:/home/voltamon48/ros_test/install/service_activity/lib/python3.12/site-packages:${PYTHONPATH} /usr/bin/python3 -W ignore:setup.py install is deprecated -W ignore:easy_install command is deprecated setup.py egg_info --egg-base ../../build/service_activity build --build-base /home/voltamon48/ros_test/build/service_activity/build install --record /home/voltamon48/ros_test/build/service_activity/install.log --single-version-externally-managed install_data
