[2.451s] Invoking command in '/home/voltamon48/ros_test/src/data_interface_bridge': DEBUGINFOD_URLS=https://debuginfod.ubuntu.com PYTHONPATH=/home/voltamon48/ros_test/build/data_interface_bridge/prefix_override:/usr/lib/python3/dist-packages/colcon_core/task/python/colcon_distutils_commands:/home/voltamon48/ros_test/install/data_interface_bridge/lib/python3.12/site-packages:${PYTHONPATH} /usr/bin/python3 -W ignore:setup.py install is deprecated -W ignore:easy_install command is deprecated setup.py egg_info --egg-base ../../build/data_interface_bridge build --build-base /home/voltamon48/ros_test/build/data_interface_bridge/build install --record /home/voltamon48/ros_test/build/data_interface_bridge/install.log --single-version-externally-managed install_data
[2.906s] running egg_info
[2.959s] writing ../../build/data_interface_bridge/data_interface_bridge.egg-info/PKG-INFO
[2.961s] writing dependency_links to ../../build/data_interface_bridge/data_interface_bridge.egg-info/dependency_links.txt
[2.961s] writing entry points to ../../build/data_interface_bridge/data_interface_bridge.egg-info/entry_points.txt
[2.966s] writing requirements to ../../build/data_interface_bridge/data_interface_bridge.egg-info/requires.txt
[2.966s] writing top-level names to ../../build/data_interface_bridge/data_interface_bridge.egg-info/top_level.txt
[3.079s] reading manifest file '../../build/data_interface_bridge/data_interface_bridge.egg-info/SOURCES.txt'
[3.081s] writing manifest file '../../build/data_interface_bridge/data_interface_bridge.egg-info/SOURCES.txt'
[3.083s] running build
[3.083s] running build_py
[3.083s] running install
[3.102s] running install_lib
[3.161s] running install_data
[3.162s] running install_egg_info
[3.221s] removing '/home/voltamon48/ros_test/install/data_interface_bridge/lib/python3.12/site-packages/data_interface_bridge-0.0.0-py3.12.egg-info' (and everything under it)
[3.222s] Copying ../../build/data_interface_bridge/data_interface_bridge.egg-info to /home/voltamon48/ros_test/install/data_interface_bridge/lib/python3.12/site-packages/data_interface_bridge-0.0.0-py3.12.egg-info
[3.224s] running install_scripts
[3.570s] Installing pub script to /home/voltamon48/ros_test/install/data_interface_bridge/lib/data_interface_bridge
[3.572s] Installing sub script to /home/voltamon48/ros_test/install/data_interface_bridge/lib/data_interface_bridge
[3.573s] writing list of installed files to '/home/voltamon48/ros_test/build/data_interface_bridge/install.log'
[3.692s] Invoked command in '/home/voltamon48/ros_test/src/data_interface_bridge' returned '0': DEBUGINFOD_URLS=https://debuginfod.ubuntu.com PYTHONPATH=/home/voltamon48/ros_test/build/data_interface_bridge/prefix_override:/usr/lib/python3/dist-packages/colcon_core/task/python/colcon_distutils_commands:/home/voltamon48/ros_test/install/data_interface_bridge/lib/python3.12/site-packages:${PYTHONPATH} /usr/bin/python3 -W ignore:setup.py install is deprecated -W ignore:easy_install command is deprecated setup.py egg_info --egg-base ../../build/data_interface_bridge build --build-base /home/voltamon48/ros_test/build/data_interface_bridge/build install --record /home/voltamon48/ros_test/build/data_interface_bridge/install.log --single-version-externally-managed install_data
