[0.012s] Invoking command in '/home/voltamon48/ros_test/build/rcl_utils': CMAKE_PREFIX_PATH=${CMAKE_PREFIX_PATH}:/home/voltamon48/ros_test/install/topic_activity:/home/voltamon48/ros_test/install/test_pkg:/home/voltamon48/ros_test/install/service_activity:/home/voltamon48/ros_test/install/launch_pkg:/home/voltamon48/ros_test/install/json_interfce_bridge:/home/voltamon48/ros_test/install/data_interface_bridge:/opt/ros/jazzy DEBUGINFOD_URLS=https://debuginfod.ubuntu.com /usr/bin/cmake --build /home/voltamon48/ros_test/build/rcl_utils -- -j8 -l8
[0.056s] [ 75%] [32mBuilding C object CMakeFiles/example.dir/src/main.c.o[0m
[0.056s] [ 75%] [32mBuilding C object CMakeFiles/example.dir/src/node.c.o[0m
[0.056s] [ 75%] [32mBuilding C object CMakeFiles/example.dir/src/ros.c.o[0m
[0.122s] [01m[K/home/voltamon48/ros_test/src/rcl_utils/src/node.c:[m[K In function ‘[01m[Kcreate_node[m[K’:
[0.122s] [01m[K/home/voltamon48/ros_test/src/rcl_utils/src/node.c:10:9:[m[K [01;31m[Kerror: [m[Kconversion to non-scalar type requested
[0.122s]    10 |         [01;31m[Kreturn[m[K (rcl_node_t) NULL;
[0.123s]       |         [01;31m[K^~~~~~[m[K
[0.123s] [01m[K/home/voltamon48/ros_test/src/rcl_utils/src/ros.c:[m[K In function ‘[01m[Kros_init[m[K’:
[0.123s] [01m[K/home/voltamon48/ros_test/src/rcl_utils/src/ros.c:5:53:[m[K [01;31m[Kerror: [m[Kexpected ‘[01m[K;[m[K’ before ‘[01m[Kros[m[K’
[0.123s]     5 |     ros.context = rcl_get_zero_initialized_context()
[0.123s]       |                                                     [01;31m[K^[m[K
[0.123s]       |                                                     [32m[K;[m[K
[0.124s]     6 |     [32m[Kros[m[K.init_options = rcl_get_zero_initialized_init_options();
[0.124s]       |     [32m[K~~~[m[K                                              
[0.124s] [01m[K/home/voltamon48/ros_test/src/rcl_utils/src/main.c:[m[K In function ‘[01m[Kmain[m[K’:
[0.125s] [01m[K/home/voltamon48/ros_test/src/rcl_utils/src/main.c:5:32:[m[K [01;35m[Kwarning: [m[Kpassing argument 2 of ‘[01m[Kros_init[m[K’ from incompatible pointer type [[01;35m[K]8;;https://gcc.gnu.org/onlinedocs/gcc/Warning-Options.html#index-Wincompatible-pointer-types-Wincompatible-pointer-types]8;;[m[K]
[0.125s]     5 |     ros_t ros = ros_init(argc, [01;35m[Kargv[m[K);
[0.125s]       |                                [01;35m[K^~~~[m[K
[0.125s]       |                                [01;35m[K|[m[K
[0.125s]       |                                [01;35m[Kchar **[m[K
[0.126s] In file included from [01m[K/home/voltamon48/ros_test/src/rcl_utils/src/main.c:1[m[K:
[0.126s] [01m[K/home/voltamon48/ros_test/src/rcl_utils/include/rcl_utils/ros.h:12:45:[m[K [01;36m[Knote: [m[Kexpected ‘[01m[Kconst char * const*[m[K’ but argument is of type ‘[01m[Kchar **[m[K’
[0.126s]    12 | ros_t ros_init(int argc, [01;36m[Kconst char *const *argv[m[K);
[0.126s]       |                          [01;36m[K~~~~~~~~~~~~~~~~~~~^~~~[m[K
[0.126s] [01m[K/home/voltamon48/ros_test/src/rcl_utils/src/ros.c:9:5:[m[K [01;31m[Kerror: [m[Kunknown type name ‘[01m[Kros_allocator_t[m[K’; did you mean ‘[01m[Krcl_allocator_t[m[K’?
[0.126s]     9 |     [01;31m[Kros_allocator_t[m[K alloc = rcl_get_default_allocator();
[0.127s]       |     [01;31m[K^~~~~~~~~~~~~~~[m[K
[0.127s]       |     [32m[Krcl_allocator_t[m[K
[0.127s] [01m[K/home/voltamon48/ros_test/src/rcl_utils/src/ros.c:9:29:[m[K [01;31m[Kerror: [m[Kincompatible types when initializing type ‘[01m[Kint[m[K’ using type ‘[01m[Krcutils_allocator_t[m[K’ {aka ‘[01m[Kstruct rcutils_allocator_s[m[K’}
[0.127s]     9 |     ros_allocator_t alloc = [01;31m[Krcl_get_default_allocator[m[K();
[0.127s]       |                             [01;31m[K^~~~~~~~~~~~~~~~~~~~~~~~~[m[K
[0.127s] [01m[K/home/voltamon48/ros_test/src/rcl_utils/src/ros.c:11:52:[m[K [01;31m[Kerror: [m[Kincompatible type for argument 2 of ‘[01m[Krcl_init_options_init[m[K’
[0.127s]    11 |     ret = rcl_init_options_init(&ros.init_options, [01;31m[Kalloc[m[K);
[0.127s]       |                                                    [01;31m[K^~~~~[m[K
[0.128s]       |                                                    [01;31m[K|[m[K
[0.128s]       |                                                    [01;31m[Kint[m[K
[0.128s] In file included from [01m[K/opt/ros/jazzy/include/rcl/rcl/context.h:29[m[K,
[0.128s]                  from [01m[K/opt/ros/jazzy/include/rcl/rcl/init.h:26[m[K,
[0.128s]                  from [01m[K/opt/ros/jazzy/include/rcl/rcl/rcl.h:76[m[K,
[0.128s]                  from [01m[K/home/voltamon48/ros_test/src/rcl_utils/include/rcl_utils/ros.h:4[m[K,
[0.128s]                  from [01m[K/home/voltamon48/ros_test/src/rcl_utils/src/ros.c:1[m[K:
[0.128s] [01m[K/opt/ros/jazzy/include/rcl/rcl/init_options.h:75:74:[m[K [01;36m[Knote: [m[Kexpected ‘[01m[Krcl_allocator_t[m[K’ {aka ‘[01m[Kstruct rcutils_allocator_s[m[K’} but argument is of type ‘[01m[Kint[m[K’
[0.128s]    75 | rcl_init_options_init(rcl_init_options_t * init_options, [01;36m[Krcl_allocator_t allocator[m[K);
[0.128s]       |                                                          [01;36m[K~~~~~~~~~~~~~~~~^~~~~~~~~[m[K
[0.128s] [01m[K/home/voltamon48/ros_test/src/rcl_utils/src/ros.c:14:9:[m[K [01;31m[Kerror: [m[Kconversion to non-scalar type requested
[0.128s]    14 |         [01;31m[Kreturn[m[K (ros_t) NULL;
[0.129s]       |         [01;31m[K^~~~~~[m[K
[0.129s] [01m[K/home/voltamon48/ros_test/src/rcl_utils/src/ros.c:20:9:[m[K [01;31m[Kerror: [m[Kconversion to non-scalar type requested
[0.129s]    20 |         [01;31m[Kreturn[m[K (ros_t) NULL;
[0.129s]       |         [01;31m[K^~~~~~[m[K
[0.129s] gmake[2]: *** [CMakeFiles/example.dir/build.make:104: CMakeFiles/example.dir/src/node.c.o] Error 1
[0.129s] gmake[2]: *** Waiting for unfinished jobs....
[0.129s] gmake[2]: *** [CMakeFiles/example.dir/build.make:90: CMakeFiles/example.dir/src/ros.c.o] Error 1
[0.139s] gmake[1]: *** [CMakeFiles/Makefile2:137: CMakeFiles/example.dir/all] Error 2
[0.139s] gmake: *** [Makefile:146: all] Error 2
[0.141s] Invoked command in '/home/voltamon48/ros_test/build/rcl_utils' returned '2': CMAKE_PREFIX_PATH=${CMAKE_PREFIX_PATH}:/home/voltamon48/ros_test/install/topic_activity:/home/voltamon48/ros_test/install/test_pkg:/home/voltamon48/ros_test/install/service_activity:/home/voltamon48/ros_test/install/launch_pkg:/home/voltamon48/ros_test/install/json_interfce_bridge:/home/voltamon48/ros_test/install/data_interface_bridge:/opt/ros/jazzy DEBUGINFOD_URLS=https://debuginfod.ubuntu.com /usr/bin/cmake --build /home/voltamon48/ros_test/build/rcl_utils -- -j8 -l8
